[0.112s] Invoking command in '/home/yolo/ros_practice_ws/build/turtlesim_pose': CMAKE_PREFIX_PATH=/opt/ros/humble /usr/bin/cmake /home/yolo/ros_practice_ws/src/turtlesim_pose -DCMAKE_INSTALL_PREFIX=/home/yolo/ros_practice_ws/install/turtlesim_pose
[0.306s] -- The C compiler identification is GNU 11.4.0
[0.490s] -- The CXX compiler identification is GNU 11.4.0
[0.510s] -- Detecting C compiler ABI info
[0.650s] -- Detecting C compiler ABI info - done
[0.662s] -- Check for working C compiler: /usr/bin/cc - skipped
[0.663s] -- Detecting C compile features
[0.664s] -- Detecting C compile features - done
[0.669s] -- Detecting CXX compiler ABI info
[0.799s] -- Detecting CXX compiler ABI info - done
[0.820s] -- Check for working CXX compiler: /usr/bin/c++ - skipped
[0.820s] -- Detecting CXX compile features
[0.822s] -- Detecting CXX compile features - done
[0.836s] -- Found ament_cmake: 1.3.10 (/opt/ros/humble/share/ament_cmake/cmake)
[1.071s] -- Found Python3: /usr/bin/python3 (found version "3.10.12") found components: Interpreter 
[1.216s] -- Found rclcpp: 16.0.10 (/opt/ros/humble/share/rclcpp/cmake)
[1.302s] -- Found rosidl_generator_c: 3.1.5 (/opt/ros/humble/share/rosidl_generator_c/cmake)
[1.312s] -- Found rosidl_adapter: 3.1.5 (/opt/ros/humble/share/rosidl_adapter/cmake)
[1.326s] -- Found rosidl_generator_cpp: 3.1.5 (/opt/ros/humble/share/rosidl_generator_cpp/cmake)
[1.354s] -- Using all available rosidl_typesupport_c: rosidl_typesupport_fastrtps_c;rosidl_typesupport_introspection_c
[1.380s] -- Using all available rosidl_typesupport_cpp: rosidl_typesupport_fastrtps_cpp;rosidl_typesupport_introspection_cpp
[1.449s] -- Found rmw_implementation_cmake: 6.1.2 (/opt/ros/humble/share/rmw_implementation_cmake/cmake)
[1.454s] -- Found rmw_cyclonedds_cpp: 1.3.4 (/opt/ros/humble/share/rmw_cyclonedds_cpp/cmake)
[1.491s] -- Using RMW implementation 'rmw_cyclonedds_cpp' as default
[1.510s] -- Looking for pthread.h
[1.659s] -- Looking for pthread.h - found
[1.659s] -- Performing Test CMAKE_HAVE_LIBC_PTHREAD
[1.767s] -- Performing Test CMAKE_HAVE_LIBC_PTHREAD - Success
[1.768s] -- Found Threads: TRUE  
[1.858s] -- Found turtlesim: 1.4.2 (/opt/ros/humble/share/turtlesim/cmake)
[1.914s] [31mCMake Error at CMakeLists.txt:22 (install):
[1.914s]   install DIRECTORY given no DESTINATION!
[1.914s] 
[1.914s] [0m
[1.916s] -- Found ament_lint_auto: 0.12.11 (/opt/ros/humble/share/ament_lint_auto/cmake)
[2.051s] -- Added test 'cppcheck' to perform static code analysis on C / C++ code
[2.052s] -- Configured cppcheck include dirs: /home/yolo/ros_practice_ws/src/turtlesim_pose/include
[2.052s] -- Configured cppcheck exclude dirs and/or files: 
[2.054s] -- Added test 'lint_cmake' to check CMake code style
[2.057s] -- Added test 'uncrustify' to check C / C++ code style
[2.057s] -- Configured uncrustify additional arguments: 
[2.058s] -- Added test 'xmllint' to check XML markup files
[2.060s] -- Configuring incomplete, errors occurred!
[2.060s] See also "/home/yolo/ros_practice_ws/build/turtlesim_pose/CMakeFiles/CMakeOutput.log".
[2.072s] Invoked command in '/home/yolo/ros_practice_ws/build/turtlesim_pose' returned '1': CMAKE_PREFIX_PATH=/opt/ros/humble /usr/bin/cmake /home/yolo/ros_practice_ws/src/turtlesim_pose -DCMAKE_INSTALL_PREFIX=/home/yolo/ros_practice_ws/install/turtlesim_pose
