[2.674s] DEBUG:colcon:Command line arguments: ['/home/yolo/.local/bin/colcon', 'build']
[2.674s] DEBUG:colcon:Parsed command line arguments: Namespace(log_base=None, log_level=None, verb_name='build', build_base='build', install_base='install', merge_install=False, symlink_install=False, test_result_base=None, continue_on_error=False, executor='parallel', parallel_workers=4, event_handlers=None, ignore_user_meta=False, metas=['./colcon.meta'], base_paths=['.'], packages_ignore=None, packages_ignore_regex=None, paths=None, packages_up_to=None, packages_up_to_regex=None, packages_above=None, packages_above_and_dependencies=None, packages_above_depth=None, packages_select_by_dep=None, packages_skip_by_dep=None, packages_skip_up_to=None, packages_select_build_failed=False, packages_skip_build_finished=False, packages_select_test_failures=False, packages_skip_test_passed=False, packages_select=None, packages_skip=None, packages_select_regex=None, packages_skip_regex=None, packages_start=None, packages_end=None, allow_overriding=[], cmake_args=None, cmake_target=None, cmake_target_skip_unavailable=False, cmake_clean_cache=False, cmake_clean_first=False, cmake_force_configure=False, ament_cmake_args=None, catkin_cmake_args=None, catkin_skip_building_tests=False, mixin_files=None, mixin=None, verb_parser=<colcon_mixin.mixin.mixin_argument.MixinArgumentDecorator object at 0x78ba4d659c90>, verb_extension=<colcon_core.verb.build.BuildVerb object at 0x78ba4d6582e0>, main=<bound method BuildVerb.main of <colcon_core.verb.build.BuildVerb object at 0x78ba4d6582e0>>, mixin_verb=('build',))
[2.769s] Level 1:colcon.colcon_core.package_discovery:discover_packages(colcon_meta) check parameters
[2.769s] Level 1:colcon.colcon_core.package_discovery:discover_packages(recursive) check parameters
[2.769s] Level 1:colcon.colcon_core.package_discovery:discover_packages(ignore) check parameters
[2.769s] Level 1:colcon.colcon_core.package_discovery:discover_packages(path) check parameters
[2.769s] Level 1:colcon.colcon_core.package_discovery:discover_packages(colcon_meta) discover
[2.769s] Level 1:colcon.colcon_core.package_discovery:discover_packages(recursive) discover
[2.769s] INFO:colcon.colcon_core.package_discovery:Crawling recursively for packages in '/home/yolo/ros_practice_ws'
[2.769s] Level 1:colcon.colcon_core.package_identification:_identify(.) by extensions ['ignore', 'ignore_ament_install']
[2.769s] Level 1:colcon.colcon_core.package_identification:_identify(.) by extension 'ignore'
[2.769s] Level 1:colcon.colcon_core.package_identification:_identify(.) by extension 'ignore_ament_install'
[2.770s] Level 1:colcon.colcon_core.package_identification:_identify(.) by extensions ['colcon_pkg']
[2.770s] Level 1:colcon.colcon_core.package_identification:_identify(.) by extension 'colcon_pkg'
[2.770s] Level 1:colcon.colcon_core.package_identification:_identify(.) by extensions ['colcon_meta']
[2.770s] Level 1:colcon.colcon_core.package_identification:_identify(.) by extension 'colcon_meta'
[2.770s] Level 1:colcon.colcon_core.package_identification:_identify(.) by extensions ['ros']
[2.770s] Level 1:colcon.colcon_core.package_identification:_identify(.) by extension 'ros'
[2.806s] Level 1:colcon.colcon_core.package_identification:_identify(.) by extensions ['cmake', 'python']
[2.807s] Level 1:colcon.colcon_core.package_identification:_identify(.) by extension 'cmake'
[2.807s] Level 1:colcon.colcon_core.package_identification:_identify(.) by extension 'python'
[2.807s] Level 1:colcon.colcon_core.package_identification:_identify(.) by extensions ['python_setup_py']
[2.807s] Level 1:colcon.colcon_core.package_identification:_identify(.) by extension 'python_setup_py'
[2.807s] Level 1:colcon.colcon_core.package_identification:_identify(build) by extensions ['ignore', 'ignore_ament_install']
[2.807s] Level 1:colcon.colcon_core.package_identification:_identify(build) by extension 'ignore'
[2.807s] Level 1:colcon.colcon_core.package_identification:_identify(build) ignored
[2.807s] Level 1:colcon.colcon_core.package_identification:_identify(install) by extensions ['ignore', 'ignore_ament_install']
[2.808s] Level 1:colcon.colcon_core.package_identification:_identify(install) by extension 'ignore'
[2.808s] Level 1:colcon.colcon_core.package_identification:_identify(install) ignored
[2.808s] Level 1:colcon.colcon_core.package_identification:_identify(log) by extensions ['ignore', 'ignore_ament_install']
[2.808s] Level 1:colcon.colcon_core.package_identification:_identify(log) by extension 'ignore'
[2.808s] Level 1:colcon.colcon_core.package_identification:_identify(log) ignored
[2.808s] Level 1:colcon.colcon_core.package_identification:_identify(src) by extensions ['ignore', 'ignore_ament_install']
[2.808s] Level 1:colcon.colcon_core.package_identification:_identify(src) by extension 'ignore'
[2.808s] Level 1:colcon.colcon_core.package_identification:_identify(src) by extension 'ignore_ament_install'
[2.808s] Level 1:colcon.colcon_core.package_identification:_identify(src) by extensions ['colcon_pkg']
[2.808s] Level 1:colcon.colcon_core.package_identification:_identify(src) by extension 'colcon_pkg'
[2.808s] Level 1:colcon.colcon_core.package_identification:_identify(src) by extensions ['colcon_meta']
[2.808s] Level 1:colcon.colcon_core.package_identification:_identify(src) by extension 'colcon_meta'
[2.808s] Level 1:colcon.colcon_core.package_identification:_identify(src) by extensions ['ros']
[2.808s] Level 1:colcon.colcon_core.package_identification:_identify(src) by extension 'ros'
[2.809s] Level 1:colcon.colcon_core.package_identification:_identify(src) by extensions ['cmake', 'python']
[2.809s] Level 1:colcon.colcon_core.package_identification:_identify(src) by extension 'cmake'
[2.809s] Level 1:colcon.colcon_core.package_identification:_identify(src) by extension 'python'
[2.809s] Level 1:colcon.colcon_core.package_identification:_identify(src) by extensions ['python_setup_py']
[2.809s] Level 1:colcon.colcon_core.package_identification:_identify(src) by extension 'python_setup_py'
[2.809s] Level 1:colcon.colcon_core.package_identification:_identify(src/new_practice_bringup) by extensions ['ignore', 'ignore_ament_install']
[2.809s] Level 1:colcon.colcon_core.package_identification:_identify(src/new_practice_bringup) by extension 'ignore'
[2.809s] Level 1:colcon.colcon_core.package_identification:_identify(src/new_practice_bringup) by extension 'ignore_ament_install'
[2.809s] Level 1:colcon.colcon_core.package_identification:_identify(src/new_practice_bringup) by extensions ['colcon_pkg']
[2.809s] Level 1:colcon.colcon_core.package_identification:_identify(src/new_practice_bringup) by extension 'colcon_pkg'
[2.809s] Level 1:colcon.colcon_core.package_identification:_identify(src/new_practice_bringup) by extensions ['colcon_meta']
[2.809s] Level 1:colcon.colcon_core.package_identification:_identify(src/new_practice_bringup) by extension 'colcon_meta'
[2.810s] Level 1:colcon.colcon_core.package_identification:_identify(src/new_practice_bringup) by extensions ['ros']
[2.810s] Level 1:colcon.colcon_core.package_identification:_identify(src/new_practice_bringup) by extension 'ros'
[2.814s] DEBUG:colcon.colcon_core.package_identification:Package 'src/new_practice_bringup' with type 'ros.ament_cmake' and name 'new_practice_bringup'
[2.814s] Level 1:colcon.colcon_core.package_identification:_identify(src/new_robot_description) by extensions ['ignore', 'ignore_ament_install']
[2.814s] Level 1:colcon.colcon_core.package_identification:_identify(src/new_robot_description) by extension 'ignore'
[2.814s] Level 1:colcon.colcon_core.package_identification:_identify(src/new_robot_description) by extension 'ignore_ament_install'
[2.815s] Level 1:colcon.colcon_core.package_identification:_identify(src/new_robot_description) by extensions ['colcon_pkg']
[2.815s] Level 1:colcon.colcon_core.package_identification:_identify(src/new_robot_description) by extension 'colcon_pkg'
[2.815s] Level 1:colcon.colcon_core.package_identification:_identify(src/new_robot_description) by extensions ['colcon_meta']
[2.815s] Level 1:colcon.colcon_core.package_identification:_identify(src/new_robot_description) by extension 'colcon_meta'
[2.815s] Level 1:colcon.colcon_core.package_identification:_identify(src/new_robot_description) by extensions ['ros']
[2.815s] Level 1:colcon.colcon_core.package_identification:_identify(src/new_robot_description) by extension 'ros'
[2.816s] DEBUG:colcon.colcon_core.package_identification:Package 'src/new_robot_description' with type 'ros.ament_cmake' and name 'new_robot_description'
[2.816s] Level 1:colcon.colcon_core.package_identification:_identify(src/turtlesim_pose) by extensions ['ignore', 'ignore_ament_install']
[2.816s] Level 1:colcon.colcon_core.package_identification:_identify(src/turtlesim_pose) by extension 'ignore'
[2.816s] Level 1:colcon.colcon_core.package_identification:_identify(src/turtlesim_pose) by extension 'ignore_ament_install'
[2.816s] Level 1:colcon.colcon_core.package_identification:_identify(src/turtlesim_pose) by extensions ['colcon_pkg']
[2.816s] Level 1:colcon.colcon_core.package_identification:_identify(src/turtlesim_pose) by extension 'colcon_pkg'
[2.816s] Level 1:colcon.colcon_core.package_identification:_identify(src/turtlesim_pose) by extensions ['colcon_meta']
[2.816s] Level 1:colcon.colcon_core.package_identification:_identify(src/turtlesim_pose) by extension 'colcon_meta'
[2.816s] Level 1:colcon.colcon_core.package_identification:_identify(src/turtlesim_pose) by extensions ['ros']
[2.816s] Level 1:colcon.colcon_core.package_identification:_identify(src/turtlesim_pose) by extension 'ros'
[2.817s] DEBUG:colcon.colcon_core.package_identification:Package 'src/turtlesim_pose' with type 'ros.ament_cmake' and name 'turtlesim_pose'
[2.817s] Level 1:colcon.colcon_core.package_discovery:discover_packages(recursive) using defaults
[2.817s] Level 1:colcon.colcon_core.package_discovery:discover_packages(ignore) discover
[2.817s] Level 1:colcon.colcon_core.package_discovery:discover_packages(ignore) using defaults
[2.817s] Level 1:colcon.colcon_core.package_discovery:discover_packages(path) discover
[2.817s] Level 1:colcon.colcon_core.package_discovery:discover_packages(path) using defaults
[2.994s] Level 1:colcon.colcon_core.package_discovery:discover_packages(prefix_path) check parameters
[2.994s] Level 1:colcon.colcon_core.package_discovery:discover_packages(prefix_path) discover
[3.067s] DEBUG:colcon.colcon_installed_package_information.package_discovery:Found 397 installed packages in /opt/ros/humble
[3.070s] Level 1:colcon.colcon_core.package_discovery:discover_packages(prefix_path) using defaults
[3.243s] Level 5:colcon.colcon_core.verb:set package 'new_practice_bringup' build argument 'cmake_args' from command line to 'None'
[3.243s] Level 5:colcon.colcon_core.verb:set package 'new_practice_bringup' build argument 'cmake_target' from command line to 'None'
[3.243s] Level 5:colcon.colcon_core.verb:set package 'new_practice_bringup' build argument 'cmake_target_skip_unavailable' from command line to 'False'
[3.243s] Level 5:colcon.colcon_core.verb:set package 'new_practice_bringup' build argument 'cmake_clean_cache' from command line to 'False'
[3.243s] Level 5:colcon.colcon_core.verb:set package 'new_practice_bringup' build argument 'cmake_clean_first' from command line to 'False'
[3.243s] Level 5:colcon.colcon_core.verb:set package 'new_practice_bringup' build argument 'cmake_force_configure' from command line to 'False'
[3.243s] Level 5:colcon.colcon_core.verb:set package 'new_practice_bringup' build argument 'ament_cmake_args' from command line to 'None'
[3.243s] Level 5:colcon.colcon_core.verb:set package 'new_practice_bringup' build argument 'catkin_cmake_args' from command line to 'None'
[3.243s] Level 5:colcon.colcon_core.verb:set package 'new_practice_bringup' build argument 'catkin_skip_building_tests' from command line to 'False'
[3.243s] DEBUG:colcon.colcon_core.verb:Building package 'new_practice_bringup' with the following arguments: {'ament_cmake_args': None, 'build_base': '/home/yolo/ros_practice_ws/build/new_practice_bringup', 'catkin_cmake_args': None, 'catkin_skip_building_tests': False, 'cmake_args': None, 'cmake_clean_cache': False, 'cmake_clean_first': False, 'cmake_force_configure': False, 'cmake_target': None, 'cmake_target_skip_unavailable': False, 'install_base': '/home/yolo/ros_practice_ws/install/new_practice_bringup', 'merge_install': False, 'path': '/home/yolo/ros_practice_ws/src/new_practice_bringup', 'symlink_install': False, 'test_result_base': None}
[3.273s] Level 5:colcon.colcon_core.verb:set package 'new_robot_description' build argument 'cmake_args' from command line to 'None'
[3.273s] Level 5:colcon.colcon_core.verb:set package 'new_robot_description' build argument 'cmake_target' from command line to 'None'
[3.273s] Level 5:colcon.colcon_core.verb:set package 'new_robot_description' build argument 'cmake_target_skip_unavailable' from command line to 'False'
[3.273s] Level 5:colcon.colcon_core.verb:set package 'new_robot_description' build argument 'cmake_clean_cache' from command line to 'False'
[3.273s] Level 5:colcon.colcon_core.verb:set package 'new_robot_description' build argument 'cmake_clean_first' from command line to 'False'
[3.273s] Level 5:colcon.colcon_core.verb:set package 'new_robot_description' build argument 'cmake_force_configure' from command line to 'False'
[3.273s] Level 5:colcon.colcon_core.verb:set package 'new_robot_description' build argument 'ament_cmake_args' from command line to 'None'
[3.274s] Level 5:colcon.colcon_core.verb:set package 'new_robot_description' build argument 'catkin_cmake_args' from command line to 'None'
[3.274s] Level 5:colcon.colcon_core.verb:set package 'new_robot_description' build argument 'catkin_skip_building_tests' from command line to 'False'
[3.274s] DEBUG:colcon.colcon_core.verb:Building package 'new_robot_description' with the following arguments: {'ament_cmake_args': None, 'build_base': '/home/yolo/ros_practice_ws/build/new_robot_description', 'catkin_cmake_args': None, 'catkin_skip_building_tests': False, 'cmake_args': None, 'cmake_clean_cache': False, 'cmake_clean_first': False, 'cmake_force_configure': False, 'cmake_target': None, 'cmake_target_skip_unavailable': False, 'install_base': '/home/yolo/ros_practice_ws/install/new_robot_description', 'merge_install': False, 'path': '/home/yolo/ros_practice_ws/src/new_robot_description', 'symlink_install': False, 'test_result_base': None}
[3.304s] Level 5:colcon.colcon_core.verb:set package 'turtlesim_pose' build argument 'cmake_args' from command line to 'None'
[3.304s] Level 5:colcon.colcon_core.verb:set package 'turtlesim_pose' build argument 'cmake_target' from command line to 'None'
[3.304s] Level 5:colcon.colcon_core.verb:set package 'turtlesim_pose' build argument 'cmake_target_skip_unavailable' from command line to 'False'
[3.304s] Level 5:colcon.colcon_core.verb:set package 'turtlesim_pose' build argument 'cmake_clean_cache' from command line to 'False'
[3.304s] Level 5:colcon.colcon_core.verb:set package 'turtlesim_pose' build argument 'cmake_clean_first' from command line to 'False'
[3.304s] Level 5:colcon.colcon_core.verb:set package 'turtlesim_pose' build argument 'cmake_force_configure' from command line to 'False'
[3.304s] Level 5:colcon.colcon_core.verb:set package 'turtlesim_pose' build argument 'ament_cmake_args' from command line to 'None'
[3.304s] Level 5:colcon.colcon_core.verb:set package 'turtlesim_pose' build argument 'catkin_cmake_args' from command line to 'None'
[3.304s] Level 5:colcon.colcon_core.verb:set package 'turtlesim_pose' build argument 'catkin_skip_building_tests' from command line to 'False'
[3.304s] DEBUG:colcon.colcon_core.verb:Building package 'turtlesim_pose' with the following arguments: {'ament_cmake_args': None, 'build_base': '/home/yolo/ros_practice_ws/build/turtlesim_pose', 'catkin_cmake_args': None, 'catkin_skip_building_tests': False, 'cmake_args': None, 'cmake_clean_cache': False, 'cmake_clean_first': False, 'cmake_force_configure': False, 'cmake_target': None, 'cmake_target_skip_unavailable': False, 'install_base': '/home/yolo/ros_practice_ws/install/turtlesim_pose', 'merge_install': False, 'path': '/home/yolo/ros_practice_ws/src/turtlesim_pose', 'symlink_install': False, 'test_result_base': None}
[3.334s] INFO:colcon.colcon_core.executor:Executing jobs using 'parallel' executor
[3.365s] DEBUG:colcon.colcon_parallel_executor.executor.parallel:run_until_complete
[3.365s] INFO:colcon.colcon_ros.task.ament_cmake.build:Building ROS package in '/home/yolo/ros_practice_ws/src/new_practice_bringup' with build type 'ament_cmake'
[3.365s] INFO:colcon.colcon_cmake.task.cmake.build:Building CMake package in '/home/yolo/ros_practice_ws/src/new_practice_bringup'
[3.405s] INFO:colcon.colcon_core.plugin_system:Skipping extension 'colcon_core.shell.bat': Not used on non-Windows systems
[3.406s] INFO:colcon.colcon_core.shell:Skip shell extension 'powershell' for command environment: Not usable outside of PowerShell
[3.406s] DEBUG:colcon.colcon_core.shell:Skip shell extension 'dsv' for command environment
[3.472s] INFO:colcon.colcon_ros.task.ament_cmake.build:Building ROS package in '/home/yolo/ros_practice_ws/src/new_robot_description' with build type 'ament_cmake'
[3.472s] INFO:colcon.colcon_cmake.task.cmake.build:Building CMake package in '/home/yolo/ros_practice_ws/src/new_robot_description'
[3.504s] INFO:colcon.colcon_core.shell:Skip shell extension 'powershell' for command environment: Not usable outside of PowerShell
[3.504s] DEBUG:colcon.colcon_core.shell:Skip shell extension 'dsv' for command environment
[3.570s] INFO:colcon.colcon_ros.task.ament_cmake.build:Building ROS package in '/home/yolo/ros_practice_ws/src/turtlesim_pose' with build type 'ament_cmake'
[3.571s] INFO:colcon.colcon_cmake.task.cmake.build:Building CMake package in '/home/yolo/ros_practice_ws/src/turtlesim_pose'
[3.604s] INFO:colcon.colcon_core.shell:Skip shell extension 'powershell' for command environment: Not usable outside of PowerShell
[3.604s] DEBUG:colcon.colcon_core.shell:Skip shell extension 'dsv' for command environment
[3.673s] DEBUG:colcon.colcon_core.event_handler.log_command:Invoking command in '/home/yolo/ros_practice_ws/build/new_practice_bringup': CMAKE_PREFIX_PATH=/opt/ros/humble /usr/bin/cmake --build /home/yolo/ros_practice_ws/build/new_practice_bringup -- -j4 -l4
[3.678s] DEBUG:colcon.colcon_core.event_handler.log_command:Invoking command in '/home/yolo/ros_practice_ws/build/new_robot_description': CMAKE_PREFIX_PATH=/opt/ros/humble /usr/bin/cmake --build /home/yolo/ros_practice_ws/build/new_robot_description -- -j4 -l4
[3.689s] DEBUG:colcon.colcon_core.event_handler.log_command:Invoking command in '/home/yolo/ros_practice_ws/build/turtlesim_pose': CMAKE_PREFIX_PATH=/opt/ros/humble /usr/bin/cmake --build /home/yolo/ros_practice_ws/build/turtlesim_pose -- -j4 -l4
[3.749s] DEBUG:colcon.colcon_core.event_handler.log_command:Invoked command in '/home/yolo/ros_practice_ws/build/new_practice_bringup' returned '0': CMAKE_PREFIX_PATH=/opt/ros/humble /usr/bin/cmake --build /home/yolo/ros_practice_ws/build/new_practice_bringup -- -j4 -l4
[3.751s] DEBUG:colcon.colcon_core.event_handler.log_command:Invoked command in '/home/yolo/ros_practice_ws/build/new_robot_description' returned '0': CMAKE_PREFIX_PATH=/opt/ros/humble /usr/bin/cmake --build /home/yolo/ros_practice_ws/build/new_robot_description -- -j4 -l4
[3.806s] DEBUG:colcon.colcon_core.event_handler.log_command:Invoking command in '/home/yolo/ros_practice_ws/build/new_practice_bringup': CMAKE_PREFIX_PATH=/opt/ros/humble /usr/bin/cmake --install /home/yolo/ros_practice_ws/build/new_practice_bringup
[3.810s] DEBUG:colcon.colcon_core.event_handler.log_command:Invoking command in '/home/yolo/ros_practice_ws/build/new_robot_description': CMAKE_PREFIX_PATH=/opt/ros/humble /usr/bin/cmake --install /home/yolo/ros_practice_ws/build/new_robot_description
[3.849s] Level 1:colcon.colcon_core.environment:create_environment_scripts_only(new_practice_bringup)
[3.850s] DEBUG:colcon.colcon_core.event_handler.log_command:Invoked command in '/home/yolo/ros_practice_ws/build/new_practice_bringup' returned '0': CMAKE_PREFIX_PATH=/opt/ros/humble /usr/bin/cmake --install /home/yolo/ros_practice_ws/build/new_practice_bringup
[3.894s] Level 1:colcon.colcon_core.environment:checking '/home/yolo/ros_practice_ws/install/new_practice_bringup' for CMake module files
[3.895s] Level 1:colcon.colcon_core.environment:checking '/home/yolo/ros_practice_ws/install/new_practice_bringup' for CMake config files
[3.897s] Level 1:colcon.colcon_core.shell:create_environment_hook('new_practice_bringup', 'cmake_prefix_path')
[3.931s] INFO:colcon.colcon_core.shell:Creating environment hook '/home/yolo/ros_practice_ws/install/new_practice_bringup/share/new_practice_bringup/hook/cmake_prefix_path.ps1'
[3.932s] INFO:colcon.colcon_core.shell:Creating environment descriptor '/home/yolo/ros_practice_ws/install/new_practice_bringup/share/new_practice_bringup/hook/cmake_prefix_path.dsv'
[3.932s] INFO:colcon.colcon_core.shell:Creating environment hook '/home/yolo/ros_practice_ws/install/new_practice_bringup/share/new_practice_bringup/hook/cmake_prefix_path.sh'
[3.933s] Level 1:colcon.colcon_core.environment:checking '/home/yolo/ros_practice_ws/install/new_practice_bringup/bin'
[3.934s] Level 1:colcon.colcon_core.environment:checking '/home/yolo/ros_practice_ws/install/new_practice_bringup/lib/pkgconfig/new_practice_bringup.pc'
[3.934s] Level 1:colcon.colcon_core.environment:checking '/home/yolo/ros_practice_ws/install/new_practice_bringup/lib/python3.10/site-packages'
[3.934s] Level 1:colcon.colcon_core.environment:checking '/home/yolo/ros_practice_ws/install/new_practice_bringup/bin'
[3.970s] INFO:colcon.colcon_core.shell:Creating package script '/home/yolo/ros_practice_ws/install/new_practice_bringup/share/new_practice_bringup/package.ps1'
[3.972s] INFO:colcon.colcon_core.shell:Creating package descriptor '/home/yolo/ros_practice_ws/install/new_practice_bringup/share/new_practice_bringup/package.dsv'
[3.973s] INFO:colcon.colcon_core.shell:Creating package script '/home/yolo/ros_practice_ws/install/new_practice_bringup/share/new_practice_bringup/package.sh'
[3.974s] INFO:colcon.colcon_core.shell:Creating package script '/home/yolo/ros_practice_ws/install/new_practice_bringup/share/new_practice_bringup/package.bash'
[3.975s] INFO:colcon.colcon_core.shell:Creating package script '/home/yolo/ros_practice_ws/install/new_practice_bringup/share/new_practice_bringup/package.zsh'
[3.976s] Level 1:colcon.colcon_core.environment:create_file_with_runtime_dependencies(/home/yolo/ros_practice_ws/install/new_practice_bringup/share/colcon-core/packages/new_practice_bringup)
[3.979s] Level 1:colcon.colcon_core.environment:create_environment_scripts_only(new_robot_description)
[3.980s] DEBUG:colcon.colcon_core.event_handler.log_command:Invoked command in '/home/yolo/ros_practice_ws/build/new_robot_description' returned '0': CMAKE_PREFIX_PATH=/opt/ros/humble /usr/bin/cmake --install /home/yolo/ros_practice_ws/build/new_robot_description
[4.019s] Level 1:colcon.colcon_core.environment:checking '/home/yolo/ros_practice_ws/install/new_robot_description' for CMake module files
[4.020s] Level 1:colcon.colcon_core.environment:checking '/home/yolo/ros_practice_ws/install/new_robot_description' for CMake config files
[4.021s] Level 1:colcon.colcon_core.shell:create_environment_hook('new_robot_description', 'cmake_prefix_path')
[4.060s] INFO:colcon.colcon_core.shell:Creating environment hook '/home/yolo/ros_practice_ws/install/new_robot_description/share/new_robot_description/hook/cmake_prefix_path.ps1'
[4.061s] INFO:colcon.colcon_core.shell:Creating environment descriptor '/home/yolo/ros_practice_ws/install/new_robot_description/share/new_robot_description/hook/cmake_prefix_path.dsv'
[4.062s] INFO:colcon.colcon_core.shell:Creating environment hook '/home/yolo/ros_practice_ws/install/new_robot_description/share/new_robot_description/hook/cmake_prefix_path.sh'
[4.063s] Level 1:colcon.colcon_core.environment:checking '/home/yolo/ros_practice_ws/install/new_robot_description/bin'
[4.063s] Level 1:colcon.colcon_core.environment:checking '/home/yolo/ros_practice_ws/install/new_robot_description/lib/pkgconfig/new_robot_description.pc'
[4.063s] Level 1:colcon.colcon_core.environment:checking '/home/yolo/ros_practice_ws/install/new_robot_description/lib/python3.10/site-packages'
[4.063s] Level 1:colcon.colcon_core.environment:checking '/home/yolo/ros_practice_ws/install/new_robot_description/bin'
[4.102s] INFO:colcon.colcon_core.shell:Creating package script '/home/yolo/ros_practice_ws/install/new_robot_description/share/new_robot_description/package.ps1'
[4.103s] INFO:colcon.colcon_core.shell:Creating package descriptor '/home/yolo/ros_practice_ws/install/new_robot_description/share/new_robot_description/package.dsv'
[4.104s] INFO:colcon.colcon_core.shell:Creating package script '/home/yolo/ros_practice_ws/install/new_robot_description/share/new_robot_description/package.sh'
[4.105s] INFO:colcon.colcon_core.shell:Creating package script '/home/yolo/ros_practice_ws/install/new_robot_description/share/new_robot_description/package.bash'
[4.105s] INFO:colcon.colcon_core.shell:Creating package script '/home/yolo/ros_practice_ws/install/new_robot_description/share/new_robot_description/package.zsh'
[4.106s] Level 1:colcon.colcon_core.environment:create_file_with_runtime_dependencies(/home/yolo/ros_practice_ws/install/new_robot_description/share/colcon-core/packages/new_robot_description)
[4.154s] Level 1:colcon.colcon_core.environment:create_environment_scripts_only(new_practice_bringup)
[4.189s] Level 1:colcon.colcon_core.environment:checking '/home/yolo/ros_practice_ws/install/new_practice_bringup' for CMake module files
[4.189s] Level 1:colcon.colcon_core.environment:checking '/home/yolo/ros_practice_ws/install/new_practice_bringup' for CMake config files
[4.190s] Level 1:colcon.colcon_core.shell:create_environment_hook('new_practice_bringup', 'cmake_prefix_path')
[4.222s] INFO:colcon.colcon_core.shell:Creating environment hook '/home/yolo/ros_practice_ws/install/new_practice_bringup/share/new_practice_bringup/hook/cmake_prefix_path.ps1'
[4.223s] INFO:colcon.colcon_core.shell:Creating environment descriptor '/home/yolo/ros_practice_ws/install/new_practice_bringup/share/new_practice_bringup/hook/cmake_prefix_path.dsv'
[4.223s] INFO:colcon.colcon_core.shell:Creating environment hook '/home/yolo/ros_practice_ws/install/new_practice_bringup/share/new_practice_bringup/hook/cmake_prefix_path.sh'
[4.224s] Level 1:colcon.colcon_core.environment:checking '/home/yolo/ros_practice_ws/install/new_practice_bringup/bin'
[4.224s] Level 1:colcon.colcon_core.environment:checking '/home/yolo/ros_practice_ws/install/new_practice_bringup/lib/pkgconfig/new_practice_bringup.pc'
[4.224s] Level 1:colcon.colcon_core.environment:checking '/home/yolo/ros_practice_ws/install/new_practice_bringup/lib/python3.10/site-packages'
[4.224s] Level 1:colcon.colcon_core.environment:checking '/home/yolo/ros_practice_ws/install/new_practice_bringup/bin'
[4.255s] INFO:colcon.colcon_core.shell:Creating package script '/home/yolo/ros_practice_ws/install/new_practice_bringup/share/new_practice_bringup/package.ps1'
[4.256s] INFO:colcon.colcon_core.shell:Creating package descriptor '/home/yolo/ros_practice_ws/install/new_practice_bringup/share/new_practice_bringup/package.dsv'
[4.256s] INFO:colcon.colcon_core.shell:Creating package script '/home/yolo/ros_practice_ws/install/new_practice_bringup/share/new_practice_bringup/package.sh'
[4.257s] INFO:colcon.colcon_core.shell:Creating package script '/home/yolo/ros_practice_ws/install/new_practice_bringup/share/new_practice_bringup/package.bash'
[4.257s] INFO:colcon.colcon_core.shell:Creating package script '/home/yolo/ros_practice_ws/install/new_practice_bringup/share/new_practice_bringup/package.zsh'
[4.258s] Level 1:colcon.colcon_core.environment:create_file_with_runtime_dependencies(/home/yolo/ros_practice_ws/install/new_practice_bringup/share/colcon-core/packages/new_practice_bringup)
[4.291s] Level 1:colcon.colcon_core.environment:create_environment_scripts_only(new_robot_description)
[4.320s] Level 1:colcon.colcon_core.environment:checking '/home/yolo/ros_practice_ws/install/new_robot_description' for CMake module files
[4.321s] Level 1:colcon.colcon_core.environment:checking '/home/yolo/ros_practice_ws/install/new_robot_description' for CMake config files
[4.322s] Level 1:colcon.colcon_core.shell:create_environment_hook('new_robot_description', 'cmake_prefix_path')
[4.352s] INFO:colcon.colcon_core.shell:Creating environment hook '/home/yolo/ros_practice_ws/install/new_robot_description/share/new_robot_description/hook/cmake_prefix_path.ps1'
[4.353s] INFO:colcon.colcon_core.shell:Creating environment descriptor '/home/yolo/ros_practice_ws/install/new_robot_description/share/new_robot_description/hook/cmake_prefix_path.dsv'
[4.353s] INFO:colcon.colcon_core.shell:Creating environment hook '/home/yolo/ros_practice_ws/install/new_robot_description/share/new_robot_description/hook/cmake_prefix_path.sh'
[4.354s] Level 1:colcon.colcon_core.environment:checking '/home/yolo/ros_practice_ws/install/new_robot_description/bin'
[4.354s] Level 1:colcon.colcon_core.environment:checking '/home/yolo/ros_practice_ws/install/new_robot_description/lib/pkgconfig/new_robot_description.pc'
[4.355s] Level 1:colcon.colcon_core.environment:checking '/home/yolo/ros_practice_ws/install/new_robot_description/lib/python3.10/site-packages'
[4.355s] Level 1:colcon.colcon_core.environment:checking '/home/yolo/ros_practice_ws/install/new_robot_description/bin'
[4.384s] INFO:colcon.colcon_core.shell:Creating package script '/home/yolo/ros_practice_ws/install/new_robot_description/share/new_robot_description/package.ps1'
[4.385s] INFO:colcon.colcon_core.shell:Creating package descriptor '/home/yolo/ros_practice_ws/install/new_robot_description/share/new_robot_description/package.dsv'
[4.386s] INFO:colcon.colcon_core.shell:Creating package script '/home/yolo/ros_practice_ws/install/new_robot_description/share/new_robot_description/package.sh'
[4.386s] INFO:colcon.colcon_core.shell:Creating package script '/home/yolo/ros_practice_ws/install/new_robot_description/share/new_robot_description/package.bash'
[4.387s] INFO:colcon.colcon_core.shell:Creating package script '/home/yolo/ros_practice_ws/install/new_robot_description/share/new_robot_description/package.zsh'
[4.387s] Level 1:colcon.colcon_core.environment:create_file_with_runtime_dependencies(/home/yolo/ros_practice_ws/install/new_robot_description/share/colcon-core/packages/new_robot_description)
[10.000s] DEBUG:colcon.colcon_core.event_handler.log_command:Invoked command in '/home/yolo/ros_practice_ws/build/turtlesim_pose' returned '2': CMAKE_PREFIX_PATH=/opt/ros/humble /usr/bin/cmake --build /home/yolo/ros_practice_ws/build/turtlesim_pose -- -j4 -l4
[10.072s] Level 1:colcon.colcon_core.environment:create_environment_scripts_only(turtlesim_pose)
[10.104s] Level 1:colcon.colcon_core.environment:checking '/home/yolo/ros_practice_ws/install/turtlesim_pose' for CMake module files
[10.104s] Level 1:colcon.colcon_core.environment:checking '/home/yolo/ros_practice_ws/install/turtlesim_pose' for CMake config files
[10.105s] Level 1:colcon.colcon_core.environment:checking '/home/yolo/ros_practice_ws/install/turtlesim_pose/bin'
[10.105s] Level 1:colcon.colcon_core.environment:checking '/home/yolo/ros_practice_ws/install/turtlesim_pose/lib/pkgconfig/turtlesim_pose.pc'
[10.105s] Level 1:colcon.colcon_core.environment:checking '/home/yolo/ros_practice_ws/install/turtlesim_pose/lib/python3.10/site-packages'
[10.105s] Level 1:colcon.colcon_core.environment:checking '/home/yolo/ros_practice_ws/install/turtlesim_pose/bin'
[10.138s] INFO:colcon.colcon_core.shell:Creating package script '/home/yolo/ros_practice_ws/install/turtlesim_pose/share/turtlesim_pose/package.ps1'
[10.139s] INFO:colcon.colcon_core.shell:Creating package descriptor '/home/yolo/ros_practice_ws/install/turtlesim_pose/share/turtlesim_pose/package.dsv'
[10.140s] INFO:colcon.colcon_core.shell:Creating package script '/home/yolo/ros_practice_ws/install/turtlesim_pose/share/turtlesim_pose/package.sh'
[10.140s] INFO:colcon.colcon_core.shell:Creating package script '/home/yolo/ros_practice_ws/install/turtlesim_pose/share/turtlesim_pose/package.bash'
[10.141s] INFO:colcon.colcon_core.shell:Creating package script '/home/yolo/ros_practice_ws/install/turtlesim_pose/share/turtlesim_pose/package.zsh'
[10.142s] Level 1:colcon.colcon_core.environment:create_file_with_runtime_dependencies(/home/yolo/ros_practice_ws/install/turtlesim_pose/share/colcon-core/packages/turtlesim_pose)
[10.152s] DEBUG:colcon.colcon_parallel_executor.executor.parallel:closing loop
[10.152s] DEBUG:colcon.colcon_parallel_executor.executor.parallel:loop closed
[10.153s] DEBUG:colcon.colcon_parallel_executor.executor.parallel:run_until_complete finished with '2'
[10.153s] DEBUG:colcon.colcon_core.event_reactor:joining thread
[10.204s] INFO:colcon.colcon_core.plugin_system:Skipping extension 'colcon_notification.desktop_notification.terminal_notifier': Not used on non-Darwin systems
[10.204s] INFO:colcon.colcon_core.plugin_system:Skipping extension 'colcon_notification.desktop_notification.win32': Not used on non-Windows systems
[10.204s] INFO:colcon.colcon_notification.desktop_notification:Sending desktop notification using 'notify2'
[10.228s] DEBUG:colcon.colcon_core.event_reactor:joined thread
[10.265s] INFO:colcon.colcon_core.shell:Creating prefix script '/home/yolo/ros_practice_ws/install/local_setup.ps1'
[10.266s] INFO:colcon.colcon_core.shell:Creating prefix util module '/home/yolo/ros_practice_ws/install/_local_setup_util_ps1.py'
[10.268s] INFO:colcon.colcon_core.shell:Creating prefix chain script '/home/yolo/ros_practice_ws/install/setup.ps1'
[10.300s] INFO:colcon.colcon_core.shell:Creating prefix script '/home/yolo/ros_practice_ws/install/local_setup.sh'
[10.301s] INFO:colcon.colcon_core.shell:Creating prefix util module '/home/yolo/ros_practice_ws/install/_local_setup_util_sh.py'
[10.301s] INFO:colcon.colcon_core.shell:Creating prefix chain script '/home/yolo/ros_practice_ws/install/setup.sh'
[10.330s] INFO:colcon.colcon_core.shell:Creating prefix script '/home/yolo/ros_practice_ws/install/local_setup.bash'
[10.330s] INFO:colcon.colcon_core.shell:Creating prefix chain script '/home/yolo/ros_practice_ws/install/setup.bash'
[10.359s] INFO:colcon.colcon_core.shell:Creating prefix script '/home/yolo/ros_practice_ws/install/local_setup.zsh'
[10.359s] INFO:colcon.colcon_core.shell:Creating prefix chain script '/home/yolo/ros_practice_ws/install/setup.zsh'
