[7.156s] DEBUG:colcon:Command line arguments: ['/home/yolo/.local/bin/colcon', 'list', '-p', '--base-paths', '/home/yolo/ros_practice_ws']
[7.156s] DEBUG:colcon:Parsed command line arguments: Namespace(log_base=None, log_level=None, verb_name='list', build_base='build', ignore_user_meta=False, metas=['./colcon.meta'], base_paths=['/home/yolo/ros_practice_ws'], packages_ignore=None, packages_ignore_regex=None, paths=None, packages_up_to=None, packages_up_to_regex=None, packages_above=None, packages_above_and_dependencies=None, packages_above_depth=None, packages_select_by_dep=None, packages_skip_by_dep=None, packages_skip_up_to=None, packages_select_build_failed=False, packages_skip_build_finished=False, packages_select_test_failures=False, packages_skip_test_passed=False, packages_select=None, packages_skip=None, packages_select_regex=None, packages_skip_regex=None, packages_start=None, packages_end=None, allow_overriding=[], topological_order=False, names_only=False, paths_only=True, topological_graph=False, topological_graph_dot=False, topological_graph_density=False, topological_graph_legend=False, topological_graph_dot_cluster=False, topological_graph_dot_include_skipped=False, mixin_files=None, mixin=None, verb_parser=<colcon_mixin.mixin.mixin_argument.MixinArgumentDecorator object at 0x7b0ebfc9c7c0>, verb_extension=<colcon_package_information.verb.list.ListVerb object at 0x7b0ec00e1690>, main=<bound method ListVerb.main of <colcon_package_information.verb.list.ListVerb object at 0x7b0ec00e1690>>, mixin_verb=('list',))
[7.356s] Level 1:colcon.colcon_core.package_discovery:discover_packages(colcon_meta) check parameters
[7.357s] Level 1:colcon.colcon_core.package_discovery:discover_packages(recursive) check parameters
[7.357s] Level 1:colcon.colcon_core.package_discovery:discover_packages(ignore) check parameters
[7.357s] Level 1:colcon.colcon_core.package_discovery:discover_packages(path) check parameters
[7.357s] Level 1:colcon.colcon_core.package_discovery:discover_packages(recursive) discover
[7.357s] INFO:colcon.colcon_core.package_discovery:Crawling recursively for packages in '/home/yolo/ros_practice_ws'
[7.357s] Level 1:colcon.colcon_core.package_identification:_identify(/home/yolo/ros_practice_ws) by extensions ['ignore', 'ignore_ament_install']
[7.357s] Level 1:colcon.colcon_core.package_identification:_identify(/home/yolo/ros_practice_ws) by extension 'ignore'
[7.357s] Level 1:colcon.colcon_core.package_identification:_identify(/home/yolo/ros_practice_ws) by extension 'ignore_ament_install'
[7.358s] Level 1:colcon.colcon_core.package_identification:_identify(/home/yolo/ros_practice_ws) by extensions ['colcon_pkg']
[7.358s] Level 1:colcon.colcon_core.package_identification:_identify(/home/yolo/ros_practice_ws) by extension 'colcon_pkg'
[7.358s] Level 1:colcon.colcon_core.package_identification:_identify(/home/yolo/ros_practice_ws) by extensions ['colcon_meta']
[7.358s] Level 1:colcon.colcon_core.package_identification:_identify(/home/yolo/ros_practice_ws) by extension 'colcon_meta'
[7.358s] Level 1:colcon.colcon_core.package_identification:_identify(/home/yolo/ros_practice_ws) by extensions ['ros']
[7.358s] Level 1:colcon.colcon_core.package_identification:_identify(/home/yolo/ros_practice_ws) by extension 'ros'
[7.384s] Level 1:colcon.colcon_core.package_identification:_identify(/home/yolo/ros_practice_ws) by extensions ['cmake', 'python']
[7.385s] Level 1:colcon.colcon_core.package_identification:_identify(/home/yolo/ros_practice_ws) by extension 'cmake'
[7.385s] Level 1:colcon.colcon_core.package_identification:_identify(/home/yolo/ros_practice_ws) by extension 'python'
[7.385s] Level 1:colcon.colcon_core.package_identification:_identify(/home/yolo/ros_practice_ws) by extensions ['python_setup_py']
[7.385s] Level 1:colcon.colcon_core.package_identification:_identify(/home/yolo/ros_practice_ws) by extension 'python_setup_py'
[7.385s] Level 1:colcon.colcon_core.package_identification:_identify(/home/yolo/ros_practice_ws/build) by extensions ['ignore', 'ignore_ament_install']
[7.386s] Level 1:colcon.colcon_core.package_identification:_identify(/home/yolo/ros_practice_ws/build) by extension 'ignore'
[7.386s] Level 1:colcon.colcon_core.package_identification:_identify(/home/yolo/ros_practice_ws/build) ignored
[7.386s] Level 1:colcon.colcon_core.package_identification:_identify(/home/yolo/ros_practice_ws/install) by extensions ['ignore', 'ignore_ament_install']
[7.387s] Level 1:colcon.colcon_core.package_identification:_identify(/home/yolo/ros_practice_ws/install) by extension 'ignore'
[7.387s] Level 1:colcon.colcon_core.package_identification:_identify(/home/yolo/ros_practice_ws/install) ignored
[7.387s] Level 1:colcon.colcon_core.package_identification:_identify(/home/yolo/ros_practice_ws/log) by extensions ['ignore', 'ignore_ament_install']
[7.387s] Level 1:colcon.colcon_core.package_identification:_identify(/home/yolo/ros_practice_ws/log) by extension 'ignore'
[7.387s] Level 1:colcon.colcon_core.package_identification:_identify(/home/yolo/ros_practice_ws/log) ignored
[7.388s] Level 1:colcon.colcon_core.package_identification:_identify(/home/yolo/ros_practice_ws/src) by extensions ['ignore', 'ignore_ament_install']
[7.388s] Level 1:colcon.colcon_core.package_identification:_identify(/home/yolo/ros_practice_ws/src) by extension 'ignore'
[7.388s] Level 1:colcon.colcon_core.package_identification:_identify(/home/yolo/ros_practice_ws/src) by extension 'ignore_ament_install'
[7.388s] Level 1:colcon.colcon_core.package_identification:_identify(/home/yolo/ros_practice_ws/src) by extensions ['colcon_pkg']
[7.388s] Level 1:colcon.colcon_core.package_identification:_identify(/home/yolo/ros_practice_ws/src) by extension 'colcon_pkg'
[7.388s] Level 1:colcon.colcon_core.package_identification:_identify(/home/yolo/ros_practice_ws/src) by extensions ['colcon_meta']
[7.388s] Level 1:colcon.colcon_core.package_identification:_identify(/home/yolo/ros_practice_ws/src) by extension 'colcon_meta'
[7.388s] Level 1:colcon.colcon_core.package_identification:_identify(/home/yolo/ros_practice_ws/src) by extensions ['ros']
[7.388s] Level 1:colcon.colcon_core.package_identification:_identify(/home/yolo/ros_practice_ws/src) by extension 'ros'
[7.389s] Level 1:colcon.colcon_core.package_identification:_identify(/home/yolo/ros_practice_ws/src) by extensions ['cmake', 'python']
[7.389s] Level 1:colcon.colcon_core.package_identification:_identify(/home/yolo/ros_practice_ws/src) by extension 'cmake'
[7.389s] Level 1:colcon.colcon_core.package_identification:_identify(/home/yolo/ros_practice_ws/src) by extension 'python'
[7.389s] Level 1:colcon.colcon_core.package_identification:_identify(/home/yolo/ros_practice_ws/src) by extensions ['python_setup_py']
[7.389s] Level 1:colcon.colcon_core.package_identification:_identify(/home/yolo/ros_practice_ws/src) by extension 'python_setup_py'
[7.390s] Level 1:colcon.colcon_core.package_identification:_identify(/home/yolo/ros_practice_ws/src/new_practice_bringup) by extensions ['ignore', 'ignore_ament_install']
[7.390s] Level 1:colcon.colcon_core.package_identification:_identify(/home/yolo/ros_practice_ws/src/new_practice_bringup) by extension 'ignore'
[7.390s] Level 1:colcon.colcon_core.package_identification:_identify(/home/yolo/ros_practice_ws/src/new_practice_bringup) by extension 'ignore_ament_install'
[7.390s] Level 1:colcon.colcon_core.package_identification:_identify(/home/yolo/ros_practice_ws/src/new_practice_bringup) by extensions ['colcon_pkg']
[7.390s] Level 1:colcon.colcon_core.package_identification:_identify(/home/yolo/ros_practice_ws/src/new_practice_bringup) by extension 'colcon_pkg'
[7.390s] Level 1:colcon.colcon_core.package_identification:_identify(/home/yolo/ros_practice_ws/src/new_practice_bringup) by extensions ['colcon_meta']
[7.390s] Level 1:colcon.colcon_core.package_identification:_identify(/home/yolo/ros_practice_ws/src/new_practice_bringup) by extension 'colcon_meta'
[7.391s] Level 1:colcon.colcon_core.package_identification:_identify(/home/yolo/ros_practice_ws/src/new_practice_bringup) by extensions ['ros']
[7.391s] Level 1:colcon.colcon_core.package_identification:_identify(/home/yolo/ros_practice_ws/src/new_practice_bringup) by extension 'ros'
[7.403s] DEBUG:colcon.colcon_core.package_identification:Package '/home/yolo/ros_practice_ws/src/new_practice_bringup' with type 'ros.ament_cmake' and name 'new_practice_bringup'
[7.403s] Level 1:colcon.colcon_core.package_identification:_identify(/home/yolo/ros_practice_ws/src/new_robot_description) by extensions ['ignore', 'ignore_ament_install']
[7.404s] Level 1:colcon.colcon_core.package_identification:_identify(/home/yolo/ros_practice_ws/src/new_robot_description) by extension 'ignore'
[7.404s] Level 1:colcon.colcon_core.package_identification:_identify(/home/yolo/ros_practice_ws/src/new_robot_description) by extension 'ignore_ament_install'
[7.404s] Level 1:colcon.colcon_core.package_identification:_identify(/home/yolo/ros_practice_ws/src/new_robot_description) by extensions ['colcon_pkg']
[7.404s] Level 1:colcon.colcon_core.package_identification:_identify(/home/yolo/ros_practice_ws/src/new_robot_description) by extension 'colcon_pkg'
[7.404s] Level 1:colcon.colcon_core.package_identification:_identify(/home/yolo/ros_practice_ws/src/new_robot_description) by extensions ['colcon_meta']
[7.404s] Level 1:colcon.colcon_core.package_identification:_identify(/home/yolo/ros_practice_ws/src/new_robot_description) by extension 'colcon_meta'
[7.404s] Level 1:colcon.colcon_core.package_identification:_identify(/home/yolo/ros_practice_ws/src/new_robot_description) by extensions ['ros']
[7.404s] Level 1:colcon.colcon_core.package_identification:_identify(/home/yolo/ros_practice_ws/src/new_robot_description) by extension 'ros'
[7.407s] DEBUG:colcon.colcon_core.package_identification:Package '/home/yolo/ros_practice_ws/src/new_robot_description' with type 'ros.ament_cmake' and name 'new_robot_description'
[7.408s] Level 1:colcon.colcon_core.package_identification:_identify(/home/yolo/ros_practice_ws/src/turtlesim_pose) by extensions ['ignore', 'ignore_ament_install']
[7.408s] Level 1:colcon.colcon_core.package_identification:_identify(/home/yolo/ros_practice_ws/src/turtlesim_pose) by extension 'ignore'
[7.408s] Level 1:colcon.colcon_core.package_identification:_identify(/home/yolo/ros_practice_ws/src/turtlesim_pose) by extension 'ignore_ament_install'
[7.408s] Level 1:colcon.colcon_core.package_identification:_identify(/home/yolo/ros_practice_ws/src/turtlesim_pose) by extensions ['colcon_pkg']
[7.408s] Level 1:colcon.colcon_core.package_identification:_identify(/home/yolo/ros_practice_ws/src/turtlesim_pose) by extension 'colcon_pkg'
[7.408s] Level 1:colcon.colcon_core.package_identification:_identify(/home/yolo/ros_practice_ws/src/turtlesim_pose) by extensions ['colcon_meta']
[7.408s] Level 1:colcon.colcon_core.package_identification:_identify(/home/yolo/ros_practice_ws/src/turtlesim_pose) by extension 'colcon_meta'
[7.409s] Level 1:colcon.colcon_core.package_identification:_identify(/home/yolo/ros_practice_ws/src/turtlesim_pose) by extensions ['ros']
[7.409s] Level 1:colcon.colcon_core.package_identification:_identify(/home/yolo/ros_practice_ws/src/turtlesim_pose) by extension 'ros'
[7.411s] DEBUG:colcon.colcon_core.package_identification:Package '/home/yolo/ros_practice_ws/src/turtlesim_pose' with type 'ros.ament_cmake' and name 'turtlesim_pose'
[7.411s] Level 1:colcon.colcon_core.package_discovery:discover_packages(recursive) using defaults
