-- Found ament_cmake: 1.3.10 (/opt/ros/humble/share/ament_cmake/cmake)
-- Override CMake install command with custom implementation using symlinks instead of copying resources
-- Configuring done
-- Generating done
-- Build files have been written to: /home/yolo/ros_practice_ws/build/new_robot_description
-- Install configuration: ""
-- Execute custom install script
-- Symlinking: /home/yolo/ros_practice_ws/install/new_robot_description/share/new_robot_description//urdf/base_robot.xacro
-- Symlinking: /home/yolo/ros_practice_ws/install/new_robot_description/share/new_robot_description//urdf/base_robot_gazebo.xacro
-- Symlinking: /home/yolo/ros_practice_ws/install/new_robot_description/share/new_robot_description//urdf/common_properties.xacro
-- Symlinking: /home/yolo/ros_practice_ws/install/new_robot_description/share/new_robot_description//urdf/laser.xacro
-- Symlinking: /home/yolo/ros_practice_ws/install/new_robot_description/share/new_robot_description//urdf/my_robot.xacro
-- Symlinking: /home/yolo/ros_practice_ws/install/new_robot_description/share/new_robot_description//launch/display.launch.py
-- Symlinking: /home/yolo/ros_practice_ws/install/new_robot_description/share/new_robot_description//launch/display2.launch.py
-- Symlinking: /home/yolo/ros_practice_ws/install/new_robot_description/share/new_robot_description//launch/my_robot.launch.xml
-- Symlinking: /home/yolo/ros_practice_ws/install/new_robot_description/share/new_robot_description//rviz/urdf_config.rviz
-- Symlinking: /home/yolo/ros_practice_ws/install/new_robot_description/share/ament_index/resource_index/package_run_dependencies/new_robot_description
-- Symlinking: /home/yolo/ros_practice_ws/install/new_robot_description/share/ament_index/resource_index/parent_prefix_path/new_robot_description
-- Symlinking: /home/yolo/ros_practice_ws/install/new_robot_description/share/new_robot_description/environment/ament_prefix_path.sh
-- Symlinking: /home/yolo/ros_practice_ws/install/new_robot_description/share/new_robot_description/environment/ament_prefix_path.dsv
-- Symlinking: /home/yolo/ros_practice_ws/install/new_robot_description/share/new_robot_description/environment/path.sh
-- Symlinking: /home/yolo/ros_practice_ws/install/new_robot_description/share/new_robot_description/environment/path.dsv
-- Symlinking: /home/yolo/ros_practice_ws/install/new_robot_description/share/new_robot_description/local_setup.bash
-- Symlinking: /home/yolo/ros_practice_ws/install/new_robot_description/share/new_robot_description/local_setup.sh
-- Symlinking: /home/yolo/ros_practice_ws/install/new_robot_description/share/new_robot_description/local_setup.zsh
-- Symlinking: /home/yolo/ros_practice_ws/install/new_robot_description/share/new_robot_description/local_setup.dsv
-- Symlinking: /home/yolo/ros_practice_ws/install/new_robot_description/share/new_robot_description/package.dsv
-- Symlinking: /home/yolo/ros_practice_ws/install/new_robot_description/share/ament_index/resource_index/packages/new_robot_description
-- Symlinking: /home/yolo/ros_practice_ws/install/new_robot_description/share/new_robot_description/cmake/new_robot_descriptionConfig.cmake
-- Symlinking: /home/yolo/ros_practice_ws/install/new_robot_description/share/new_robot_description/cmake/new_robot_descriptionConfig-version.cmake
-- Symlinking: /home/yolo/ros_practice_ws/install/new_robot_description/share/new_robot_description/package.xml
