[0.130s] Invoking command in '/home/yolo/ros_practice_ws/build/new_robot_description': CMAKE_PREFIX_PATH=${CMAKE_PREFIX_PATH}:/opt/ros/humble /usr/bin/cmake /home/yolo/ros_practice_ws/src/new_robot_description -DAMENT_CMAKE_SYMLINK_INSTALL=1 -DCMAKE_INSTALL_PREFIX=/home/yolo/ros_practice_ws/install/new_robot_description
[0.154s] -- Found ament_cmake: 1.3.10 (/opt/ros/humble/share/ament_cmake/cmake)
[0.337s] -- Override CMake install command with custom implementation using symlinks instead of copying resources
[0.447s] -- Configuring done
[0.454s] -- Generating done
[0.455s] -- Build files have been written to: /home/yolo/ros_practice_ws/build/new_robot_description
[0.459s] Invoked command in '/home/yolo/ros_practice_ws/build/new_robot_description' returned '0': CMAKE_PREFIX_PATH=${CMAKE_PREFIX_PATH}:/opt/ros/humble /usr/bin/cmake /home/yolo/ros_practice_ws/src/new_robot_description -DAMENT_CMAKE_SYMLINK_INSTALL=1 -DCMAKE_INSTALL_PREFIX=/home/yolo/ros_practice_ws/install/new_robot_description
[0.462s] Invoking command in '/home/yolo/ros_practice_ws/build/new_robot_description': CMAKE_PREFIX_PATH=${CMAKE_PREFIX_PATH}:/opt/ros/humble /usr/bin/cmake --build /home/yolo/ros_practice_ws/build/new_robot_description -- -j4 -l4
[0.516s] Invoked command in '/home/yolo/ros_practice_ws/build/new_robot_description' returned '0': CMAKE_PREFIX_PATH=${CMAKE_PREFIX_PATH}:/opt/ros/humble /usr/bin/cmake --build /home/yolo/ros_practice_ws/build/new_robot_description -- -j4 -l4
[0.563s] Invoking command in '/home/yolo/ros_practice_ws/build/new_robot_description': CMAKE_PREFIX_PATH=${CMAKE_PREFIX_PATH}:/opt/ros/humble /usr/bin/cmake --install /home/yolo/ros_practice_ws/build/new_robot_description
[0.580s] -- Install configuration: ""
[0.580s] -- Execute custom install script
[0.580s] -- Symlinking: /home/yolo/ros_practice_ws/install/new_robot_description/share/new_robot_description//urdf/base_robot.xacro
[0.592s] -- Symlinking: /home/yolo/ros_practice_ws/install/new_robot_description/share/new_robot_description//urdf/base_robot_gazebo.xacro
[0.604s] -- Symlinking: /home/yolo/ros_practice_ws/install/new_robot_description/share/new_robot_description//urdf/common_properties.xacro
[0.617s] -- Symlinking: /home/yolo/ros_practice_ws/install/new_robot_description/share/new_robot_description//urdf/laser.xacro
[0.630s] -- Symlinking: /home/yolo/ros_practice_ws/install/new_robot_description/share/new_robot_description//urdf/my_robot.xacro
[0.644s] -- Symlinking: /home/yolo/ros_practice_ws/install/new_robot_description/share/new_robot_description//launch/display.launch.py
[0.658s] -- Symlinking: /home/yolo/ros_practice_ws/install/new_robot_description/share/new_robot_description//launch/display2.launch.py
[0.671s] -- Symlinking: /home/yolo/ros_practice_ws/install/new_robot_description/share/new_robot_description//launch/my_robot.launch.xml
[0.684s] -- Symlinking: /home/yolo/ros_practice_ws/install/new_robot_description/share/new_robot_description//rviz/urdf_config.rviz
[0.698s] -- Symlinking: /home/yolo/ros_practice_ws/install/new_robot_description/share/ament_index/resource_index/package_run_dependencies/new_robot_description
[0.714s] -- Symlinking: /home/yolo/ros_practice_ws/install/new_robot_description/share/ament_index/resource_index/parent_prefix_path/new_robot_description
[0.729s] -- Symlinking: /home/yolo/ros_practice_ws/install/new_robot_description/share/new_robot_description/environment/ament_prefix_path.sh
[0.742s] -- Symlinking: /home/yolo/ros_practice_ws/install/new_robot_description/share/new_robot_description/environment/ament_prefix_path.dsv
[0.755s] -- Symlinking: /home/yolo/ros_practice_ws/install/new_robot_description/share/new_robot_description/environment/path.sh
[0.773s] -- Symlinking: /home/yolo/ros_practice_ws/install/new_robot_description/share/new_robot_description/environment/path.dsv
[0.787s] -- Symlinking: /home/yolo/ros_practice_ws/install/new_robot_description/share/new_robot_description/local_setup.bash
[0.801s] -- Symlinking: /home/yolo/ros_practice_ws/install/new_robot_description/share/new_robot_description/local_setup.sh
[0.815s] -- Symlinking: /home/yolo/ros_practice_ws/install/new_robot_description/share/new_robot_description/local_setup.zsh
[0.829s] -- Symlinking: /home/yolo/ros_practice_ws/install/new_robot_description/share/new_robot_description/local_setup.dsv
[0.844s] -- Symlinking: /home/yolo/ros_practice_ws/install/new_robot_description/share/new_robot_description/package.dsv
[0.858s] -- Symlinking: /home/yolo/ros_practice_ws/install/new_robot_description/share/ament_index/resource_index/packages/new_robot_description
[0.872s] -- Symlinking: /home/yolo/ros_practice_ws/install/new_robot_description/share/new_robot_description/cmake/new_robot_descriptionConfig.cmake
[0.885s] -- Symlinking: /home/yolo/ros_practice_ws/install/new_robot_description/share/new_robot_description/cmake/new_robot_descriptionConfig-version.cmake
[0.899s] -- Symlinking: /home/yolo/ros_practice_ws/install/new_robot_description/share/new_robot_description/package.xml
[0.954s] Invoked command in '/home/yolo/ros_practice_ws/build/new_robot_description' returned '0': CMAKE_PREFIX_PATH=${CMAKE_PREFIX_PATH}:/opt/ros/humble /usr/bin/cmake --install /home/yolo/ros_practice_ws/build/new_robot_description
