[35m[1mConsolidate compiler generated dependencies of target turtlesim_pose_node[0m
[ 50%] [32mBuilding CXX object CMakeFiles/turtlesim_pose_node.dir/src/turtlesim_pose.cpp.o[0m
In file included from [01m[K/home/yolo/ros_practice_ws/src/turtlesim_pose/src/turtlesim_pose.cpp:1[m[K:
[01m[K/home/yolo/ros_practice_ws/src/turtlesim_pose/include/turtlesim_pose/turtlesim_pose.hpp:10:25:[m[K [01;31m[Kerror: [m[K‘[01m[Kstd[m[K’ does not name a type
   10 |     TurtlesimPose(const [01;31m[Kstd[m[K:String &name);
      |                         [01;31m[K^~~[m[K
[01m[K/home/yolo/ros_practice_ws/src/turtlesim_pose/include/turtlesim_pose/turtlesim_pose.hpp:10:28:[m[K [01;31m[Kerror: [m[Kexpected ‘[01m[K,[m[K’ or ‘[01m[K...[m[K’ before ‘[01m[K:[m[K’ token
   10 |     TurtlesimPose(const std[01;31m[K:[m[KString &name);
      |                            [01;31m[K^[m[K
[01m[K/home/yolo/ros_practice_ws/src/turtlesim_pose/src/turtlesim_pose.cpp:5:1:[m[K [01;31m[Kerror: [m[Kno declaration matches ‘[01m[KTurtlesimPose::TurtlesimPose(const string&)[m[K’
    5 | [01;31m[KTurtlesimPose[m[K::TurtlesimPose(const std::string &name) : Node(name)
      | [01;31m[K^~~~~~~~~~~~~[m[K
In file included from [01m[K/home/yolo/ros_practice_ws/src/turtlesim_pose/src/turtlesim_pose.cpp:1[m[K:
[01m[K/home/yolo/ros_practice_ws/src/turtlesim_pose/include/turtlesim_pose/turtlesim_pose.hpp:7:7:[m[K [01;36m[Knote: [m[Kcandidates are: ‘[01m[KTurtlesimPose::TurtlesimPose(TurtlesimPose&&)[m[K’
    7 | class [01;36m[KTurtlesimPose[m[K: public rclcpp::Node
      |       [01;36m[K^~~~~~~~~~~~~[m[K
[01m[K/home/yolo/ros_practice_ws/src/turtlesim_pose/include/turtlesim_pose/turtlesim_pose.hpp:7:7:[m[K [01;36m[Knote: [m[K                ‘[01m[KTurtlesimPose::TurtlesimPose(const TurtlesimPose&)[m[K’
[01m[K/home/yolo/ros_practice_ws/src/turtlesim_pose/include/turtlesim_pose/turtlesim_pose.hpp:10:5:[m[K [01;36m[Knote: [m[K                ‘[01m[KTurtlesimPose::TurtlesimPose(int)[m[K’
   10 |     [01;36m[KTurtlesimPose[m[K(const std:String &name);
      |     [01;36m[K^~~~~~~~~~~~~[m[K
[01m[K/home/yolo/ros_practice_ws/src/turtlesim_pose/include/turtlesim_pose/turtlesim_pose.hpp:7:7:[m[K [01;36m[Knote: [m[K‘[01m[Kclass TurtlesimPose[m[K’ defined here
    7 | class [01;36m[KTurtlesimPose[m[K: public rclcpp::Node
      |       [01;36m[K^~~~~~~~~~~~~[m[K
[01m[K/home/yolo/ros_practice_ws/src/turtlesim_pose/src/turtlesim_pose.cpp:16:6:[m[K [01;31m[Kerror: [m[Kredefinition of ‘[01m[Kvoid TurtlesimPose::turtle1callback(const Pose&)[m[K’
   16 | void [01;31m[KTurtlesimPose[m[K::turtle1callback(const turtlesim::msg::Pose &pose){
      |      [01;31m[K^~~~~~~~~~~~~[m[K
[01m[K/home/yolo/ros_practice_ws/src/turtlesim_pose/src/turtlesim_pose.cpp:12:6:[m[K [01;36m[Knote: [m[K‘[01m[Kvoid TurtlesimPose::turtle1callback(const Pose&)[m[K’ previously defined here
   12 | void [01;36m[KTurtlesimPose[m[K::turtle1callback(const turtlesim::msg::Pose &pose){
      |      [01;36m[K^~~~~~~~~~~~~[m[K
In file included from [01m[K/usr/include/x86_64-linux-gnu/c++/11/bits/c++allocator.h:33[m[K,
                 from [01m[K/usr/include/c++/11/bits/allocator.h:46[m[K,
                 from [01m[K/usr/include/c++/11/memory:64[m[K,
                 from [01m[K/opt/ros/humble/include/rclcpp/rclcpp/rclcpp.hpp:153[m[K,
                 from [01m[K/home/yolo/ros_practice_ws/src/turtlesim_pose/include/turtlesim_pose/turtlesim_pose.hpp:4[m[K,
                 from [01m[K/home/yolo/ros_practice_ws/src/turtlesim_pose/src/turtlesim_pose.cpp:1[m[K:
/usr/include/c++/11/ext/new_allocator.h: In instantiation of ‘[01m[Kvoid __gnu_cxx::new_allocator<_Tp>::construct(_Up*, _Args&& ...) [with _Up = TurtlesimPose; _Args = {const char (&)[8]}; _Tp = TurtlesimPose][m[K’:
[01m[K/usr/include/c++/11/bits/alloc_traits.h:516:17:[m[K   required from ‘[01m[Kstatic void std::allocator_traits<std::allocator<_Tp1> >::construct(std::allocator_traits<std::allocator<_Tp1> >::allocator_type&, _Up*, _Args&& ...) [with _Up = TurtlesimPose; _Args = {const char (&)[8]}; _Tp = TurtlesimPose; std::allocator_traits<std::allocator<_Tp1> >::allocator_type = std::allocator<TurtlesimPose>][m[K’
[01m[K/usr/include/c++/11/bits/shared_ptr_base.h:519:39:[m[K   required from ‘[01m[Kstd::_Sp_counted_ptr_inplace<_Tp, _Alloc, _Lp>::_Sp_counted_ptr_inplace(_Alloc, _Args&& ...) [with _Args = {const char (&)[8]}; _Tp = TurtlesimPose; _Alloc = std::allocator<TurtlesimPose>; __gnu_cxx::_Lock_policy _Lp = __gnu_cxx::_S_atomic][m[K’
[01m[K/usr/include/c++/11/bits/shared_ptr_base.h:650:16:[m[K   required from ‘[01m[Kstd::__shared_count<_Lp>::__shared_count(_Tp*&, std::_Sp_alloc_shared_tag<_Alloc>, _Args&& ...) [with _Tp = TurtlesimPose; _Alloc = std::allocator<TurtlesimPose>; _Args = {const char (&)[8]}; __gnu_cxx::_Lock_policy _Lp = __gnu_cxx::_S_atomic][m[K’
[01m[K/usr/include/c++/11/bits/shared_ptr_base.h:1342:14:[m[K   required from ‘[01m[Kstd::__shared_ptr<_Tp, _Lp>::__shared_ptr(std::_Sp_alloc_shared_tag<_Tp>, _Args&& ...) [with _Alloc = std::allocator<TurtlesimPose>; _Args = {const char (&)[8]}; _Tp = TurtlesimPose; __gnu_cxx::_Lock_policy _Lp = __gnu_cxx::_S_atomic][m[K’
[01m[K/usr/include/c++/11/bits/shared_ptr.h:409:59:[m[K   required from ‘[01m[Kstd::shared_ptr<_Tp>::shared_ptr(std::_Sp_alloc_shared_tag<_Tp>, _Args&& ...) [with _Alloc = std::allocator<TurtlesimPose>; _Args = {const char (&)[8]}; _Tp = TurtlesimPose][m[K’
[01m[K/usr/include/c++/11/bits/shared_ptr.h:862:14:[m[K   required from ‘[01m[Kstd::shared_ptr<_Tp> std::allocate_shared(const _Alloc&, _Args&& ...) [with _Tp = TurtlesimPose; _Alloc = std::allocator<TurtlesimPose>; _Args = {const char (&)[8]}][m[K’
[01m[K/usr/include/c++/11/bits/shared_ptr.h:878:39:[m[K   required from ‘[01m[Kstd::shared_ptr<_Tp> std::make_shared(_Args&& ...) [with _Tp = TurtlesimPose; _Args = {const char (&)[8]}][m[K’
[01m[K/home/yolo/ros_practice_ws/src/turtlesim_pose/src/turtlesim_pose.cpp:26:46:[m[K   required from here
[01m[K/usr/include/c++/11/ext/new_allocator.h:162:11:[m[K [01;31m[Kerror: [m[Kinvalid conversion from ‘[01m[Kconst char*[m[K’ to ‘[01m[Kint[m[K’ [[01;31m[K]8;;https://gcc.gnu.org/onlinedocs/gcc/Warning-Options.html#index-fpermissive-fpermissive]8;;[m[K]
  162 |         { [01;31m[K::new((void *)__p) _Up(std::forward<_Args>(__args)...)[m[K; }
      |           [01;31m[K^~~~~~~~~~~~~~~~~~~~~~~~~~~~~~~~~~~~~~~~~~~~~~~~~~~~~~[m[K
      |           [01;31m[K|[m[K
      |           [01;31m[Kconst char*[m[K
In file included from [01m[K/home/yolo/ros_practice_ws/src/turtlesim_pose/src/turtlesim_pose.cpp:1[m[K:
[01m[K/home/yolo/ros_practice_ws/src/turtlesim_pose/include/turtlesim_pose/turtlesim_pose.hpp:10:19:[m[K [01;36m[Knote: [m[K  initializing argument 1 of ‘[01m[KTurtlesimPose::TurtlesimPose(int)[m[K’
   10 |     TurtlesimPose([01;36m[Kconst std[m[K:String &name);
      |                   [01;36m[K^~~~~~~~~[m[K
gmake[2]: *** [CMakeFiles/turtlesim_pose_node.dir/build.make:76: CMakeFiles/turtlesim_pose_node.dir/src/turtlesim_pose.cpp.o] Error 1
gmake[1]: *** [CMakeFiles/Makefile2:137: CMakeFiles/turtlesim_pose_node.dir/all] Error 2
gmake: *** [Makefile:146: all] Error 2
