[2.698s] DEBUG:colcon:Command line arguments: ['/home/yolo/.local/bin/colcon', 'build']
[2.698s] DEBUG:colcon:Parsed command line arguments: Namespace(log_base=None, log_level=None, verb_name='build', build_base='build', install_base='install', merge_install=False, symlink_install=False, test_result_base=None, continue_on_error=False, executor='parallel', parallel_workers=4, event_handlers=None, ignore_user_meta=False, metas=['./colcon.meta'], base_paths=['.'], packages_ignore=None, packages_ignore_regex=None, paths=None, packages_up_to=None, packages_up_to_regex=None, packages_above=None, packages_above_and_dependencies=None, packages_above_depth=None, packages_select_by_dep=None, packages_skip_by_dep=None, packages_skip_up_to=None, packages_select_build_failed=False, packages_skip_build_finished=False, packages_select_test_failures=False, packages_skip_test_passed=False, packages_select=None, packages_skip=None, packages_select_regex=None, packages_skip_regex=None, packages_start=None, packages_end=None, allow_overriding=[], cmake_args=None, cmake_target=None, cmake_target_skip_unavailable=False, cmake_clean_cache=False, cmake_clean_first=False, cmake_force_configure=False, ament_cmake_args=None, catkin_cmake_args=None, catkin_skip_building_tests=False, mixin_files=None, mixin=None, verb_parser=<colcon_mixin.mixin.mixin_argument.MixinArgumentDecorator object at 0x7fd5f0189c90>, verb_extension=<colcon_core.verb.build.BuildVerb object at 0x7fd5f01882e0>, main=<bound method BuildVerb.main of <colcon_core.verb.build.BuildVerb object at 0x7fd5f01882e0>>, mixin_verb=('build',))
[2.795s] Level 1:colcon.colcon_core.package_discovery:discover_packages(colcon_meta) check parameters
[2.796s] Level 1:colcon.colcon_core.package_discovery:discover_packages(recursive) check parameters
[2.796s] Level 1:colcon.colcon_core.package_discovery:discover_packages(ignore) check parameters
[2.796s] Level 1:colcon.colcon_core.package_discovery:discover_packages(path) check parameters
[2.796s] Level 1:colcon.colcon_core.package_discovery:discover_packages(colcon_meta) discover
[2.796s] Level 1:colcon.colcon_core.package_discovery:discover_packages(recursive) discover
[2.796s] INFO:colcon.colcon_core.package_discovery:Crawling recursively for packages in '/home/yolo/ros_practice_ws'
[2.796s] Level 1:colcon.colcon_core.package_identification:_identify(.) by extensions ['ignore', 'ignore_ament_install']
[2.796s] Level 1:colcon.colcon_core.package_identification:_identify(.) by extension 'ignore'
[2.796s] Level 1:colcon.colcon_core.package_identification:_identify(.) by extension 'ignore_ament_install'
[2.796s] Level 1:colcon.colcon_core.package_identification:_identify(.) by extensions ['colcon_pkg']
[2.796s] Level 1:colcon.colcon_core.package_identification:_identify(.) by extension 'colcon_pkg'
[2.796s] Level 1:colcon.colcon_core.package_identification:_identify(.) by extensions ['colcon_meta']
[2.796s] Level 1:colcon.colcon_core.package_identification:_identify(.) by extension 'colcon_meta'
[2.796s] Level 1:colcon.colcon_core.package_identification:_identify(.) by extensions ['ros']
[2.796s] Level 1:colcon.colcon_core.package_identification:_identify(.) by extension 'ros'
[2.829s] Level 1:colcon.colcon_core.package_identification:_identify(.) by extensions ['cmake', 'python']
[2.829s] Level 1:colcon.colcon_core.package_identification:_identify(.) by extension 'cmake'
[2.829s] Level 1:colcon.colcon_core.package_identification:_identify(.) by extension 'python'
[2.829s] Level 1:colcon.colcon_core.package_identification:_identify(.) by extensions ['python_setup_py']
[2.829s] Level 1:colcon.colcon_core.package_identification:_identify(.) by extension 'python_setup_py'
[2.830s] Level 1:colcon.colcon_core.package_identification:_identify(build) by extensions ['ignore', 'ignore_ament_install']
[2.830s] Level 1:colcon.colcon_core.package_identification:_identify(build) by extension 'ignore'
[2.830s] Level 1:colcon.colcon_core.package_identification:_identify(build) ignored
[2.830s] Level 1:colcon.colcon_core.package_identification:_identify(install) by extensions ['ignore', 'ignore_ament_install']
[2.830s] Level 1:colcon.colcon_core.package_identification:_identify(install) by extension 'ignore'
[2.830s] Level 1:colcon.colcon_core.package_identification:_identify(install) ignored
[2.830s] Level 1:colcon.colcon_core.package_identification:_identify(log) by extensions ['ignore', 'ignore_ament_install']
[2.830s] Level 1:colcon.colcon_core.package_identification:_identify(log) by extension 'ignore'
[2.830s] Level 1:colcon.colcon_core.package_identification:_identify(log) ignored
[2.830s] Level 1:colcon.colcon_core.package_identification:_identify(src) by extensions ['ignore', 'ignore_ament_install']
[2.830s] Level 1:colcon.colcon_core.package_identification:_identify(src) by extension 'ignore'
[2.831s] Level 1:colcon.colcon_core.package_identification:_identify(src) by extension 'ignore_ament_install'
[2.831s] Level 1:colcon.colcon_core.package_identification:_identify(src) by extensions ['colcon_pkg']
[2.831s] Level 1:colcon.colcon_core.package_identification:_identify(src) by extension 'colcon_pkg'
[2.831s] Level 1:colcon.colcon_core.package_identification:_identify(src) by extensions ['colcon_meta']
[2.831s] Level 1:colcon.colcon_core.package_identification:_identify(src) by extension 'colcon_meta'
[2.831s] Level 1:colcon.colcon_core.package_identification:_identify(src) by extensions ['ros']
[2.831s] Level 1:colcon.colcon_core.package_identification:_identify(src) by extension 'ros'
[2.831s] Level 1:colcon.colcon_core.package_identification:_identify(src) by extensions ['cmake', 'python']
[2.831s] Level 1:colcon.colcon_core.package_identification:_identify(src) by extension 'cmake'
[2.831s] Level 1:colcon.colcon_core.package_identification:_identify(src) by extension 'python'
[2.831s] Level 1:colcon.colcon_core.package_identification:_identify(src) by extensions ['python_setup_py']
[2.831s] Level 1:colcon.colcon_core.package_identification:_identify(src) by extension 'python_setup_py'
[2.831s] Level 1:colcon.colcon_core.package_identification:_identify(src/new_practice_bringup) by extensions ['ignore', 'ignore_ament_install']
[2.831s] Level 1:colcon.colcon_core.package_identification:_identify(src/new_practice_bringup) by extension 'ignore'
[2.831s] Level 1:colcon.colcon_core.package_identification:_identify(src/new_practice_bringup) by extension 'ignore_ament_install'
[2.831s] Level 1:colcon.colcon_core.package_identification:_identify(src/new_practice_bringup) by extensions ['colcon_pkg']
[2.832s] Level 1:colcon.colcon_core.package_identification:_identify(src/new_practice_bringup) by extension 'colcon_pkg'
[2.832s] Level 1:colcon.colcon_core.package_identification:_identify(src/new_practice_bringup) by extensions ['colcon_meta']
[2.832s] Level 1:colcon.colcon_core.package_identification:_identify(src/new_practice_bringup) by extension 'colcon_meta'
[2.832s] Level 1:colcon.colcon_core.package_identification:_identify(src/new_practice_bringup) by extensions ['ros']
[2.832s] Level 1:colcon.colcon_core.package_identification:_identify(src/new_practice_bringup) by extension 'ros'
[2.835s] DEBUG:colcon.colcon_core.package_identification:Package 'src/new_practice_bringup' with type 'ros.ament_cmake' and name 'new_practice_bringup'
[2.835s] Level 1:colcon.colcon_core.package_identification:_identify(src/new_robot_description) by extensions ['ignore', 'ignore_ament_install']
[2.835s] Level 1:colcon.colcon_core.package_identification:_identify(src/new_robot_description) by extension 'ignore'
[2.836s] Level 1:colcon.colcon_core.package_identification:_identify(src/new_robot_description) by extension 'ignore_ament_install'
[2.836s] Level 1:colcon.colcon_core.package_identification:_identify(src/new_robot_description) by extensions ['colcon_pkg']
[2.836s] Level 1:colcon.colcon_core.package_identification:_identify(src/new_robot_description) by extension 'colcon_pkg'
[2.836s] Level 1:colcon.colcon_core.package_identification:_identify(src/new_robot_description) by extensions ['colcon_meta']
[2.836s] Level 1:colcon.colcon_core.package_identification:_identify(src/new_robot_description) by extension 'colcon_meta'
[2.836s] Level 1:colcon.colcon_core.package_identification:_identify(src/new_robot_description) by extensions ['ros']
[2.836s] Level 1:colcon.colcon_core.package_identification:_identify(src/new_robot_description) by extension 'ros'
[2.837s] DEBUG:colcon.colcon_core.package_identification:Package 'src/new_robot_description' with type 'ros.ament_cmake' and name 'new_robot_description'
[2.837s] Level 1:colcon.colcon_core.package_identification:_identify(src/turtlesim_pose) by extensions ['ignore', 'ignore_ament_install']
[2.837s] Level 1:colcon.colcon_core.package_identification:_identify(src/turtlesim_pose) by extension 'ignore'
[2.837s] Level 1:colcon.colcon_core.package_identification:_identify(src/turtlesim_pose) by extension 'ignore_ament_install'
[2.837s] Level 1:colcon.colcon_core.package_identification:_identify(src/turtlesim_pose) by extensions ['colcon_pkg']
[2.837s] Level 1:colcon.colcon_core.package_identification:_identify(src/turtlesim_pose) by extension 'colcon_pkg'
[2.837s] Level 1:colcon.colcon_core.package_identification:_identify(src/turtlesim_pose) by extensions ['colcon_meta']
[2.837s] Level 1:colcon.colcon_core.package_identification:_identify(src/turtlesim_pose) by extension 'colcon_meta'
[2.837s] Level 1:colcon.colcon_core.package_identification:_identify(src/turtlesim_pose) by extensions ['ros']
[2.837s] Level 1:colcon.colcon_core.package_identification:_identify(src/turtlesim_pose) by extension 'ros'
[2.838s] DEBUG:colcon.colcon_core.package_identification:Package 'src/turtlesim_pose' with type 'ros.ament_cmake' and name 'turtlesim_pose'
[2.838s] Level 1:colcon.colcon_core.package_discovery:discover_packages(recursive) using defaults
[2.839s] Level 1:colcon.colcon_core.package_discovery:discover_packages(ignore) discover
[2.839s] Level 1:colcon.colcon_core.package_discovery:discover_packages(ignore) using defaults
[2.839s] Level 1:colcon.colcon_core.package_discovery:discover_packages(path) discover
[2.839s] Level 1:colcon.colcon_core.package_discovery:discover_packages(path) using defaults
[3.022s] Level 1:colcon.colcon_core.package_discovery:discover_packages(prefix_path) check parameters
[3.022s] Level 1:colcon.colcon_core.package_discovery:discover_packages(prefix_path) discover
[3.084s] DEBUG:colcon.colcon_installed_package_information.package_discovery:Found 397 installed packages in /opt/ros/humble
[3.086s] Level 1:colcon.colcon_core.package_discovery:discover_packages(prefix_path) using defaults
[3.254s] Level 5:colcon.colcon_core.verb:set package 'new_practice_bringup' build argument 'cmake_args' from command line to 'None'
[3.254s] Level 5:colcon.colcon_core.verb:set package 'new_practice_bringup' build argument 'cmake_target' from command line to 'None'
[3.254s] Level 5:colcon.colcon_core.verb:set package 'new_practice_bringup' build argument 'cmake_target_skip_unavailable' from command line to 'False'
[3.254s] Level 5:colcon.colcon_core.verb:set package 'new_practice_bringup' build argument 'cmake_clean_cache' from command line to 'False'
[3.254s] Level 5:colcon.colcon_core.verb:set package 'new_practice_bringup' build argument 'cmake_clean_first' from command line to 'False'
[3.254s] Level 5:colcon.colcon_core.verb:set package 'new_practice_bringup' build argument 'cmake_force_configure' from command line to 'False'
[3.254s] Level 5:colcon.colcon_core.verb:set package 'new_practice_bringup' build argument 'ament_cmake_args' from command line to 'None'
[3.254s] Level 5:colcon.colcon_core.verb:set package 'new_practice_bringup' build argument 'catkin_cmake_args' from command line to 'None'
[3.254s] Level 5:colcon.colcon_core.verb:set package 'new_practice_bringup' build argument 'catkin_skip_building_tests' from command line to 'False'
[3.254s] DEBUG:colcon.colcon_core.verb:Building package 'new_practice_bringup' with the following arguments: {'ament_cmake_args': None, 'build_base': '/home/yolo/ros_practice_ws/build/new_practice_bringup', 'catkin_cmake_args': None, 'catkin_skip_building_tests': False, 'cmake_args': None, 'cmake_clean_cache': False, 'cmake_clean_first': False, 'cmake_force_configure': False, 'cmake_target': None, 'cmake_target_skip_unavailable': False, 'install_base': '/home/yolo/ros_practice_ws/install/new_practice_bringup', 'merge_install': False, 'path': '/home/yolo/ros_practice_ws/src/new_practice_bringup', 'symlink_install': False, 'test_result_base': None}
[3.283s] Level 5:colcon.colcon_core.verb:set package 'new_robot_description' build argument 'cmake_args' from command line to 'None'
[3.283s] Level 5:colcon.colcon_core.verb:set package 'new_robot_description' build argument 'cmake_target' from command line to 'None'
[3.283s] Level 5:colcon.colcon_core.verb:set package 'new_robot_description' build argument 'cmake_target_skip_unavailable' from command line to 'False'
[3.283s] Level 5:colcon.colcon_core.verb:set package 'new_robot_description' build argument 'cmake_clean_cache' from command line to 'False'
[3.283s] Level 5:colcon.colcon_core.verb:set package 'new_robot_description' build argument 'cmake_clean_first' from command line to 'False'
[3.283s] Level 5:colcon.colcon_core.verb:set package 'new_robot_description' build argument 'cmake_force_configure' from command line to 'False'
[3.283s] Level 5:colcon.colcon_core.verb:set package 'new_robot_description' build argument 'ament_cmake_args' from command line to 'None'
[3.283s] Level 5:colcon.colcon_core.verb:set package 'new_robot_description' build argument 'catkin_cmake_args' from command line to 'None'
[3.283s] Level 5:colcon.colcon_core.verb:set package 'new_robot_description' build argument 'catkin_skip_building_tests' from command line to 'False'
[3.283s] DEBUG:colcon.colcon_core.verb:Building package 'new_robot_description' with the following arguments: {'ament_cmake_args': None, 'build_base': '/home/yolo/ros_practice_ws/build/new_robot_description', 'catkin_cmake_args': None, 'catkin_skip_building_tests': False, 'cmake_args': None, 'cmake_clean_cache': False, 'cmake_clean_first': False, 'cmake_force_configure': False, 'cmake_target': None, 'cmake_target_skip_unavailable': False, 'install_base': '/home/yolo/ros_practice_ws/install/new_robot_description', 'merge_install': False, 'path': '/home/yolo/ros_practice_ws/src/new_robot_description', 'symlink_install': False, 'test_result_base': None}
[3.311s] Level 5:colcon.colcon_core.verb:set package 'turtlesim_pose' build argument 'cmake_args' from command line to 'None'
[3.311s] Level 5:colcon.colcon_core.verb:set package 'turtlesim_pose' build argument 'cmake_target' from command line to 'None'
[3.311s] Level 5:colcon.colcon_core.verb:set package 'turtlesim_pose' build argument 'cmake_target_skip_unavailable' from command line to 'False'
[3.311s] Level 5:colcon.colcon_core.verb:set package 'turtlesim_pose' build argument 'cmake_clean_cache' from command line to 'False'
[3.311s] Level 5:colcon.colcon_core.verb:set package 'turtlesim_pose' build argument 'cmake_clean_first' from command line to 'False'
[3.311s] Level 5:colcon.colcon_core.verb:set package 'turtlesim_pose' build argument 'cmake_force_configure' from command line to 'False'
[3.311s] Level 5:colcon.colcon_core.verb:set package 'turtlesim_pose' build argument 'ament_cmake_args' from command line to 'None'
[3.311s] Level 5:colcon.colcon_core.verb:set package 'turtlesim_pose' build argument 'catkin_cmake_args' from command line to 'None'
[3.311s] Level 5:colcon.colcon_core.verb:set package 'turtlesim_pose' build argument 'catkin_skip_building_tests' from command line to 'False'
[3.312s] DEBUG:colcon.colcon_core.verb:Building package 'turtlesim_pose' with the following arguments: {'ament_cmake_args': None, 'build_base': '/home/yolo/ros_practice_ws/build/turtlesim_pose', 'catkin_cmake_args': None, 'catkin_skip_building_tests': False, 'cmake_args': None, 'cmake_clean_cache': False, 'cmake_clean_first': False, 'cmake_force_configure': False, 'cmake_target': None, 'cmake_target_skip_unavailable': False, 'install_base': '/home/yolo/ros_practice_ws/install/turtlesim_pose', 'merge_install': False, 'path': '/home/yolo/ros_practice_ws/src/turtlesim_pose', 'symlink_install': False, 'test_result_base': None}
[3.338s] INFO:colcon.colcon_core.executor:Executing jobs using 'parallel' executor
[3.368s] DEBUG:colcon.colcon_parallel_executor.executor.parallel:run_until_complete
[3.368s] INFO:colcon.colcon_ros.task.ament_cmake.build:Building ROS package in '/home/yolo/ros_practice_ws/src/new_practice_bringup' with build type 'ament_cmake'
[3.368s] INFO:colcon.colcon_cmake.task.cmake.build:Building CMake package in '/home/yolo/ros_practice_ws/src/new_practice_bringup'
[3.410s] INFO:colcon.colcon_core.plugin_system:Skipping extension 'colcon_core.shell.bat': Not used on non-Windows systems
[3.410s] INFO:colcon.colcon_core.shell:Skip shell extension 'powershell' for command environment: Not usable outside of PowerShell
[3.410s] DEBUG:colcon.colcon_core.shell:Skip shell extension 'dsv' for command environment
[3.473s] INFO:colcon.colcon_ros.task.ament_cmake.build:Building ROS package in '/home/yolo/ros_practice_ws/src/new_robot_description' with build type 'ament_cmake'
[3.473s] INFO:colcon.colcon_cmake.task.cmake.build:Building CMake package in '/home/yolo/ros_practice_ws/src/new_robot_description'
[3.505s] INFO:colcon.colcon_core.shell:Skip shell extension 'powershell' for command environment: Not usable outside of PowerShell
[3.505s] DEBUG:colcon.colcon_core.shell:Skip shell extension 'dsv' for command environment
[3.568s] INFO:colcon.colcon_ros.task.ament_cmake.build:Building ROS package in '/home/yolo/ros_practice_ws/src/turtlesim_pose' with build type 'ament_cmake'
[3.568s] INFO:colcon.colcon_cmake.task.cmake.build:Building CMake package in '/home/yolo/ros_practice_ws/src/turtlesim_pose'
[3.602s] INFO:colcon.colcon_core.shell:Skip shell extension 'powershell' for command environment: Not usable outside of PowerShell
[3.602s] DEBUG:colcon.colcon_core.shell:Skip shell extension 'dsv' for command environment
[3.669s] DEBUG:colcon.colcon_core.event_handler.log_command:Invoking command in '/home/yolo/ros_practice_ws/build/new_practice_bringup': CMAKE_PREFIX_PATH=/opt/ros/humble /usr/bin/cmake --build /home/yolo/ros_practice_ws/build/new_practice_bringup -- -j4 -l4
[3.678s] DEBUG:colcon.colcon_core.event_handler.log_command:Invoking command in '/home/yolo/ros_practice_ws/build/new_robot_description': CMAKE_PREFIX_PATH=/opt/ros/humble /usr/bin/cmake --build /home/yolo/ros_practice_ws/build/new_robot_description -- -j4 -l4
[3.687s] DEBUG:colcon.colcon_core.event_handler.log_command:Invoking command in '/home/yolo/ros_practice_ws/build/turtlesim_pose': CMAKE_PREFIX_PATH=/opt/ros/humble /usr/bin/cmake --build /home/yolo/ros_practice_ws/build/turtlesim_pose -- -j4 -l4
[3.740s] DEBUG:colcon.colcon_core.event_handler.log_command:Invoked command in '/home/yolo/ros_practice_ws/build/new_robot_description' returned '0': CMAKE_PREFIX_PATH=/opt/ros/humble /usr/bin/cmake --build /home/yolo/ros_practice_ws/build/new_robot_description -- -j4 -l4
[3.744s] DEBUG:colcon.colcon_core.event_handler.log_command:Invoked command in '/home/yolo/ros_practice_ws/build/new_practice_bringup' returned '0': CMAKE_PREFIX_PATH=/opt/ros/humble /usr/bin/cmake --build /home/yolo/ros_practice_ws/build/new_practice_bringup -- -j4 -l4
[3.792s] DEBUG:colcon.colcon_core.event_handler.log_command:Invoking command in '/home/yolo/ros_practice_ws/build/new_robot_description': CMAKE_PREFIX_PATH=/opt/ros/humble /usr/bin/cmake --install /home/yolo/ros_practice_ws/build/new_robot_description
[3.795s] DEBUG:colcon.colcon_core.event_handler.log_command:Invoking command in '/home/yolo/ros_practice_ws/build/new_practice_bringup': CMAKE_PREFIX_PATH=/opt/ros/humble /usr/bin/cmake --install /home/yolo/ros_practice_ws/build/new_practice_bringup
[3.836s] Level 1:colcon.colcon_core.environment:create_environment_scripts_only(new_practice_bringup)
[3.837s] DEBUG:colcon.colcon_core.event_handler.log_command:Invoked command in '/home/yolo/ros_practice_ws/build/new_practice_bringup' returned '0': CMAKE_PREFIX_PATH=/opt/ros/humble /usr/bin/cmake --install /home/yolo/ros_practice_ws/build/new_practice_bringup
[3.871s] Level 1:colcon.colcon_core.environment:checking '/home/yolo/ros_practice_ws/install/new_practice_bringup' for CMake module files
[3.872s] Level 1:colcon.colcon_core.environment:checking '/home/yolo/ros_practice_ws/install/new_practice_bringup' for CMake config files
[3.874s] Level 1:colcon.colcon_core.shell:create_environment_hook('new_practice_bringup', 'cmake_prefix_path')
[3.905s] INFO:colcon.colcon_core.shell:Creating environment hook '/home/yolo/ros_practice_ws/install/new_practice_bringup/share/new_practice_bringup/hook/cmake_prefix_path.ps1'
[3.906s] INFO:colcon.colcon_core.shell:Creating environment descriptor '/home/yolo/ros_practice_ws/install/new_practice_bringup/share/new_practice_bringup/hook/cmake_prefix_path.dsv'
[3.906s] INFO:colcon.colcon_core.shell:Creating environment hook '/home/yolo/ros_practice_ws/install/new_practice_bringup/share/new_practice_bringup/hook/cmake_prefix_path.sh'
[3.907s] Level 1:colcon.colcon_core.environment:checking '/home/yolo/ros_practice_ws/install/new_practice_bringup/bin'
[3.907s] Level 1:colcon.colcon_core.environment:checking '/home/yolo/ros_practice_ws/install/new_practice_bringup/lib/pkgconfig/new_practice_bringup.pc'
[3.908s] Level 1:colcon.colcon_core.environment:checking '/home/yolo/ros_practice_ws/install/new_practice_bringup/lib/python3.10/site-packages'
[3.908s] Level 1:colcon.colcon_core.environment:checking '/home/yolo/ros_practice_ws/install/new_practice_bringup/bin'
[3.939s] INFO:colcon.colcon_core.shell:Creating package script '/home/yolo/ros_practice_ws/install/new_practice_bringup/share/new_practice_bringup/package.ps1'
[3.941s] INFO:colcon.colcon_core.shell:Creating package descriptor '/home/yolo/ros_practice_ws/install/new_practice_bringup/share/new_practice_bringup/package.dsv'
[3.941s] INFO:colcon.colcon_core.shell:Creating package script '/home/yolo/ros_practice_ws/install/new_practice_bringup/share/new_practice_bringup/package.sh'
[3.942s] INFO:colcon.colcon_core.shell:Creating package script '/home/yolo/ros_practice_ws/install/new_practice_bringup/share/new_practice_bringup/package.bash'
[3.943s] INFO:colcon.colcon_core.shell:Creating package script '/home/yolo/ros_practice_ws/install/new_practice_bringup/share/new_practice_bringup/package.zsh'
[3.944s] Level 1:colcon.colcon_core.environment:create_file_with_runtime_dependencies(/home/yolo/ros_practice_ws/install/new_practice_bringup/share/colcon-core/packages/new_practice_bringup)
[3.945s] Level 1:colcon.colcon_core.environment:create_environment_scripts_only(new_robot_description)
[3.946s] DEBUG:colcon.colcon_core.event_handler.log_command:Invoked command in '/home/yolo/ros_practice_ws/build/new_robot_description' returned '0': CMAKE_PREFIX_PATH=/opt/ros/humble /usr/bin/cmake --install /home/yolo/ros_practice_ws/build/new_robot_description
[3.981s] Level 1:colcon.colcon_core.environment:checking '/home/yolo/ros_practice_ws/install/new_robot_description' for CMake module files
[3.982s] Level 1:colcon.colcon_core.environment:checking '/home/yolo/ros_practice_ws/install/new_robot_description' for CMake config files
[3.983s] Level 1:colcon.colcon_core.shell:create_environment_hook('new_robot_description', 'cmake_prefix_path')
[4.015s] INFO:colcon.colcon_core.shell:Creating environment hook '/home/yolo/ros_practice_ws/install/new_robot_description/share/new_robot_description/hook/cmake_prefix_path.ps1'
[4.015s] INFO:colcon.colcon_core.shell:Creating environment descriptor '/home/yolo/ros_practice_ws/install/new_robot_description/share/new_robot_description/hook/cmake_prefix_path.dsv'
[4.016s] INFO:colcon.colcon_core.shell:Creating environment hook '/home/yolo/ros_practice_ws/install/new_robot_description/share/new_robot_description/hook/cmake_prefix_path.sh'
[4.016s] Level 1:colcon.colcon_core.environment:checking '/home/yolo/ros_practice_ws/install/new_robot_description/bin'
[4.016s] Level 1:colcon.colcon_core.environment:checking '/home/yolo/ros_practice_ws/install/new_robot_description/lib/pkgconfig/new_robot_description.pc'
[4.017s] Level 1:colcon.colcon_core.environment:checking '/home/yolo/ros_practice_ws/install/new_robot_description/lib/python3.10/site-packages'
[4.017s] Level 1:colcon.colcon_core.environment:checking '/home/yolo/ros_practice_ws/install/new_robot_description/bin'
[4.047s] INFO:colcon.colcon_core.shell:Creating package script '/home/yolo/ros_practice_ws/install/new_robot_description/share/new_robot_description/package.ps1'
[4.048s] INFO:colcon.colcon_core.shell:Creating package descriptor '/home/yolo/ros_practice_ws/install/new_robot_description/share/new_robot_description/package.dsv'
[4.049s] INFO:colcon.colcon_core.shell:Creating package script '/home/yolo/ros_practice_ws/install/new_robot_description/share/new_robot_description/package.sh'
[4.049s] INFO:colcon.colcon_core.shell:Creating package script '/home/yolo/ros_practice_ws/install/new_robot_description/share/new_robot_description/package.bash'
[4.049s] INFO:colcon.colcon_core.shell:Creating package script '/home/yolo/ros_practice_ws/install/new_robot_description/share/new_robot_description/package.zsh'
[4.050s] Level 1:colcon.colcon_core.environment:create_file_with_runtime_dependencies(/home/yolo/ros_practice_ws/install/new_robot_description/share/colcon-core/packages/new_robot_description)
[4.089s] Level 1:colcon.colcon_core.environment:create_environment_scripts_only(new_practice_bringup)
[4.121s] Level 1:colcon.colcon_core.environment:checking '/home/yolo/ros_practice_ws/install/new_practice_bringup' for CMake module files
[4.122s] Level 1:colcon.colcon_core.environment:checking '/home/yolo/ros_practice_ws/install/new_practice_bringup' for CMake config files
[4.122s] Level 1:colcon.colcon_core.shell:create_environment_hook('new_practice_bringup', 'cmake_prefix_path')
[4.153s] INFO:colcon.colcon_core.shell:Creating environment hook '/home/yolo/ros_practice_ws/install/new_practice_bringup/share/new_practice_bringup/hook/cmake_prefix_path.ps1'
[4.154s] INFO:colcon.colcon_core.shell:Creating environment descriptor '/home/yolo/ros_practice_ws/install/new_practice_bringup/share/new_practice_bringup/hook/cmake_prefix_path.dsv'
[4.154s] INFO:colcon.colcon_core.shell:Creating environment hook '/home/yolo/ros_practice_ws/install/new_practice_bringup/share/new_practice_bringup/hook/cmake_prefix_path.sh'
[4.155s] Level 1:colcon.colcon_core.environment:checking '/home/yolo/ros_practice_ws/install/new_practice_bringup/bin'
[4.155s] Level 1:colcon.colcon_core.environment:checking '/home/yolo/ros_practice_ws/install/new_practice_bringup/lib/pkgconfig/new_practice_bringup.pc'
[4.155s] Level 1:colcon.colcon_core.environment:checking '/home/yolo/ros_practice_ws/install/new_practice_bringup/lib/python3.10/site-packages'
[4.155s] Level 1:colcon.colcon_core.environment:checking '/home/yolo/ros_practice_ws/install/new_practice_bringup/bin'
[4.187s] INFO:colcon.colcon_core.shell:Creating package script '/home/yolo/ros_practice_ws/install/new_practice_bringup/share/new_practice_bringup/package.ps1'
[4.187s] INFO:colcon.colcon_core.shell:Creating package descriptor '/home/yolo/ros_practice_ws/install/new_practice_bringup/share/new_practice_bringup/package.dsv'
[4.188s] INFO:colcon.colcon_core.shell:Creating package script '/home/yolo/ros_practice_ws/install/new_practice_bringup/share/new_practice_bringup/package.sh'
[4.188s] INFO:colcon.colcon_core.shell:Creating package script '/home/yolo/ros_practice_ws/install/new_practice_bringup/share/new_practice_bringup/package.bash'
[4.189s] INFO:colcon.colcon_core.shell:Creating package script '/home/yolo/ros_practice_ws/install/new_practice_bringup/share/new_practice_bringup/package.zsh'
[4.190s] Level 1:colcon.colcon_core.environment:create_file_with_runtime_dependencies(/home/yolo/ros_practice_ws/install/new_practice_bringup/share/colcon-core/packages/new_practice_bringup)
[4.225s] Level 1:colcon.colcon_core.environment:create_environment_scripts_only(new_robot_description)
[4.264s] Level 1:colcon.colcon_core.environment:checking '/home/yolo/ros_practice_ws/install/new_robot_description' for CMake module files
[4.265s] Level 1:colcon.colcon_core.environment:checking '/home/yolo/ros_practice_ws/install/new_robot_description' for CMake config files
[4.266s] Level 1:colcon.colcon_core.shell:create_environment_hook('new_robot_description', 'cmake_prefix_path')
[4.300s] INFO:colcon.colcon_core.shell:Creating environment hook '/home/yolo/ros_practice_ws/install/new_robot_description/share/new_robot_description/hook/cmake_prefix_path.ps1'
[4.301s] INFO:colcon.colcon_core.shell:Creating environment descriptor '/home/yolo/ros_practice_ws/install/new_robot_description/share/new_robot_description/hook/cmake_prefix_path.dsv'
[4.302s] INFO:colcon.colcon_core.shell:Creating environment hook '/home/yolo/ros_practice_ws/install/new_robot_description/share/new_robot_description/hook/cmake_prefix_path.sh'
[4.302s] Level 1:colcon.colcon_core.environment:checking '/home/yolo/ros_practice_ws/install/new_robot_description/bin'
[4.303s] Level 1:colcon.colcon_core.environment:checking '/home/yolo/ros_practice_ws/install/new_robot_description/lib/pkgconfig/new_robot_description.pc'
[4.303s] Level 1:colcon.colcon_core.environment:checking '/home/yolo/ros_practice_ws/install/new_robot_description/lib/python3.10/site-packages'
[4.303s] Level 1:colcon.colcon_core.environment:checking '/home/yolo/ros_practice_ws/install/new_robot_description/bin'
[4.335s] INFO:colcon.colcon_core.shell:Creating package script '/home/yolo/ros_practice_ws/install/new_robot_description/share/new_robot_description/package.ps1'
[4.336s] INFO:colcon.colcon_core.shell:Creating package descriptor '/home/yolo/ros_practice_ws/install/new_robot_description/share/new_robot_description/package.dsv'
[4.337s] INFO:colcon.colcon_core.shell:Creating package script '/home/yolo/ros_practice_ws/install/new_robot_description/share/new_robot_description/package.sh'
[4.337s] INFO:colcon.colcon_core.shell:Creating package script '/home/yolo/ros_practice_ws/install/new_robot_description/share/new_robot_description/package.bash'
[4.338s] INFO:colcon.colcon_core.shell:Creating package script '/home/yolo/ros_practice_ws/install/new_robot_description/share/new_robot_description/package.zsh'
[4.338s] Level 1:colcon.colcon_core.environment:create_file_with_runtime_dependencies(/home/yolo/ros_practice_ws/install/new_robot_description/share/colcon-core/packages/new_robot_description)
[9.733s] DEBUG:colcon.colcon_core.event_handler.log_command:Invoked command in '/home/yolo/ros_practice_ws/build/turtlesim_pose' returned '2': CMAKE_PREFIX_PATH=/opt/ros/humble /usr/bin/cmake --build /home/yolo/ros_practice_ws/build/turtlesim_pose -- -j4 -l4
[9.820s] Level 1:colcon.colcon_core.environment:create_environment_scripts_only(turtlesim_pose)
[9.851s] Level 1:colcon.colcon_core.environment:checking '/home/yolo/ros_practice_ws/install/turtlesim_pose' for CMake module files
[9.851s] Level 1:colcon.colcon_core.environment:checking '/home/yolo/ros_practice_ws/install/turtlesim_pose' for CMake config files
[9.851s] Level 1:colcon.colcon_core.environment:checking '/home/yolo/ros_practice_ws/install/turtlesim_pose/bin'
[9.852s] Level 1:colcon.colcon_core.environment:checking '/home/yolo/ros_practice_ws/install/turtlesim_pose/lib/pkgconfig/turtlesim_pose.pc'
[9.852s] Level 1:colcon.colcon_core.environment:checking '/home/yolo/ros_practice_ws/install/turtlesim_pose/lib/python3.10/site-packages'
[9.852s] Level 1:colcon.colcon_core.environment:checking '/home/yolo/ros_practice_ws/install/turtlesim_pose/bin'
[9.879s] INFO:colcon.colcon_core.shell:Creating package script '/home/yolo/ros_practice_ws/install/turtlesim_pose/share/turtlesim_pose/package.ps1'
[9.879s] INFO:colcon.colcon_core.shell:Creating package descriptor '/home/yolo/ros_practice_ws/install/turtlesim_pose/share/turtlesim_pose/package.dsv'
[9.880s] INFO:colcon.colcon_core.shell:Creating package script '/home/yolo/ros_practice_ws/install/turtlesim_pose/share/turtlesim_pose/package.sh'
[9.880s] INFO:colcon.colcon_core.shell:Creating package script '/home/yolo/ros_practice_ws/install/turtlesim_pose/share/turtlesim_pose/package.bash'
[9.881s] INFO:colcon.colcon_core.shell:Creating package script '/home/yolo/ros_practice_ws/install/turtlesim_pose/share/turtlesim_pose/package.zsh'
[9.881s] Level 1:colcon.colcon_core.environment:create_file_with_runtime_dependencies(/home/yolo/ros_practice_ws/install/turtlesim_pose/share/colcon-core/packages/turtlesim_pose)
[9.891s] DEBUG:colcon.colcon_parallel_executor.executor.parallel:closing loop
[9.892s] DEBUG:colcon.colcon_parallel_executor.executor.parallel:loop closed
[9.892s] DEBUG:colcon.colcon_parallel_executor.executor.parallel:run_until_complete finished with '2'
[9.892s] DEBUG:colcon.colcon_core.event_reactor:joining thread
[9.930s] INFO:colcon.colcon_core.plugin_system:Skipping extension 'colcon_notification.desktop_notification.terminal_notifier': Not used on non-Darwin systems
[9.931s] INFO:colcon.colcon_core.plugin_system:Skipping extension 'colcon_notification.desktop_notification.win32': Not used on non-Windows systems
[9.931s] INFO:colcon.colcon_notification.desktop_notification:Sending desktop notification using 'notify2'
[9.946s] DEBUG:colcon.colcon_core.event_reactor:joined thread
[9.978s] INFO:colcon.colcon_core.shell:Creating prefix script '/home/yolo/ros_practice_ws/install/local_setup.ps1'
[9.979s] INFO:colcon.colcon_core.shell:Creating prefix util module '/home/yolo/ros_practice_ws/install/_local_setup_util_ps1.py'
[9.980s] INFO:colcon.colcon_core.shell:Creating prefix chain script '/home/yolo/ros_practice_ws/install/setup.ps1'
[10.010s] INFO:colcon.colcon_core.shell:Creating prefix script '/home/yolo/ros_practice_ws/install/local_setup.sh'
[10.011s] INFO:colcon.colcon_core.shell:Creating prefix util module '/home/yolo/ros_practice_ws/install/_local_setup_util_sh.py'
[10.011s] INFO:colcon.colcon_core.shell:Creating prefix chain script '/home/yolo/ros_practice_ws/install/setup.sh'
[10.041s] INFO:colcon.colcon_core.shell:Creating prefix script '/home/yolo/ros_practice_ws/install/local_setup.bash'
[10.042s] INFO:colcon.colcon_core.shell:Creating prefix chain script '/home/yolo/ros_practice_ws/install/setup.bash'
[10.071s] INFO:colcon.colcon_core.shell:Creating prefix script '/home/yolo/ros_practice_ws/install/local_setup.zsh'
[10.072s] INFO:colcon.colcon_core.shell:Creating prefix chain script '/home/yolo/ros_practice_ws/install/setup.zsh'
