[0.287s] Invoking command in '/home/yolo/ros_practice_ws/build/new_practice_bringup': CMAKE_PREFIX_PATH=/opt/ros/humble /usr/bin/cmake --build /home/yolo/ros_practice_ws/build/new_practice_bringup -- -j4 -l4
[0.385s] Invoked command in '/home/yolo/ros_practice_ws/build/new_practice_bringup' returned '0': CMAKE_PREFIX_PATH=/opt/ros/humble /usr/bin/cmake --build /home/yolo/ros_practice_ws/build/new_practice_bringup -- -j4 -l4
[0.437s] Invoking command in '/home/yolo/ros_practice_ws/build/new_practice_bringup': CMAKE_PREFIX_PATH=/opt/ros/humble /usr/bin/cmake --install /home/yolo/ros_practice_ws/build/new_practice_bringup
[0.450s] -- Install configuration: ""
[0.451s] -- Execute custom install script
[0.453s] -- Up-to-date symlink: /home/yolo/ros_practice_ws/install/new_practice_bringup/share/new_practice_bringup//launch/new_bringup.launch.xml
[0.454s] -- Up-to-date symlink: /home/yolo/ros_practice_ws/install/new_practice_bringup/share/new_practice_bringup//rviz/urdf_config.rviz
[0.456s] -- Up-to-date symlink: /home/yolo/ros_practice_ws/install/new_practice_bringup/share/new_practice_bringup//world/my_world
[0.457s] -- Up-to-date symlink: /home/yolo/ros_practice_ws/install/new_practice_bringup/share/ament_index/resource_index/package_run_dependencies/new_practice_bringup
[0.457s] -- Up-to-date symlink: /home/yolo/ros_practice_ws/install/new_practice_bringup/share/ament_index/resource_index/parent_prefix_path/new_practice_bringup
[0.458s] -- Up-to-date symlink: /home/yolo/ros_practice_ws/install/new_practice_bringup/share/new_practice_bringup/environment/ament_prefix_path.sh
[0.458s] -- Up-to-date symlink: /home/yolo/ros_practice_ws/install/new_practice_bringup/share/new_practice_bringup/environment/ament_prefix_path.dsv
[0.458s] -- Up-to-date symlink: /home/yolo/ros_practice_ws/install/new_practice_bringup/share/new_practice_bringup/environment/path.sh
[0.459s] -- Up-to-date symlink: /home/yolo/ros_practice_ws/install/new_practice_bringup/share/new_practice_bringup/environment/path.dsv
[0.459s] -- Up-to-date symlink: /home/yolo/ros_practice_ws/install/new_practice_bringup/share/new_practice_bringup/local_setup.bash
[0.460s] -- Up-to-date symlink: /home/yolo/ros_practice_ws/install/new_practice_bringup/share/new_practice_bringup/local_setup.sh
[0.460s] -- Up-to-date symlink: /home/yolo/ros_practice_ws/install/new_practice_bringup/share/new_practice_bringup/local_setup.zsh
[0.461s] -- Up-to-date symlink: /home/yolo/ros_practice_ws/install/new_practice_bringup/share/new_practice_bringup/local_setup.dsv
[0.461s] -- Symlinking: /home/yolo/ros_practice_ws/install/new_practice_bringup/share/new_practice_bringup/package.dsv
[0.477s] -- Up-to-date symlink: /home/yolo/ros_practice_ws/install/new_practice_bringup/share/ament_index/resource_index/packages/new_practice_bringup
[0.478s] -- Up-to-date symlink: /home/yolo/ros_practice_ws/install/new_practice_bringup/share/new_practice_bringup/cmake/new_practice_bringupConfig.cmake
[0.478s] -- Up-to-date symlink: /home/yolo/ros_practice_ws/install/new_practice_bringup/share/new_practice_bringup/cmake/new_practice_bringupConfig-version.cmake
[0.478s] -- Up-to-date symlink: /home/yolo/ros_practice_ws/install/new_practice_bringup/share/new_practice_bringup/package.xml
[0.482s] Invoked command in '/home/yolo/ros_practice_ws/build/new_practice_bringup' returned '0': CMAKE_PREFIX_PATH=/opt/ros/humble /usr/bin/cmake --install /home/yolo/ros_practice_ws/build/new_practice_bringup
