[2.754s] DEBUG:colcon:Command line arguments: ['/home/yolo/.local/bin/colcon', 'build']
[2.754s] DEBUG:colcon:Parsed command line arguments: Namespace(log_base=None, log_level=None, verb_name='build', build_base='build', install_base='install', merge_install=False, symlink_install=False, test_result_base=None, continue_on_error=False, executor='parallel', parallel_workers=4, event_handlers=None, ignore_user_meta=False, metas=['./colcon.meta'], base_paths=['.'], packages_ignore=None, packages_ignore_regex=None, paths=None, packages_up_to=None, packages_up_to_regex=None, packages_above=None, packages_above_and_dependencies=None, packages_above_depth=None, packages_select_by_dep=None, packages_skip_by_dep=None, packages_skip_up_to=None, packages_select_build_failed=False, packages_skip_build_finished=False, packages_select_test_failures=False, packages_skip_test_passed=False, packages_select=None, packages_skip=None, packages_select_regex=None, packages_skip_regex=None, packages_start=None, packages_end=None, allow_overriding=[], cmake_args=None, cmake_target=None, cmake_target_skip_unavailable=False, cmake_clean_cache=False, cmake_clean_first=False, cmake_force_configure=False, ament_cmake_args=None, catkin_cmake_args=None, catkin_skip_building_tests=False, mixin_files=None, mixin=None, verb_parser=<colcon_mixin.mixin.mixin_argument.MixinArgumentDecorator object at 0x761e75081c90>, verb_extension=<colcon_core.verb.build.BuildVerb object at 0x761e750802e0>, main=<bound method BuildVerb.main of <colcon_core.verb.build.BuildVerb object at 0x761e750802e0>>, mixin_verb=('build',))
[2.866s] Level 1:colcon.colcon_core.package_discovery:discover_packages(colcon_meta) check parameters
[2.867s] Level 1:colcon.colcon_core.package_discovery:discover_packages(recursive) check parameters
[2.867s] Level 1:colcon.colcon_core.package_discovery:discover_packages(ignore) check parameters
[2.867s] Level 1:colcon.colcon_core.package_discovery:discover_packages(path) check parameters
[2.867s] Level 1:colcon.colcon_core.package_discovery:discover_packages(colcon_meta) discover
[2.867s] Level 1:colcon.colcon_core.package_discovery:discover_packages(recursive) discover
[2.867s] INFO:colcon.colcon_core.package_discovery:Crawling recursively for packages in '/home/yolo/ros_practice_ws'
[2.867s] Level 1:colcon.colcon_core.package_identification:_identify(.) by extensions ['ignore', 'ignore_ament_install']
[2.867s] Level 1:colcon.colcon_core.package_identification:_identify(.) by extension 'ignore'
[2.867s] Level 1:colcon.colcon_core.package_identification:_identify(.) by extension 'ignore_ament_install'
[2.867s] Level 1:colcon.colcon_core.package_identification:_identify(.) by extensions ['colcon_pkg']
[2.867s] Level 1:colcon.colcon_core.package_identification:_identify(.) by extension 'colcon_pkg'
[2.867s] Level 1:colcon.colcon_core.package_identification:_identify(.) by extensions ['colcon_meta']
[2.867s] Level 1:colcon.colcon_core.package_identification:_identify(.) by extension 'colcon_meta'
[2.867s] Level 1:colcon.colcon_core.package_identification:_identify(.) by extensions ['ros']
[2.867s] Level 1:colcon.colcon_core.package_identification:_identify(.) by extension 'ros'
[2.903s] Level 1:colcon.colcon_core.package_identification:_identify(.) by extensions ['cmake', 'python']
[2.903s] Level 1:colcon.colcon_core.package_identification:_identify(.) by extension 'cmake'
[2.903s] Level 1:colcon.colcon_core.package_identification:_identify(.) by extension 'python'
[2.903s] Level 1:colcon.colcon_core.package_identification:_identify(.) by extensions ['python_setup_py']
[2.903s] Level 1:colcon.colcon_core.package_identification:_identify(.) by extension 'python_setup_py'
[2.904s] Level 1:colcon.colcon_core.package_identification:_identify(build) by extensions ['ignore', 'ignore_ament_install']
[2.904s] Level 1:colcon.colcon_core.package_identification:_identify(build) by extension 'ignore'
[2.904s] Level 1:colcon.colcon_core.package_identification:_identify(build) ignored
[2.904s] Level 1:colcon.colcon_core.package_identification:_identify(install) by extensions ['ignore', 'ignore_ament_install']
[2.904s] Level 1:colcon.colcon_core.package_identification:_identify(install) by extension 'ignore'
[2.904s] Level 1:colcon.colcon_core.package_identification:_identify(install) ignored
[2.905s] Level 1:colcon.colcon_core.package_identification:_identify(log) by extensions ['ignore', 'ignore_ament_install']
[2.905s] Level 1:colcon.colcon_core.package_identification:_identify(log) by extension 'ignore'
[2.905s] Level 1:colcon.colcon_core.package_identification:_identify(log) ignored
[2.905s] Level 1:colcon.colcon_core.package_identification:_identify(src) by extensions ['ignore', 'ignore_ament_install']
[2.905s] Level 1:colcon.colcon_core.package_identification:_identify(src) by extension 'ignore'
[2.905s] Level 1:colcon.colcon_core.package_identification:_identify(src) by extension 'ignore_ament_install'
[2.905s] Level 1:colcon.colcon_core.package_identification:_identify(src) by extensions ['colcon_pkg']
[2.905s] Level 1:colcon.colcon_core.package_identification:_identify(src) by extension 'colcon_pkg'
[2.905s] Level 1:colcon.colcon_core.package_identification:_identify(src) by extensions ['colcon_meta']
[2.905s] Level 1:colcon.colcon_core.package_identification:_identify(src) by extension 'colcon_meta'
[2.905s] Level 1:colcon.colcon_core.package_identification:_identify(src) by extensions ['ros']
[2.905s] Level 1:colcon.colcon_core.package_identification:_identify(src) by extension 'ros'
[2.906s] Level 1:colcon.colcon_core.package_identification:_identify(src) by extensions ['cmake', 'python']
[2.906s] Level 1:colcon.colcon_core.package_identification:_identify(src) by extension 'cmake'
[2.906s] Level 1:colcon.colcon_core.package_identification:_identify(src) by extension 'python'
[2.906s] Level 1:colcon.colcon_core.package_identification:_identify(src) by extensions ['python_setup_py']
[2.906s] Level 1:colcon.colcon_core.package_identification:_identify(src) by extension 'python_setup_py'
[2.906s] Level 1:colcon.colcon_core.package_identification:_identify(src/new_practice_bringup) by extensions ['ignore', 'ignore_ament_install']
[2.906s] Level 1:colcon.colcon_core.package_identification:_identify(src/new_practice_bringup) by extension 'ignore'
[2.906s] Level 1:colcon.colcon_core.package_identification:_identify(src/new_practice_bringup) by extension 'ignore_ament_install'
[2.906s] Level 1:colcon.colcon_core.package_identification:_identify(src/new_practice_bringup) by extensions ['colcon_pkg']
[2.906s] Level 1:colcon.colcon_core.package_identification:_identify(src/new_practice_bringup) by extension 'colcon_pkg'
[2.906s] Level 1:colcon.colcon_core.package_identification:_identify(src/new_practice_bringup) by extensions ['colcon_meta']
[2.906s] Level 1:colcon.colcon_core.package_identification:_identify(src/new_practice_bringup) by extension 'colcon_meta'
[2.907s] Level 1:colcon.colcon_core.package_identification:_identify(src/new_practice_bringup) by extensions ['ros']
[2.907s] Level 1:colcon.colcon_core.package_identification:_identify(src/new_practice_bringup) by extension 'ros'
[2.911s] DEBUG:colcon.colcon_core.package_identification:Package 'src/new_practice_bringup' with type 'ros.ament_cmake' and name 'new_practice_bringup'
[2.911s] Level 1:colcon.colcon_core.package_identification:_identify(src/new_robot_description) by extensions ['ignore', 'ignore_ament_install']
[2.911s] Level 1:colcon.colcon_core.package_identification:_identify(src/new_robot_description) by extension 'ignore'
[2.911s] Level 1:colcon.colcon_core.package_identification:_identify(src/new_robot_description) by extension 'ignore_ament_install'
[2.911s] Level 1:colcon.colcon_core.package_identification:_identify(src/new_robot_description) by extensions ['colcon_pkg']
[2.911s] Level 1:colcon.colcon_core.package_identification:_identify(src/new_robot_description) by extension 'colcon_pkg'
[2.911s] Level 1:colcon.colcon_core.package_identification:_identify(src/new_robot_description) by extensions ['colcon_meta']
[2.911s] Level 1:colcon.colcon_core.package_identification:_identify(src/new_robot_description) by extension 'colcon_meta'
[2.911s] Level 1:colcon.colcon_core.package_identification:_identify(src/new_robot_description) by extensions ['ros']
[2.912s] Level 1:colcon.colcon_core.package_identification:_identify(src/new_robot_description) by extension 'ros'
[2.912s] DEBUG:colcon.colcon_core.package_identification:Package 'src/new_robot_description' with type 'ros.ament_cmake' and name 'new_robot_description'
[2.913s] Level 1:colcon.colcon_core.package_identification:_identify(src/turtlesim_pose) by extensions ['ignore', 'ignore_ament_install']
[2.913s] Level 1:colcon.colcon_core.package_identification:_identify(src/turtlesim_pose) by extension 'ignore'
[2.913s] Level 1:colcon.colcon_core.package_identification:_identify(src/turtlesim_pose) by extension 'ignore_ament_install'
[2.913s] Level 1:colcon.colcon_core.package_identification:_identify(src/turtlesim_pose) by extensions ['colcon_pkg']
[2.913s] Level 1:colcon.colcon_core.package_identification:_identify(src/turtlesim_pose) by extension 'colcon_pkg'
[2.913s] Level 1:colcon.colcon_core.package_identification:_identify(src/turtlesim_pose) by extensions ['colcon_meta']
[2.913s] Level 1:colcon.colcon_core.package_identification:_identify(src/turtlesim_pose) by extension 'colcon_meta'
[2.913s] Level 1:colcon.colcon_core.package_identification:_identify(src/turtlesim_pose) by extensions ['ros']
[2.913s] Level 1:colcon.colcon_core.package_identification:_identify(src/turtlesim_pose) by extension 'ros'
[2.915s] DEBUG:colcon.colcon_core.package_identification:Package 'src/turtlesim_pose' with type 'ros.ament_cmake' and name 'turtlesim_pose'
[2.915s] Level 1:colcon.colcon_core.package_discovery:discover_packages(recursive) using defaults
[2.915s] Level 1:colcon.colcon_core.package_discovery:discover_packages(ignore) discover
[2.915s] Level 1:colcon.colcon_core.package_discovery:discover_packages(ignore) using defaults
[2.915s] Level 1:colcon.colcon_core.package_discovery:discover_packages(path) discover
[2.915s] Level 1:colcon.colcon_core.package_discovery:discover_packages(path) using defaults
[3.124s] Level 1:colcon.colcon_core.package_discovery:discover_packages(prefix_path) check parameters
[3.124s] Level 1:colcon.colcon_core.package_discovery:discover_packages(prefix_path) discover
[3.189s] DEBUG:colcon.colcon_installed_package_information.package_discovery:Found 397 installed packages in /opt/ros/humble
[3.192s] Level 1:colcon.colcon_core.package_discovery:discover_packages(prefix_path) using defaults
[3.373s] Level 5:colcon.colcon_core.verb:set package 'new_practice_bringup' build argument 'cmake_args' from command line to 'None'
[3.373s] Level 5:colcon.colcon_core.verb:set package 'new_practice_bringup' build argument 'cmake_target' from command line to 'None'
[3.373s] Level 5:colcon.colcon_core.verb:set package 'new_practice_bringup' build argument 'cmake_target_skip_unavailable' from command line to 'False'
[3.373s] Level 5:colcon.colcon_core.verb:set package 'new_practice_bringup' build argument 'cmake_clean_cache' from command line to 'False'
[3.373s] Level 5:colcon.colcon_core.verb:set package 'new_practice_bringup' build argument 'cmake_clean_first' from command line to 'False'
[3.373s] Level 5:colcon.colcon_core.verb:set package 'new_practice_bringup' build argument 'cmake_force_configure' from command line to 'False'
[3.373s] Level 5:colcon.colcon_core.verb:set package 'new_practice_bringup' build argument 'ament_cmake_args' from command line to 'None'
[3.373s] Level 5:colcon.colcon_core.verb:set package 'new_practice_bringup' build argument 'catkin_cmake_args' from command line to 'None'
[3.373s] Level 5:colcon.colcon_core.verb:set package 'new_practice_bringup' build argument 'catkin_skip_building_tests' from command line to 'False'
[3.373s] DEBUG:colcon.colcon_core.verb:Building package 'new_practice_bringup' with the following arguments: {'ament_cmake_args': None, 'build_base': '/home/yolo/ros_practice_ws/build/new_practice_bringup', 'catkin_cmake_args': None, 'catkin_skip_building_tests': False, 'cmake_args': None, 'cmake_clean_cache': False, 'cmake_clean_first': False, 'cmake_force_configure': False, 'cmake_target': None, 'cmake_target_skip_unavailable': False, 'install_base': '/home/yolo/ros_practice_ws/install/new_practice_bringup', 'merge_install': False, 'path': '/home/yolo/ros_practice_ws/src/new_practice_bringup', 'symlink_install': False, 'test_result_base': None}
[3.399s] Level 5:colcon.colcon_core.verb:set package 'new_robot_description' build argument 'cmake_args' from command line to 'None'
[3.399s] Level 5:colcon.colcon_core.verb:set package 'new_robot_description' build argument 'cmake_target' from command line to 'None'
[3.399s] Level 5:colcon.colcon_core.verb:set package 'new_robot_description' build argument 'cmake_target_skip_unavailable' from command line to 'False'
[3.400s] Level 5:colcon.colcon_core.verb:set package 'new_robot_description' build argument 'cmake_clean_cache' from command line to 'False'
[3.400s] Level 5:colcon.colcon_core.verb:set package 'new_robot_description' build argument 'cmake_clean_first' from command line to 'False'
[3.400s] Level 5:colcon.colcon_core.verb:set package 'new_robot_description' build argument 'cmake_force_configure' from command line to 'False'
[3.400s] Level 5:colcon.colcon_core.verb:set package 'new_robot_description' build argument 'ament_cmake_args' from command line to 'None'
[3.400s] Level 5:colcon.colcon_core.verb:set package 'new_robot_description' build argument 'catkin_cmake_args' from command line to 'None'
[3.400s] Level 5:colcon.colcon_core.verb:set package 'new_robot_description' build argument 'catkin_skip_building_tests' from command line to 'False'
[3.400s] DEBUG:colcon.colcon_core.verb:Building package 'new_robot_description' with the following arguments: {'ament_cmake_args': None, 'build_base': '/home/yolo/ros_practice_ws/build/new_robot_description', 'catkin_cmake_args': None, 'catkin_skip_building_tests': False, 'cmake_args': None, 'cmake_clean_cache': False, 'cmake_clean_first': False, 'cmake_force_configure': False, 'cmake_target': None, 'cmake_target_skip_unavailable': False, 'install_base': '/home/yolo/ros_practice_ws/install/new_robot_description', 'merge_install': False, 'path': '/home/yolo/ros_practice_ws/src/new_robot_description', 'symlink_install': False, 'test_result_base': None}
[3.428s] Level 5:colcon.colcon_core.verb:set package 'turtlesim_pose' build argument 'cmake_args' from command line to 'None'
[3.428s] Level 5:colcon.colcon_core.verb:set package 'turtlesim_pose' build argument 'cmake_target' from command line to 'None'
[3.428s] Level 5:colcon.colcon_core.verb:set package 'turtlesim_pose' build argument 'cmake_target_skip_unavailable' from command line to 'False'
[3.428s] Level 5:colcon.colcon_core.verb:set package 'turtlesim_pose' build argument 'cmake_clean_cache' from command line to 'False'
[3.428s] Level 5:colcon.colcon_core.verb:set package 'turtlesim_pose' build argument 'cmake_clean_first' from command line to 'False'
[3.428s] Level 5:colcon.colcon_core.verb:set package 'turtlesim_pose' build argument 'cmake_force_configure' from command line to 'False'
[3.428s] Level 5:colcon.colcon_core.verb:set package 'turtlesim_pose' build argument 'ament_cmake_args' from command line to 'None'
[3.428s] Level 5:colcon.colcon_core.verb:set package 'turtlesim_pose' build argument 'catkin_cmake_args' from command line to 'None'
[3.428s] Level 5:colcon.colcon_core.verb:set package 'turtlesim_pose' build argument 'catkin_skip_building_tests' from command line to 'False'
[3.428s] DEBUG:colcon.colcon_core.verb:Building package 'turtlesim_pose' with the following arguments: {'ament_cmake_args': None, 'build_base': '/home/yolo/ros_practice_ws/build/turtlesim_pose', 'catkin_cmake_args': None, 'catkin_skip_building_tests': False, 'cmake_args': None, 'cmake_clean_cache': False, 'cmake_clean_first': False, 'cmake_force_configure': False, 'cmake_target': None, 'cmake_target_skip_unavailable': False, 'install_base': '/home/yolo/ros_practice_ws/install/turtlesim_pose', 'merge_install': False, 'path': '/home/yolo/ros_practice_ws/src/turtlesim_pose', 'symlink_install': False, 'test_result_base': None}
[3.457s] INFO:colcon.colcon_core.executor:Executing jobs using 'parallel' executor
[3.487s] DEBUG:colcon.colcon_parallel_executor.executor.parallel:run_until_complete
[3.487s] INFO:colcon.colcon_ros.task.ament_cmake.build:Building ROS package in '/home/yolo/ros_practice_ws/src/new_practice_bringup' with build type 'ament_cmake'
[3.487s] INFO:colcon.colcon_cmake.task.cmake.build:Building CMake package in '/home/yolo/ros_practice_ws/src/new_practice_bringup'
[3.527s] INFO:colcon.colcon_core.plugin_system:Skipping extension 'colcon_core.shell.bat': Not used on non-Windows systems
[3.528s] INFO:colcon.colcon_core.shell:Skip shell extension 'powershell' for command environment: Not usable outside of PowerShell
[3.528s] DEBUG:colcon.colcon_core.shell:Skip shell extension 'dsv' for command environment
[3.591s] INFO:colcon.colcon_ros.task.ament_cmake.build:Building ROS package in '/home/yolo/ros_practice_ws/src/new_robot_description' with build type 'ament_cmake'
[3.592s] INFO:colcon.colcon_cmake.task.cmake.build:Building CMake package in '/home/yolo/ros_practice_ws/src/new_robot_description'
[3.623s] INFO:colcon.colcon_core.shell:Skip shell extension 'powershell' for command environment: Not usable outside of PowerShell
[3.623s] DEBUG:colcon.colcon_core.shell:Skip shell extension 'dsv' for command environment
[3.682s] INFO:colcon.colcon_ros.task.ament_cmake.build:Building ROS package in '/home/yolo/ros_practice_ws/src/turtlesim_pose' with build type 'ament_cmake'
[3.683s] INFO:colcon.colcon_cmake.task.cmake.build:Building CMake package in '/home/yolo/ros_practice_ws/src/turtlesim_pose'
[3.716s] INFO:colcon.colcon_core.shell:Skip shell extension 'powershell' for command environment: Not usable outside of PowerShell
[3.716s] DEBUG:colcon.colcon_core.shell:Skip shell extension 'dsv' for command environment
[3.786s] DEBUG:colcon.colcon_core.event_handler.log_command:Invoking command in '/home/yolo/ros_practice_ws/build/new_practice_bringup': CMAKE_PREFIX_PATH=/opt/ros/humble /usr/bin/cmake --build /home/yolo/ros_practice_ws/build/new_practice_bringup -- -j4 -l4
[3.796s] DEBUG:colcon.colcon_core.event_handler.log_command:Invoking command in '/home/yolo/ros_practice_ws/build/new_robot_description': CMAKE_PREFIX_PATH=/opt/ros/humble /usr/bin/cmake --build /home/yolo/ros_practice_ws/build/new_robot_description -- -j4 -l4
[3.801s] DEBUG:colcon.colcon_core.event_handler.log_command:Invoking command in '/home/yolo/ros_practice_ws/build/turtlesim_pose': CMAKE_PREFIX_PATH=/opt/ros/humble /usr/bin/cmake --build /home/yolo/ros_practice_ws/build/turtlesim_pose -- -j4 -l4
[3.913s] DEBUG:colcon.colcon_core.event_handler.log_command:Invoked command in '/home/yolo/ros_practice_ws/build/new_practice_bringup' returned '0': CMAKE_PREFIX_PATH=/opt/ros/humble /usr/bin/cmake --build /home/yolo/ros_practice_ws/build/new_practice_bringup -- -j4 -l4
[3.916s] DEBUG:colcon.colcon_core.event_handler.log_command:Invoked command in '/home/yolo/ros_practice_ws/build/new_robot_description' returned '0': CMAKE_PREFIX_PATH=/opt/ros/humble /usr/bin/cmake --build /home/yolo/ros_practice_ws/build/new_robot_description -- -j4 -l4
[3.963s] DEBUG:colcon.colcon_core.event_handler.log_command:Invoking command in '/home/yolo/ros_practice_ws/build/new_practice_bringup': CMAKE_PREFIX_PATH=/opt/ros/humble /usr/bin/cmake --install /home/yolo/ros_practice_ws/build/new_practice_bringup
[3.966s] DEBUG:colcon.colcon_core.event_handler.log_command:Invoking command in '/home/yolo/ros_practice_ws/build/new_robot_description': CMAKE_PREFIX_PATH=/opt/ros/humble /usr/bin/cmake --install /home/yolo/ros_practice_ws/build/new_robot_description
[4.004s] Level 1:colcon.colcon_core.environment:create_environment_scripts_only(new_practice_bringup)
[4.005s] DEBUG:colcon.colcon_core.event_handler.log_command:Invoked command in '/home/yolo/ros_practice_ws/build/new_practice_bringup' returned '0': CMAKE_PREFIX_PATH=/opt/ros/humble /usr/bin/cmake --install /home/yolo/ros_practice_ws/build/new_practice_bringup
[4.044s] Level 1:colcon.colcon_core.environment:checking '/home/yolo/ros_practice_ws/install/new_practice_bringup' for CMake module files
[4.045s] Level 1:colcon.colcon_core.environment:checking '/home/yolo/ros_practice_ws/install/new_practice_bringup' for CMake config files
[4.045s] Level 1:colcon.colcon_core.shell:create_environment_hook('new_practice_bringup', 'cmake_prefix_path')
[4.074s] INFO:colcon.colcon_core.shell:Creating environment hook '/home/yolo/ros_practice_ws/install/new_practice_bringup/share/new_practice_bringup/hook/cmake_prefix_path.ps1'
[4.075s] INFO:colcon.colcon_core.shell:Creating environment descriptor '/home/yolo/ros_practice_ws/install/new_practice_bringup/share/new_practice_bringup/hook/cmake_prefix_path.dsv'
[4.076s] INFO:colcon.colcon_core.shell:Creating environment hook '/home/yolo/ros_practice_ws/install/new_practice_bringup/share/new_practice_bringup/hook/cmake_prefix_path.sh'
[4.077s] Level 1:colcon.colcon_core.environment:checking '/home/yolo/ros_practice_ws/install/new_practice_bringup/bin'
[4.078s] Level 1:colcon.colcon_core.environment:checking '/home/yolo/ros_practice_ws/install/new_practice_bringup/lib/pkgconfig/new_practice_bringup.pc'
[4.078s] Level 1:colcon.colcon_core.environment:checking '/home/yolo/ros_practice_ws/install/new_practice_bringup/lib/python3.10/site-packages'
[4.078s] Level 1:colcon.colcon_core.environment:checking '/home/yolo/ros_practice_ws/install/new_practice_bringup/bin'
[4.108s] INFO:colcon.colcon_core.shell:Creating package script '/home/yolo/ros_practice_ws/install/new_practice_bringup/share/new_practice_bringup/package.ps1'
[4.109s] INFO:colcon.colcon_core.shell:Creating package descriptor '/home/yolo/ros_practice_ws/install/new_practice_bringup/share/new_practice_bringup/package.dsv'
[4.110s] INFO:colcon.colcon_core.shell:Creating package script '/home/yolo/ros_practice_ws/install/new_practice_bringup/share/new_practice_bringup/package.sh'
[4.112s] INFO:colcon.colcon_core.shell:Creating package script '/home/yolo/ros_practice_ws/install/new_practice_bringup/share/new_practice_bringup/package.bash'
[4.113s] INFO:colcon.colcon_core.shell:Creating package script '/home/yolo/ros_practice_ws/install/new_practice_bringup/share/new_practice_bringup/package.zsh'
[4.114s] Level 1:colcon.colcon_core.environment:create_file_with_runtime_dependencies(/home/yolo/ros_practice_ws/install/new_practice_bringup/share/colcon-core/packages/new_practice_bringup)
[4.117s] Level 1:colcon.colcon_core.environment:create_environment_scripts_only(new_robot_description)
[4.117s] DEBUG:colcon.colcon_core.event_handler.log_command:Invoked command in '/home/yolo/ros_practice_ws/build/new_robot_description' returned '0': CMAKE_PREFIX_PATH=/opt/ros/humble /usr/bin/cmake --install /home/yolo/ros_practice_ws/build/new_robot_description
[4.155s] Level 1:colcon.colcon_core.environment:checking '/home/yolo/ros_practice_ws/install/new_robot_description' for CMake module files
[4.155s] Level 1:colcon.colcon_core.environment:checking '/home/yolo/ros_practice_ws/install/new_robot_description' for CMake config files
[4.156s] Level 1:colcon.colcon_core.shell:create_environment_hook('new_robot_description', 'cmake_prefix_path')
[4.187s] INFO:colcon.colcon_core.shell:Creating environment hook '/home/yolo/ros_practice_ws/install/new_robot_description/share/new_robot_description/hook/cmake_prefix_path.ps1'
[4.187s] INFO:colcon.colcon_core.shell:Creating environment descriptor '/home/yolo/ros_practice_ws/install/new_robot_description/share/new_robot_description/hook/cmake_prefix_path.dsv'
[4.188s] INFO:colcon.colcon_core.shell:Creating environment hook '/home/yolo/ros_practice_ws/install/new_robot_description/share/new_robot_description/hook/cmake_prefix_path.sh'
[4.189s] Level 1:colcon.colcon_core.environment:checking '/home/yolo/ros_practice_ws/install/new_robot_description/bin'
[4.189s] Level 1:colcon.colcon_core.environment:checking '/home/yolo/ros_practice_ws/install/new_robot_description/lib/pkgconfig/new_robot_description.pc'
[4.189s] Level 1:colcon.colcon_core.environment:checking '/home/yolo/ros_practice_ws/install/new_robot_description/lib/python3.10/site-packages'
[4.190s] Level 1:colcon.colcon_core.environment:checking '/home/yolo/ros_practice_ws/install/new_robot_description/bin'
[4.220s] INFO:colcon.colcon_core.shell:Creating package script '/home/yolo/ros_practice_ws/install/new_robot_description/share/new_robot_description/package.ps1'
[4.221s] INFO:colcon.colcon_core.shell:Creating package descriptor '/home/yolo/ros_practice_ws/install/new_robot_description/share/new_robot_description/package.dsv'
[4.221s] INFO:colcon.colcon_core.shell:Creating package script '/home/yolo/ros_practice_ws/install/new_robot_description/share/new_robot_description/package.sh'
[4.222s] INFO:colcon.colcon_core.shell:Creating package script '/home/yolo/ros_practice_ws/install/new_robot_description/share/new_robot_description/package.bash'
[4.222s] INFO:colcon.colcon_core.shell:Creating package script '/home/yolo/ros_practice_ws/install/new_robot_description/share/new_robot_description/package.zsh'
[4.223s] Level 1:colcon.colcon_core.environment:create_file_with_runtime_dependencies(/home/yolo/ros_practice_ws/install/new_robot_description/share/colcon-core/packages/new_robot_description)
[4.264s] Level 1:colcon.colcon_core.environment:create_environment_scripts_only(new_practice_bringup)
[4.295s] Level 1:colcon.colcon_core.environment:checking '/home/yolo/ros_practice_ws/install/new_practice_bringup' for CMake module files
[4.296s] Level 1:colcon.colcon_core.environment:checking '/home/yolo/ros_practice_ws/install/new_practice_bringup' for CMake config files
[4.296s] Level 1:colcon.colcon_core.shell:create_environment_hook('new_practice_bringup', 'cmake_prefix_path')
[4.328s] INFO:colcon.colcon_core.shell:Creating environment hook '/home/yolo/ros_practice_ws/install/new_practice_bringup/share/new_practice_bringup/hook/cmake_prefix_path.ps1'
[4.329s] INFO:colcon.colcon_core.shell:Creating environment descriptor '/home/yolo/ros_practice_ws/install/new_practice_bringup/share/new_practice_bringup/hook/cmake_prefix_path.dsv'
[4.330s] INFO:colcon.colcon_core.shell:Creating environment hook '/home/yolo/ros_practice_ws/install/new_practice_bringup/share/new_practice_bringup/hook/cmake_prefix_path.sh'
[4.330s] Level 1:colcon.colcon_core.environment:checking '/home/yolo/ros_practice_ws/install/new_practice_bringup/bin'
[4.330s] Level 1:colcon.colcon_core.environment:checking '/home/yolo/ros_practice_ws/install/new_practice_bringup/lib/pkgconfig/new_practice_bringup.pc'
[4.331s] Level 1:colcon.colcon_core.environment:checking '/home/yolo/ros_practice_ws/install/new_practice_bringup/lib/python3.10/site-packages'
[4.331s] Level 1:colcon.colcon_core.environment:checking '/home/yolo/ros_practice_ws/install/new_practice_bringup/bin'
[4.359s] INFO:colcon.colcon_core.shell:Creating package script '/home/yolo/ros_practice_ws/install/new_practice_bringup/share/new_practice_bringup/package.ps1'
[4.360s] INFO:colcon.colcon_core.shell:Creating package descriptor '/home/yolo/ros_practice_ws/install/new_practice_bringup/share/new_practice_bringup/package.dsv'
[4.361s] INFO:colcon.colcon_core.shell:Creating package script '/home/yolo/ros_practice_ws/install/new_practice_bringup/share/new_practice_bringup/package.sh'
[4.362s] INFO:colcon.colcon_core.shell:Creating package script '/home/yolo/ros_practice_ws/install/new_practice_bringup/share/new_practice_bringup/package.bash'
[4.363s] INFO:colcon.colcon_core.shell:Creating package script '/home/yolo/ros_practice_ws/install/new_practice_bringup/share/new_practice_bringup/package.zsh'
[4.363s] Level 1:colcon.colcon_core.environment:create_file_with_runtime_dependencies(/home/yolo/ros_practice_ws/install/new_practice_bringup/share/colcon-core/packages/new_practice_bringup)
[4.397s] Level 1:colcon.colcon_core.environment:create_environment_scripts_only(new_robot_description)
[4.428s] Level 1:colcon.colcon_core.environment:checking '/home/yolo/ros_practice_ws/install/new_robot_description' for CMake module files
[4.429s] Level 1:colcon.colcon_core.environment:checking '/home/yolo/ros_practice_ws/install/new_robot_description' for CMake config files
[4.429s] Level 1:colcon.colcon_core.shell:create_environment_hook('new_robot_description', 'cmake_prefix_path')
[4.461s] INFO:colcon.colcon_core.shell:Creating environment hook '/home/yolo/ros_practice_ws/install/new_robot_description/share/new_robot_description/hook/cmake_prefix_path.ps1'
[4.461s] INFO:colcon.colcon_core.shell:Creating environment descriptor '/home/yolo/ros_practice_ws/install/new_robot_description/share/new_robot_description/hook/cmake_prefix_path.dsv'
[4.462s] INFO:colcon.colcon_core.shell:Creating environment hook '/home/yolo/ros_practice_ws/install/new_robot_description/share/new_robot_description/hook/cmake_prefix_path.sh'
[4.462s] Level 1:colcon.colcon_core.environment:checking '/home/yolo/ros_practice_ws/install/new_robot_description/bin'
[4.463s] Level 1:colcon.colcon_core.environment:checking '/home/yolo/ros_practice_ws/install/new_robot_description/lib/pkgconfig/new_robot_description.pc'
[4.463s] Level 1:colcon.colcon_core.environment:checking '/home/yolo/ros_practice_ws/install/new_robot_description/lib/python3.10/site-packages'
[4.463s] Level 1:colcon.colcon_core.environment:checking '/home/yolo/ros_practice_ws/install/new_robot_description/bin'
[4.492s] INFO:colcon.colcon_core.shell:Creating package script '/home/yolo/ros_practice_ws/install/new_robot_description/share/new_robot_description/package.ps1'
[4.493s] INFO:colcon.colcon_core.shell:Creating package descriptor '/home/yolo/ros_practice_ws/install/new_robot_description/share/new_robot_description/package.dsv'
[4.494s] INFO:colcon.colcon_core.shell:Creating package script '/home/yolo/ros_practice_ws/install/new_robot_description/share/new_robot_description/package.sh'
[4.494s] INFO:colcon.colcon_core.shell:Creating package script '/home/yolo/ros_practice_ws/install/new_robot_description/share/new_robot_description/package.bash'
[4.495s] INFO:colcon.colcon_core.shell:Creating package script '/home/yolo/ros_practice_ws/install/new_robot_description/share/new_robot_description/package.zsh'
[4.495s] Level 1:colcon.colcon_core.environment:create_file_with_runtime_dependencies(/home/yolo/ros_practice_ws/install/new_robot_description/share/colcon-core/packages/new_robot_description)
[10.270s] DEBUG:colcon.colcon_core.event_handler.log_command:Invoked command in '/home/yolo/ros_practice_ws/build/turtlesim_pose' returned '2': CMAKE_PREFIX_PATH=/opt/ros/humble /usr/bin/cmake --build /home/yolo/ros_practice_ws/build/turtlesim_pose -- -j4 -l4
[10.394s] Level 1:colcon.colcon_core.environment:create_environment_scripts_only(turtlesim_pose)
[10.432s] Level 1:colcon.colcon_core.environment:checking '/home/yolo/ros_practice_ws/install/turtlesim_pose' for CMake module files
[10.434s] Level 1:colcon.colcon_core.environment:checking '/home/yolo/ros_practice_ws/install/turtlesim_pose' for CMake config files
[10.436s] Level 1:colcon.colcon_core.environment:checking '/home/yolo/ros_practice_ws/install/turtlesim_pose/bin'
[10.436s] Level 1:colcon.colcon_core.environment:checking '/home/yolo/ros_practice_ws/install/turtlesim_pose/lib/pkgconfig/turtlesim_pose.pc'
[10.437s] Level 1:colcon.colcon_core.environment:checking '/home/yolo/ros_practice_ws/install/turtlesim_pose/lib/python3.10/site-packages'
[10.437s] Level 1:colcon.colcon_core.environment:checking '/home/yolo/ros_practice_ws/install/turtlesim_pose/bin'
[10.479s] INFO:colcon.colcon_core.shell:Creating package script '/home/yolo/ros_practice_ws/install/turtlesim_pose/share/turtlesim_pose/package.ps1'
[10.480s] INFO:colcon.colcon_core.shell:Creating package descriptor '/home/yolo/ros_practice_ws/install/turtlesim_pose/share/turtlesim_pose/package.dsv'
[10.481s] INFO:colcon.colcon_core.shell:Creating package script '/home/yolo/ros_practice_ws/install/turtlesim_pose/share/turtlesim_pose/package.sh'
[10.482s] INFO:colcon.colcon_core.shell:Creating package script '/home/yolo/ros_practice_ws/install/turtlesim_pose/share/turtlesim_pose/package.bash'
[10.483s] INFO:colcon.colcon_core.shell:Creating package script '/home/yolo/ros_practice_ws/install/turtlesim_pose/share/turtlesim_pose/package.zsh'
[10.484s] Level 1:colcon.colcon_core.environment:create_file_with_runtime_dependencies(/home/yolo/ros_practice_ws/install/turtlesim_pose/share/colcon-core/packages/turtlesim_pose)
[10.495s] DEBUG:colcon.colcon_parallel_executor.executor.parallel:closing loop
[10.495s] DEBUG:colcon.colcon_parallel_executor.executor.parallel:loop closed
[10.496s] DEBUG:colcon.colcon_parallel_executor.executor.parallel:run_until_complete finished with '2'
[10.496s] DEBUG:colcon.colcon_core.event_reactor:joining thread
[10.560s] INFO:colcon.colcon_core.plugin_system:Skipping extension 'colcon_notification.desktop_notification.terminal_notifier': Not used on non-Darwin systems
[10.560s] INFO:colcon.colcon_core.plugin_system:Skipping extension 'colcon_notification.desktop_notification.win32': Not used on non-Windows systems
[10.560s] INFO:colcon.colcon_notification.desktop_notification:Sending desktop notification using 'notify2'
[10.584s] DEBUG:colcon.colcon_core.event_reactor:joined thread
[10.628s] INFO:colcon.colcon_core.shell:Creating prefix script '/home/yolo/ros_practice_ws/install/local_setup.ps1'
[10.630s] INFO:colcon.colcon_core.shell:Creating prefix util module '/home/yolo/ros_practice_ws/install/_local_setup_util_ps1.py'
[10.633s] INFO:colcon.colcon_core.shell:Creating prefix chain script '/home/yolo/ros_practice_ws/install/setup.ps1'
[10.682s] INFO:colcon.colcon_core.shell:Creating prefix script '/home/yolo/ros_practice_ws/install/local_setup.sh'
[10.684s] INFO:colcon.colcon_core.shell:Creating prefix util module '/home/yolo/ros_practice_ws/install/_local_setup_util_sh.py'
[10.685s] INFO:colcon.colcon_core.shell:Creating prefix chain script '/home/yolo/ros_practice_ws/install/setup.sh'
[10.746s] INFO:colcon.colcon_core.shell:Creating prefix script '/home/yolo/ros_practice_ws/install/local_setup.bash'
[10.752s] INFO:colcon.colcon_core.shell:Creating prefix chain script '/home/yolo/ros_practice_ws/install/setup.bash'
[10.806s] INFO:colcon.colcon_core.shell:Creating prefix script '/home/yolo/ros_practice_ws/install/local_setup.zsh'
[10.808s] INFO:colcon.colcon_core.shell:Creating prefix chain script '/home/yolo/ros_practice_ws/install/setup.zsh'
