[2.877s] DEBUG:colcon:Command line arguments: ['/home/yolo/.local/bin/colcon', 'build']
[2.877s] DEBUG:colcon:Parsed command line arguments: Namespace(log_base=None, log_level=None, verb_name='build', build_base='build', install_base='install', merge_install=False, symlink_install=False, test_result_base=None, continue_on_error=False, executor='parallel', parallel_workers=4, event_handlers=None, ignore_user_meta=False, metas=['./colcon.meta'], base_paths=['.'], packages_ignore=None, packages_ignore_regex=None, paths=None, packages_up_to=None, packages_up_to_regex=None, packages_above=None, packages_above_and_dependencies=None, packages_above_depth=None, packages_select_by_dep=None, packages_skip_by_dep=None, packages_skip_up_to=None, packages_select_build_failed=False, packages_skip_build_finished=False, packages_select_test_failures=False, packages_skip_test_passed=False, packages_select=None, packages_skip=None, packages_select_regex=None, packages_skip_regex=None, packages_start=None, packages_end=None, allow_overriding=[], cmake_args=None, cmake_target=None, cmake_target_skip_unavailable=False, cmake_clean_cache=False, cmake_clean_first=False, cmake_force_configure=False, ament_cmake_args=None, catkin_cmake_args=None, catkin_skip_building_tests=False, mixin_files=None, mixin=None, verb_parser=<colcon_mixin.mixin.mixin_argument.MixinArgumentDecorator object at 0x7bda03589cc0>, verb_extension=<colcon_core.verb.build.BuildVerb object at 0x7bda03588af0>, main=<bound method BuildVerb.main of <colcon_core.verb.build.BuildVerb object at 0x7bda03588af0>>, mixin_verb=('build',))
[2.971s] Level 1:colcon.colcon_core.package_discovery:discover_packages(colcon_meta) check parameters
[2.971s] Level 1:colcon.colcon_core.package_discovery:discover_packages(recursive) check parameters
[2.971s] Level 1:colcon.colcon_core.package_discovery:discover_packages(ignore) check parameters
[2.971s] Level 1:colcon.colcon_core.package_discovery:discover_packages(path) check parameters
[2.971s] Level 1:colcon.colcon_core.package_discovery:discover_packages(colcon_meta) discover
[2.971s] Level 1:colcon.colcon_core.package_discovery:discover_packages(recursive) discover
[2.971s] INFO:colcon.colcon_core.package_discovery:Crawling recursively for packages in '/home/yolo/ros_practice_ws'
[2.972s] Level 1:colcon.colcon_core.package_identification:_identify(.) by extensions ['ignore', 'ignore_ament_install']
[2.972s] Level 1:colcon.colcon_core.package_identification:_identify(.) by extension 'ignore'
[2.972s] Level 1:colcon.colcon_core.package_identification:_identify(.) by extension 'ignore_ament_install'
[2.972s] Level 1:colcon.colcon_core.package_identification:_identify(.) by extensions ['colcon_pkg']
[2.972s] Level 1:colcon.colcon_core.package_identification:_identify(.) by extension 'colcon_pkg'
[2.972s] Level 1:colcon.colcon_core.package_identification:_identify(.) by extensions ['colcon_meta']
[2.972s] Level 1:colcon.colcon_core.package_identification:_identify(.) by extension 'colcon_meta'
[2.972s] Level 1:colcon.colcon_core.package_identification:_identify(.) by extensions ['ros']
[2.972s] Level 1:colcon.colcon_core.package_identification:_identify(.) by extension 'ros'
[3.003s] Level 1:colcon.colcon_core.package_identification:_identify(.) by extensions ['cmake', 'python']
[3.003s] Level 1:colcon.colcon_core.package_identification:_identify(.) by extension 'cmake'
[3.003s] Level 1:colcon.colcon_core.package_identification:_identify(.) by extension 'python'
[3.003s] Level 1:colcon.colcon_core.package_identification:_identify(.) by extensions ['python_setup_py']
[3.003s] Level 1:colcon.colcon_core.package_identification:_identify(.) by extension 'python_setup_py'
[3.003s] Level 1:colcon.colcon_core.package_identification:_identify(build) by extensions ['ignore', 'ignore_ament_install']
[3.003s] Level 1:colcon.colcon_core.package_identification:_identify(build) by extension 'ignore'
[3.004s] Level 1:colcon.colcon_core.package_identification:_identify(build) ignored
[3.004s] Level 1:colcon.colcon_core.package_identification:_identify(install) by extensions ['ignore', 'ignore_ament_install']
[3.004s] Level 1:colcon.colcon_core.package_identification:_identify(install) by extension 'ignore'
[3.004s] Level 1:colcon.colcon_core.package_identification:_identify(install) ignored
[3.004s] Level 1:colcon.colcon_core.package_identification:_identify(log) by extensions ['ignore', 'ignore_ament_install']
[3.004s] Level 1:colcon.colcon_core.package_identification:_identify(log) by extension 'ignore'
[3.004s] Level 1:colcon.colcon_core.package_identification:_identify(log) ignored
[3.004s] Level 1:colcon.colcon_core.package_identification:_identify(src) by extensions ['ignore', 'ignore_ament_install']
[3.004s] Level 1:colcon.colcon_core.package_identification:_identify(src) by extension 'ignore'
[3.004s] Level 1:colcon.colcon_core.package_identification:_identify(src) by extension 'ignore_ament_install'
[3.004s] Level 1:colcon.colcon_core.package_identification:_identify(src) by extensions ['colcon_pkg']
[3.004s] Level 1:colcon.colcon_core.package_identification:_identify(src) by extension 'colcon_pkg'
[3.004s] Level 1:colcon.colcon_core.package_identification:_identify(src) by extensions ['colcon_meta']
[3.005s] Level 1:colcon.colcon_core.package_identification:_identify(src) by extension 'colcon_meta'
[3.005s] Level 1:colcon.colcon_core.package_identification:_identify(src) by extensions ['ros']
[3.005s] Level 1:colcon.colcon_core.package_identification:_identify(src) by extension 'ros'
[3.005s] Level 1:colcon.colcon_core.package_identification:_identify(src) by extensions ['cmake', 'python']
[3.005s] Level 1:colcon.colcon_core.package_identification:_identify(src) by extension 'cmake'
[3.005s] Level 1:colcon.colcon_core.package_identification:_identify(src) by extension 'python'
[3.005s] Level 1:colcon.colcon_core.package_identification:_identify(src) by extensions ['python_setup_py']
[3.005s] Level 1:colcon.colcon_core.package_identification:_identify(src) by extension 'python_setup_py'
[3.005s] Level 1:colcon.colcon_core.package_identification:_identify(src/new_practice_bringup) by extensions ['ignore', 'ignore_ament_install']
[3.005s] Level 1:colcon.colcon_core.package_identification:_identify(src/new_practice_bringup) by extension 'ignore'
[3.005s] Level 1:colcon.colcon_core.package_identification:_identify(src/new_practice_bringup) by extension 'ignore_ament_install'
[3.005s] Level 1:colcon.colcon_core.package_identification:_identify(src/new_practice_bringup) by extensions ['colcon_pkg']
[3.005s] Level 1:colcon.colcon_core.package_identification:_identify(src/new_practice_bringup) by extension 'colcon_pkg'
[3.006s] Level 1:colcon.colcon_core.package_identification:_identify(src/new_practice_bringup) by extensions ['colcon_meta']
[3.006s] Level 1:colcon.colcon_core.package_identification:_identify(src/new_practice_bringup) by extension 'colcon_meta'
[3.006s] Level 1:colcon.colcon_core.package_identification:_identify(src/new_practice_bringup) by extensions ['ros']
[3.006s] Level 1:colcon.colcon_core.package_identification:_identify(src/new_practice_bringup) by extension 'ros'
[3.009s] DEBUG:colcon.colcon_core.package_identification:Package 'src/new_practice_bringup' with type 'ros.ament_cmake' and name 'new_practice_bringup'
[3.010s] Level 1:colcon.colcon_core.package_identification:_identify(src/new_robot_description) by extensions ['ignore', 'ignore_ament_install']
[3.010s] Level 1:colcon.colcon_core.package_identification:_identify(src/new_robot_description) by extension 'ignore'
[3.010s] Level 1:colcon.colcon_core.package_identification:_identify(src/new_robot_description) by extension 'ignore_ament_install'
[3.010s] Level 1:colcon.colcon_core.package_identification:_identify(src/new_robot_description) by extensions ['colcon_pkg']
[3.010s] Level 1:colcon.colcon_core.package_identification:_identify(src/new_robot_description) by extension 'colcon_pkg'
[3.010s] Level 1:colcon.colcon_core.package_identification:_identify(src/new_robot_description) by extensions ['colcon_meta']
[3.010s] Level 1:colcon.colcon_core.package_identification:_identify(src/new_robot_description) by extension 'colcon_meta'
[3.010s] Level 1:colcon.colcon_core.package_identification:_identify(src/new_robot_description) by extensions ['ros']
[3.010s] Level 1:colcon.colcon_core.package_identification:_identify(src/new_robot_description) by extension 'ros'
[3.011s] DEBUG:colcon.colcon_core.package_identification:Package 'src/new_robot_description' with type 'ros.ament_cmake' and name 'new_robot_description'
[3.011s] Level 1:colcon.colcon_core.package_discovery:discover_packages(recursive) using defaults
[3.011s] Level 1:colcon.colcon_core.package_discovery:discover_packages(ignore) discover
[3.011s] Level 1:colcon.colcon_core.package_discovery:discover_packages(ignore) using defaults
[3.011s] Level 1:colcon.colcon_core.package_discovery:discover_packages(path) discover
[3.011s] Level 1:colcon.colcon_core.package_discovery:discover_packages(path) using defaults
[3.200s] Level 1:colcon.colcon_core.package_discovery:discover_packages(prefix_path) check parameters
[3.200s] Level 1:colcon.colcon_core.package_discovery:discover_packages(prefix_path) discover
[3.263s] DEBUG:colcon.colcon_installed_package_information.package_discovery:Found 2 installed packages in /home/yolo/ros2_ws/install
[3.295s] DEBUG:colcon.colcon_installed_package_information.package_discovery:Found 397 installed packages in /opt/ros/humble
[3.298s] Level 1:colcon.colcon_core.package_discovery:discover_packages(prefix_path) using defaults
[3.472s] Level 5:colcon.colcon_core.verb:set package 'new_practice_bringup' build argument 'cmake_args' from command line to 'None'
[3.472s] Level 5:colcon.colcon_core.verb:set package 'new_practice_bringup' build argument 'cmake_target' from command line to 'None'
[3.472s] Level 5:colcon.colcon_core.verb:set package 'new_practice_bringup' build argument 'cmake_target_skip_unavailable' from command line to 'False'
[3.472s] Level 5:colcon.colcon_core.verb:set package 'new_practice_bringup' build argument 'cmake_clean_cache' from command line to 'False'
[3.472s] Level 5:colcon.colcon_core.verb:set package 'new_practice_bringup' build argument 'cmake_clean_first' from command line to 'False'
[3.472s] Level 5:colcon.colcon_core.verb:set package 'new_practice_bringup' build argument 'cmake_force_configure' from command line to 'False'
[3.472s] Level 5:colcon.colcon_core.verb:set package 'new_practice_bringup' build argument 'ament_cmake_args' from command line to 'None'
[3.472s] Level 5:colcon.colcon_core.verb:set package 'new_practice_bringup' build argument 'catkin_cmake_args' from command line to 'None'
[3.472s] Level 5:colcon.colcon_core.verb:set package 'new_practice_bringup' build argument 'catkin_skip_building_tests' from command line to 'False'
[3.472s] DEBUG:colcon.colcon_core.verb:Building package 'new_practice_bringup' with the following arguments: {'ament_cmake_args': None, 'build_base': '/home/yolo/ros_practice_ws/build/new_practice_bringup', 'catkin_cmake_args': None, 'catkin_skip_building_tests': False, 'cmake_args': None, 'cmake_clean_cache': False, 'cmake_clean_first': False, 'cmake_force_configure': False, 'cmake_target': None, 'cmake_target_skip_unavailable': False, 'install_base': '/home/yolo/ros_practice_ws/install/new_practice_bringup', 'merge_install': False, 'path': '/home/yolo/ros_practice_ws/src/new_practice_bringup', 'symlink_install': False, 'test_result_base': None}
[3.501s] Level 5:colcon.colcon_core.verb:set package 'new_robot_description' build argument 'cmake_args' from command line to 'None'
[3.501s] Level 5:colcon.colcon_core.verb:set package 'new_robot_description' build argument 'cmake_target' from command line to 'None'
[3.501s] Level 5:colcon.colcon_core.verb:set package 'new_robot_description' build argument 'cmake_target_skip_unavailable' from command line to 'False'
[3.501s] Level 5:colcon.colcon_core.verb:set package 'new_robot_description' build argument 'cmake_clean_cache' from command line to 'False'
[3.501s] Level 5:colcon.colcon_core.verb:set package 'new_robot_description' build argument 'cmake_clean_first' from command line to 'False'
[3.501s] Level 5:colcon.colcon_core.verb:set package 'new_robot_description' build argument 'cmake_force_configure' from command line to 'False'
[3.501s] Level 5:colcon.colcon_core.verb:set package 'new_robot_description' build argument 'ament_cmake_args' from command line to 'None'
[3.501s] Level 5:colcon.colcon_core.verb:set package 'new_robot_description' build argument 'catkin_cmake_args' from command line to 'None'
[3.501s] Level 5:colcon.colcon_core.verb:set package 'new_robot_description' build argument 'catkin_skip_building_tests' from command line to 'False'
[3.501s] DEBUG:colcon.colcon_core.verb:Building package 'new_robot_description' with the following arguments: {'ament_cmake_args': None, 'build_base': '/home/yolo/ros_practice_ws/build/new_robot_description', 'catkin_cmake_args': None, 'catkin_skip_building_tests': False, 'cmake_args': None, 'cmake_clean_cache': False, 'cmake_clean_first': False, 'cmake_force_configure': False, 'cmake_target': None, 'cmake_target_skip_unavailable': False, 'install_base': '/home/yolo/ros_practice_ws/install/new_robot_description', 'merge_install': False, 'path': '/home/yolo/ros_practice_ws/src/new_robot_description', 'symlink_install': False, 'test_result_base': None}
[3.532s] INFO:colcon.colcon_core.executor:Executing jobs using 'parallel' executor
[3.583s] DEBUG:colcon.colcon_parallel_executor.executor.parallel:run_until_complete
[3.584s] INFO:colcon.colcon_ros.task.ament_cmake.build:Building ROS package in '/home/yolo/ros_practice_ws/src/new_practice_bringup' with build type 'ament_cmake'
[3.586s] INFO:colcon.colcon_cmake.task.cmake.build:Building CMake package in '/home/yolo/ros_practice_ws/src/new_practice_bringup'
[3.644s] INFO:colcon.colcon_core.plugin_system:Skipping extension 'colcon_core.shell.bat': Not used on non-Windows systems
[3.644s] INFO:colcon.colcon_core.shell:Skip shell extension 'powershell' for command environment: Not usable outside of PowerShell
[3.644s] DEBUG:colcon.colcon_core.shell:Skip shell extension 'dsv' for command environment
[3.755s] INFO:colcon.colcon_ros.task.ament_cmake.build:Building ROS package in '/home/yolo/ros_practice_ws/src/new_robot_description' with build type 'ament_cmake'
[3.756s] INFO:colcon.colcon_cmake.task.cmake.build:Building CMake package in '/home/yolo/ros_practice_ws/src/new_robot_description'
[3.790s] INFO:colcon.colcon_core.shell:Skip shell extension 'powershell' for command environment: Not usable outside of PowerShell
[3.790s] DEBUG:colcon.colcon_core.shell:Skip shell extension 'dsv' for command environment
[3.902s] DEBUG:colcon.colcon_core.event_handler.log_command:Invoking command in '/home/yolo/ros_practice_ws/build/new_practice_bringup': CMAKE_PREFIX_PATH=${CMAKE_PREFIX_PATH}:/opt/ros/humble /usr/bin/cmake --build /home/yolo/ros_practice_ws/build/new_practice_bringup -- -j4 -l4
[3.913s] DEBUG:colcon.colcon_core.event_handler.log_command:Invoking command in '/home/yolo/ros_practice_ws/build/new_robot_description': CMAKE_PREFIX_PATH=${CMAKE_PREFIX_PATH}:/opt/ros/humble /usr/bin/cmake --build /home/yolo/ros_practice_ws/build/new_robot_description -- -j4 -l4
[4.056s] DEBUG:colcon.colcon_core.event_handler.log_command:Invoked command in '/home/yolo/ros_practice_ws/build/new_robot_description' returned '0': CMAKE_PREFIX_PATH=${CMAKE_PREFIX_PATH}:/opt/ros/humble /usr/bin/cmake --build /home/yolo/ros_practice_ws/build/new_robot_description -- -j4 -l4
[4.058s] DEBUG:colcon.colcon_core.event_handler.log_command:Invoked command in '/home/yolo/ros_practice_ws/build/new_practice_bringup' returned '0': CMAKE_PREFIX_PATH=${CMAKE_PREFIX_PATH}:/opt/ros/humble /usr/bin/cmake --build /home/yolo/ros_practice_ws/build/new_practice_bringup -- -j4 -l4
[4.121s] DEBUG:colcon.colcon_core.event_handler.log_command:Invoking command in '/home/yolo/ros_practice_ws/build/new_practice_bringup': CMAKE_PREFIX_PATH=${CMAKE_PREFIX_PATH}:/opt/ros/humble /usr/bin/cmake --install /home/yolo/ros_practice_ws/build/new_practice_bringup
[4.127s] DEBUG:colcon.colcon_core.event_handler.log_command:Invoking command in '/home/yolo/ros_practice_ws/build/new_robot_description': CMAKE_PREFIX_PATH=${CMAKE_PREFIX_PATH}:/opt/ros/humble /usr/bin/cmake --install /home/yolo/ros_practice_ws/build/new_robot_description
[4.148s] Level 1:colcon.colcon_core.environment:create_environment_scripts_only(new_practice_bringup)
[4.148s] DEBUG:colcon.colcon_core.event_handler.log_command:Invoked command in '/home/yolo/ros_practice_ws/build/new_practice_bringup' returned '0': CMAKE_PREFIX_PATH=${CMAKE_PREFIX_PATH}:/opt/ros/humble /usr/bin/cmake --install /home/yolo/ros_practice_ws/build/new_practice_bringup
[4.186s] Level 1:colcon.colcon_core.environment:checking '/home/yolo/ros_practice_ws/install/new_practice_bringup' for CMake module files
[4.187s] Level 1:colcon.colcon_core.environment:checking '/home/yolo/ros_practice_ws/install/new_practice_bringup' for CMake config files
[4.188s] Level 1:colcon.colcon_core.shell:create_environment_hook('new_practice_bringup', 'cmake_prefix_path')
[4.221s] INFO:colcon.colcon_core.shell:Creating environment hook '/home/yolo/ros_practice_ws/install/new_practice_bringup/share/new_practice_bringup/hook/cmake_prefix_path.ps1'
[4.222s] INFO:colcon.colcon_core.shell:Creating environment descriptor '/home/yolo/ros_practice_ws/install/new_practice_bringup/share/new_practice_bringup/hook/cmake_prefix_path.dsv'
[4.223s] INFO:colcon.colcon_core.shell:Creating environment hook '/home/yolo/ros_practice_ws/install/new_practice_bringup/share/new_practice_bringup/hook/cmake_prefix_path.sh'
[4.225s] Level 1:colcon.colcon_core.environment:checking '/home/yolo/ros_practice_ws/install/new_practice_bringup/bin'
[4.226s] Level 1:colcon.colcon_core.environment:checking '/home/yolo/ros_practice_ws/install/new_practice_bringup/lib/pkgconfig/new_practice_bringup.pc'
[4.226s] Level 1:colcon.colcon_core.environment:checking '/home/yolo/ros_practice_ws/install/new_practice_bringup/lib/python3.10/site-packages'
[4.226s] Level 1:colcon.colcon_core.environment:checking '/home/yolo/ros_practice_ws/install/new_practice_bringup/bin'
[4.261s] INFO:colcon.colcon_core.shell:Creating package script '/home/yolo/ros_practice_ws/install/new_practice_bringup/share/new_practice_bringup/package.ps1'
[4.262s] INFO:colcon.colcon_core.shell:Creating package descriptor '/home/yolo/ros_practice_ws/install/new_practice_bringup/share/new_practice_bringup/package.dsv'
[4.263s] INFO:colcon.colcon_core.shell:Creating package script '/home/yolo/ros_practice_ws/install/new_practice_bringup/share/new_practice_bringup/package.sh'
[4.264s] INFO:colcon.colcon_core.shell:Creating package script '/home/yolo/ros_practice_ws/install/new_practice_bringup/share/new_practice_bringup/package.bash'
[4.265s] INFO:colcon.colcon_core.shell:Creating package script '/home/yolo/ros_practice_ws/install/new_practice_bringup/share/new_practice_bringup/package.zsh'
[4.266s] Level 1:colcon.colcon_core.environment:create_file_with_runtime_dependencies(/home/yolo/ros_practice_ws/install/new_practice_bringup/share/colcon-core/packages/new_practice_bringup)
[4.269s] Level 1:colcon.colcon_core.environment:create_environment_scripts_only(new_robot_description)
[4.270s] DEBUG:colcon.colcon_core.event_handler.log_command:Invoked command in '/home/yolo/ros_practice_ws/build/new_robot_description' returned '0': CMAKE_PREFIX_PATH=${CMAKE_PREFIX_PATH}:/opt/ros/humble /usr/bin/cmake --install /home/yolo/ros_practice_ws/build/new_robot_description
[4.302s] Level 1:colcon.colcon_core.environment:checking '/home/yolo/ros_practice_ws/install/new_robot_description' for CMake module files
[4.303s] Level 1:colcon.colcon_core.environment:checking '/home/yolo/ros_practice_ws/install/new_robot_description' for CMake config files
[4.304s] Level 1:colcon.colcon_core.shell:create_environment_hook('new_robot_description', 'cmake_prefix_path')
[4.332s] INFO:colcon.colcon_core.shell:Creating environment hook '/home/yolo/ros_practice_ws/install/new_robot_description/share/new_robot_description/hook/cmake_prefix_path.ps1'
[4.333s] INFO:colcon.colcon_core.shell:Creating environment descriptor '/home/yolo/ros_practice_ws/install/new_robot_description/share/new_robot_description/hook/cmake_prefix_path.dsv'
[4.333s] INFO:colcon.colcon_core.shell:Creating environment hook '/home/yolo/ros_practice_ws/install/new_robot_description/share/new_robot_description/hook/cmake_prefix_path.sh'
[4.334s] Level 1:colcon.colcon_core.environment:checking '/home/yolo/ros_practice_ws/install/new_robot_description/bin'
[4.334s] Level 1:colcon.colcon_core.environment:checking '/home/yolo/ros_practice_ws/install/new_robot_description/lib/pkgconfig/new_robot_description.pc'
[4.334s] Level 1:colcon.colcon_core.environment:checking '/home/yolo/ros_practice_ws/install/new_robot_description/lib/python3.10/site-packages'
[4.335s] Level 1:colcon.colcon_core.environment:checking '/home/yolo/ros_practice_ws/install/new_robot_description/bin'
[4.363s] INFO:colcon.colcon_core.shell:Creating package script '/home/yolo/ros_practice_ws/install/new_robot_description/share/new_robot_description/package.ps1'
[4.364s] INFO:colcon.colcon_core.shell:Creating package descriptor '/home/yolo/ros_practice_ws/install/new_robot_description/share/new_robot_description/package.dsv'
[4.365s] INFO:colcon.colcon_core.shell:Creating package script '/home/yolo/ros_practice_ws/install/new_robot_description/share/new_robot_description/package.sh'
[4.365s] INFO:colcon.colcon_core.shell:Creating package script '/home/yolo/ros_practice_ws/install/new_robot_description/share/new_robot_description/package.bash'
[4.366s] INFO:colcon.colcon_core.shell:Creating package script '/home/yolo/ros_practice_ws/install/new_robot_description/share/new_robot_description/package.zsh'
[4.366s] Level 1:colcon.colcon_core.environment:create_file_with_runtime_dependencies(/home/yolo/ros_practice_ws/install/new_robot_description/share/colcon-core/packages/new_robot_description)
[4.398s] Level 1:colcon.colcon_core.environment:create_environment_scripts_only(new_practice_bringup)
[4.425s] Level 1:colcon.colcon_core.environment:checking '/home/yolo/ros_practice_ws/install/new_practice_bringup' for CMake module files
[4.426s] Level 1:colcon.colcon_core.environment:checking '/home/yolo/ros_practice_ws/install/new_practice_bringup' for CMake config files
[4.426s] Level 1:colcon.colcon_core.shell:create_environment_hook('new_practice_bringup', 'cmake_prefix_path')
[4.455s] INFO:colcon.colcon_core.shell:Creating environment hook '/home/yolo/ros_practice_ws/install/new_practice_bringup/share/new_practice_bringup/hook/cmake_prefix_path.ps1'
[4.456s] INFO:colcon.colcon_core.shell:Creating environment descriptor '/home/yolo/ros_practice_ws/install/new_practice_bringup/share/new_practice_bringup/hook/cmake_prefix_path.dsv'
[4.456s] INFO:colcon.colcon_core.shell:Creating environment hook '/home/yolo/ros_practice_ws/install/new_practice_bringup/share/new_practice_bringup/hook/cmake_prefix_path.sh'
[4.457s] Level 1:colcon.colcon_core.environment:checking '/home/yolo/ros_practice_ws/install/new_practice_bringup/bin'
[4.457s] Level 1:colcon.colcon_core.environment:checking '/home/yolo/ros_practice_ws/install/new_practice_bringup/lib/pkgconfig/new_practice_bringup.pc'
[4.457s] Level 1:colcon.colcon_core.environment:checking '/home/yolo/ros_practice_ws/install/new_practice_bringup/lib/python3.10/site-packages'
[4.457s] Level 1:colcon.colcon_core.environment:checking '/home/yolo/ros_practice_ws/install/new_practice_bringup/bin'
[4.486s] INFO:colcon.colcon_core.shell:Creating package script '/home/yolo/ros_practice_ws/install/new_practice_bringup/share/new_practice_bringup/package.ps1'
[4.487s] INFO:colcon.colcon_core.shell:Creating package descriptor '/home/yolo/ros_practice_ws/install/new_practice_bringup/share/new_practice_bringup/package.dsv'
[4.488s] INFO:colcon.colcon_core.shell:Creating package script '/home/yolo/ros_practice_ws/install/new_practice_bringup/share/new_practice_bringup/package.sh'
[4.488s] INFO:colcon.colcon_core.shell:Creating package script '/home/yolo/ros_practice_ws/install/new_practice_bringup/share/new_practice_bringup/package.bash'
[4.489s] INFO:colcon.colcon_core.shell:Creating package script '/home/yolo/ros_practice_ws/install/new_practice_bringup/share/new_practice_bringup/package.zsh'
[4.489s] Level 1:colcon.colcon_core.environment:create_file_with_runtime_dependencies(/home/yolo/ros_practice_ws/install/new_practice_bringup/share/colcon-core/packages/new_practice_bringup)
[4.519s] Level 1:colcon.colcon_core.environment:create_environment_scripts_only(new_robot_description)
[4.548s] Level 1:colcon.colcon_core.environment:checking '/home/yolo/ros_practice_ws/install/new_robot_description' for CMake module files
[4.549s] Level 1:colcon.colcon_core.environment:checking '/home/yolo/ros_practice_ws/install/new_robot_description' for CMake config files
[4.549s] Level 1:colcon.colcon_core.shell:create_environment_hook('new_robot_description', 'cmake_prefix_path')
[4.585s] INFO:colcon.colcon_core.shell:Creating environment hook '/home/yolo/ros_practice_ws/install/new_robot_description/share/new_robot_description/hook/cmake_prefix_path.ps1'
[4.586s] INFO:colcon.colcon_core.shell:Creating environment descriptor '/home/yolo/ros_practice_ws/install/new_robot_description/share/new_robot_description/hook/cmake_prefix_path.dsv'
[4.586s] INFO:colcon.colcon_core.shell:Creating environment hook '/home/yolo/ros_practice_ws/install/new_robot_description/share/new_robot_description/hook/cmake_prefix_path.sh'
[4.587s] Level 1:colcon.colcon_core.environment:checking '/home/yolo/ros_practice_ws/install/new_robot_description/bin'
[4.588s] Level 1:colcon.colcon_core.environment:checking '/home/yolo/ros_practice_ws/install/new_robot_description/lib/pkgconfig/new_robot_description.pc'
[4.588s] Level 1:colcon.colcon_core.environment:checking '/home/yolo/ros_practice_ws/install/new_robot_description/lib/python3.10/site-packages'
[4.588s] Level 1:colcon.colcon_core.environment:checking '/home/yolo/ros_practice_ws/install/new_robot_description/bin'
[4.620s] INFO:colcon.colcon_core.shell:Creating package script '/home/yolo/ros_practice_ws/install/new_robot_description/share/new_robot_description/package.ps1'
[4.621s] INFO:colcon.colcon_core.shell:Creating package descriptor '/home/yolo/ros_practice_ws/install/new_robot_description/share/new_robot_description/package.dsv'
[4.621s] INFO:colcon.colcon_core.shell:Creating package script '/home/yolo/ros_practice_ws/install/new_robot_description/share/new_robot_description/package.sh'
[4.622s] INFO:colcon.colcon_core.shell:Creating package script '/home/yolo/ros_practice_ws/install/new_robot_description/share/new_robot_description/package.bash'
[4.622s] INFO:colcon.colcon_core.shell:Creating package script '/home/yolo/ros_practice_ws/install/new_robot_description/share/new_robot_description/package.zsh'
[4.623s] Level 1:colcon.colcon_core.environment:create_file_with_runtime_dependencies(/home/yolo/ros_practice_ws/install/new_robot_description/share/colcon-core/packages/new_robot_description)
[4.623s] DEBUG:colcon.colcon_parallel_executor.executor.parallel:closing loop
[4.623s] DEBUG:colcon.colcon_parallel_executor.executor.parallel:loop closed
[4.623s] DEBUG:colcon.colcon_parallel_executor.executor.parallel:run_until_complete finished with '0'
[4.623s] DEBUG:colcon.colcon_core.event_reactor:joining thread
[4.677s] INFO:colcon.colcon_core.plugin_system:Skipping extension 'colcon_notification.desktop_notification.terminal_notifier': Not used on non-Darwin systems
[4.677s] INFO:colcon.colcon_core.plugin_system:Skipping extension 'colcon_notification.desktop_notification.win32': Not used on non-Windows systems
[4.677s] INFO:colcon.colcon_notification.desktop_notification:Sending desktop notification using 'notify2'
[4.724s] DEBUG:colcon.colcon_core.event_reactor:joined thread
[4.761s] INFO:colcon.colcon_core.shell:Creating prefix script '/home/yolo/ros_practice_ws/install/local_setup.ps1'
[4.763s] INFO:colcon.colcon_core.shell:Creating prefix util module '/home/yolo/ros_practice_ws/install/_local_setup_util_ps1.py'
[4.765s] INFO:colcon.colcon_core.shell:Creating prefix chain script '/home/yolo/ros_practice_ws/install/setup.ps1'
[4.795s] INFO:colcon.colcon_core.shell:Creating prefix script '/home/yolo/ros_practice_ws/install/local_setup.sh'
[4.796s] INFO:colcon.colcon_core.shell:Creating prefix util module '/home/yolo/ros_practice_ws/install/_local_setup_util_sh.py'
[4.797s] INFO:colcon.colcon_core.shell:Creating prefix chain script '/home/yolo/ros_practice_ws/install/setup.sh'
[4.828s] INFO:colcon.colcon_core.shell:Creating prefix script '/home/yolo/ros_practice_ws/install/local_setup.bash'
[4.830s] INFO:colcon.colcon_core.shell:Creating prefix chain script '/home/yolo/ros_practice_ws/install/setup.bash'
[4.861s] INFO:colcon.colcon_core.shell:Creating prefix script '/home/yolo/ros_practice_ws/install/local_setup.zsh'
[4.862s] INFO:colcon.colcon_core.shell:Creating prefix chain script '/home/yolo/ros_practice_ws/install/setup.zsh'
