[3.002s] DEBUG:colcon:Command line arguments: ['/home/yolo/.local/bin/colcon', 'build']
[3.002s] DEBUG:colcon:Parsed command line arguments: Namespace(log_base=None, log_level=None, verb_name='build', build_base='build', install_base='install', merge_install=False, symlink_install=False, test_result_base=None, continue_on_error=False, executor='parallel', parallel_workers=4, event_handlers=None, ignore_user_meta=False, metas=['./colcon.meta'], base_paths=['.'], packages_ignore=None, packages_ignore_regex=None, paths=None, packages_up_to=None, packages_up_to_regex=None, packages_above=None, packages_above_and_dependencies=None, packages_above_depth=None, packages_select_by_dep=None, packages_skip_by_dep=None, packages_skip_up_to=None, packages_select_build_failed=False, packages_skip_build_finished=False, packages_select_test_failures=False, packages_skip_test_passed=False, packages_select=None, packages_skip=None, packages_select_regex=None, packages_skip_regex=None, packages_start=None, packages_end=None, allow_overriding=[], cmake_args=None, cmake_target=None, cmake_target_skip_unavailable=False, cmake_clean_cache=False, cmake_clean_first=False, cmake_force_configure=False, ament_cmake_args=None, catkin_cmake_args=None, catkin_skip_building_tests=False, mixin_files=None, mixin=None, verb_parser=<colcon_mixin.mixin.mixin_argument.MixinArgumentDecorator object at 0x7950b3785c90>, verb_extension=<colcon_core.verb.build.BuildVerb object at 0x7950b37842e0>, main=<bound method BuildVerb.main of <colcon_core.verb.build.BuildVerb object at 0x7950b37842e0>>, mixin_verb=('build',))
[3.119s] Level 1:colcon.colcon_core.package_discovery:discover_packages(colcon_meta) check parameters
[3.120s] Level 1:colcon.colcon_core.package_discovery:discover_packages(recursive) check parameters
[3.120s] Level 1:colcon.colcon_core.package_discovery:discover_packages(ignore) check parameters
[3.120s] Level 1:colcon.colcon_core.package_discovery:discover_packages(path) check parameters
[3.120s] Level 1:colcon.colcon_core.package_discovery:discover_packages(colcon_meta) discover
[3.120s] Level 1:colcon.colcon_core.package_discovery:discover_packages(recursive) discover
[3.120s] INFO:colcon.colcon_core.package_discovery:Crawling recursively for packages in '/home/yolo/ros_practice_ws'
[3.120s] Level 1:colcon.colcon_core.package_identification:_identify(.) by extensions ['ignore', 'ignore_ament_install']
[3.120s] Level 1:colcon.colcon_core.package_identification:_identify(.) by extension 'ignore'
[3.120s] Level 1:colcon.colcon_core.package_identification:_identify(.) by extension 'ignore_ament_install'
[3.120s] Level 1:colcon.colcon_core.package_identification:_identify(.) by extensions ['colcon_pkg']
[3.121s] Level 1:colcon.colcon_core.package_identification:_identify(.) by extension 'colcon_pkg'
[3.121s] Level 1:colcon.colcon_core.package_identification:_identify(.) by extensions ['colcon_meta']
[3.121s] Level 1:colcon.colcon_core.package_identification:_identify(.) by extension 'colcon_meta'
[3.121s] Level 1:colcon.colcon_core.package_identification:_identify(.) by extensions ['ros']
[3.121s] Level 1:colcon.colcon_core.package_identification:_identify(.) by extension 'ros'
[3.152s] Level 1:colcon.colcon_core.package_identification:_identify(.) by extensions ['cmake', 'python']
[3.152s] Level 1:colcon.colcon_core.package_identification:_identify(.) by extension 'cmake'
[3.152s] Level 1:colcon.colcon_core.package_identification:_identify(.) by extension 'python'
[3.152s] Level 1:colcon.colcon_core.package_identification:_identify(.) by extensions ['python_setup_py']
[3.152s] Level 1:colcon.colcon_core.package_identification:_identify(.) by extension 'python_setup_py'
[3.153s] Level 1:colcon.colcon_core.package_identification:_identify(build) by extensions ['ignore', 'ignore_ament_install']
[3.153s] Level 1:colcon.colcon_core.package_identification:_identify(build) by extension 'ignore'
[3.153s] Level 1:colcon.colcon_core.package_identification:_identify(build) ignored
[3.153s] Level 1:colcon.colcon_core.package_identification:_identify(install) by extensions ['ignore', 'ignore_ament_install']
[3.153s] Level 1:colcon.colcon_core.package_identification:_identify(install) by extension 'ignore'
[3.153s] Level 1:colcon.colcon_core.package_identification:_identify(install) ignored
[3.154s] Level 1:colcon.colcon_core.package_identification:_identify(log) by extensions ['ignore', 'ignore_ament_install']
[3.154s] Level 1:colcon.colcon_core.package_identification:_identify(log) by extension 'ignore'
[3.154s] Level 1:colcon.colcon_core.package_identification:_identify(log) ignored
[3.154s] Level 1:colcon.colcon_core.package_identification:_identify(src) by extensions ['ignore', 'ignore_ament_install']
[3.154s] Level 1:colcon.colcon_core.package_identification:_identify(src) by extension 'ignore'
[3.154s] Level 1:colcon.colcon_core.package_identification:_identify(src) by extension 'ignore_ament_install'
[3.154s] Level 1:colcon.colcon_core.package_identification:_identify(src) by extensions ['colcon_pkg']
[3.154s] Level 1:colcon.colcon_core.package_identification:_identify(src) by extension 'colcon_pkg'
[3.154s] Level 1:colcon.colcon_core.package_identification:_identify(src) by extensions ['colcon_meta']
[3.154s] Level 1:colcon.colcon_core.package_identification:_identify(src) by extension 'colcon_meta'
[3.155s] Level 1:colcon.colcon_core.package_identification:_identify(src) by extensions ['ros']
[3.155s] Level 1:colcon.colcon_core.package_identification:_identify(src) by extension 'ros'
[3.155s] Level 1:colcon.colcon_core.package_identification:_identify(src) by extensions ['cmake', 'python']
[3.155s] Level 1:colcon.colcon_core.package_identification:_identify(src) by extension 'cmake'
[3.155s] Level 1:colcon.colcon_core.package_identification:_identify(src) by extension 'python'
[3.155s] Level 1:colcon.colcon_core.package_identification:_identify(src) by extensions ['python_setup_py']
[3.155s] Level 1:colcon.colcon_core.package_identification:_identify(src) by extension 'python_setup_py'
[3.155s] Level 1:colcon.colcon_core.package_identification:_identify(src/new_practice_bringup) by extensions ['ignore', 'ignore_ament_install']
[3.155s] Level 1:colcon.colcon_core.package_identification:_identify(src/new_practice_bringup) by extension 'ignore'
[3.155s] Level 1:colcon.colcon_core.package_identification:_identify(src/new_practice_bringup) by extension 'ignore_ament_install'
[3.155s] Level 1:colcon.colcon_core.package_identification:_identify(src/new_practice_bringup) by extensions ['colcon_pkg']
[3.156s] Level 1:colcon.colcon_core.package_identification:_identify(src/new_practice_bringup) by extension 'colcon_pkg'
[3.156s] Level 1:colcon.colcon_core.package_identification:_identify(src/new_practice_bringup) by extensions ['colcon_meta']
[3.156s] Level 1:colcon.colcon_core.package_identification:_identify(src/new_practice_bringup) by extension 'colcon_meta'
[3.156s] Level 1:colcon.colcon_core.package_identification:_identify(src/new_practice_bringup) by extensions ['ros']
[3.156s] Level 1:colcon.colcon_core.package_identification:_identify(src/new_practice_bringup) by extension 'ros'
[3.160s] DEBUG:colcon.colcon_core.package_identification:Package 'src/new_practice_bringup' with type 'ros.ament_cmake' and name 'new_practice_bringup'
[3.160s] Level 1:colcon.colcon_core.package_identification:_identify(src/new_robot_description) by extensions ['ignore', 'ignore_ament_install']
[3.160s] Level 1:colcon.colcon_core.package_identification:_identify(src/new_robot_description) by extension 'ignore'
[3.160s] Level 1:colcon.colcon_core.package_identification:_identify(src/new_robot_description) by extension 'ignore_ament_install'
[3.160s] Level 1:colcon.colcon_core.package_identification:_identify(src/new_robot_description) by extensions ['colcon_pkg']
[3.160s] Level 1:colcon.colcon_core.package_identification:_identify(src/new_robot_description) by extension 'colcon_pkg'
[3.160s] Level 1:colcon.colcon_core.package_identification:_identify(src/new_robot_description) by extensions ['colcon_meta']
[3.160s] Level 1:colcon.colcon_core.package_identification:_identify(src/new_robot_description) by extension 'colcon_meta'
[3.161s] Level 1:colcon.colcon_core.package_identification:_identify(src/new_robot_description) by extensions ['ros']
[3.161s] Level 1:colcon.colcon_core.package_identification:_identify(src/new_robot_description) by extension 'ros'
[3.161s] DEBUG:colcon.colcon_core.package_identification:Package 'src/new_robot_description' with type 'ros.ament_cmake' and name 'new_robot_description'
[3.161s] Level 1:colcon.colcon_core.package_identification:_identify(src/turtlesim_pose) by extensions ['ignore', 'ignore_ament_install']
[3.161s] Level 1:colcon.colcon_core.package_identification:_identify(src/turtlesim_pose) by extension 'ignore'
[3.162s] Level 1:colcon.colcon_core.package_identification:_identify(src/turtlesim_pose) by extension 'ignore_ament_install'
[3.162s] Level 1:colcon.colcon_core.package_identification:_identify(src/turtlesim_pose) by extensions ['colcon_pkg']
[3.162s] Level 1:colcon.colcon_core.package_identification:_identify(src/turtlesim_pose) by extension 'colcon_pkg'
[3.162s] Level 1:colcon.colcon_core.package_identification:_identify(src/turtlesim_pose) by extensions ['colcon_meta']
[3.162s] Level 1:colcon.colcon_core.package_identification:_identify(src/turtlesim_pose) by extension 'colcon_meta'
[3.162s] Level 1:colcon.colcon_core.package_identification:_identify(src/turtlesim_pose) by extensions ['ros']
[3.162s] Level 1:colcon.colcon_core.package_identification:_identify(src/turtlesim_pose) by extension 'ros'
[3.163s] DEBUG:colcon.colcon_core.package_identification:Package 'src/turtlesim_pose' with type 'ros.ament_cmake' and name 'turtlesim_pose'
[3.163s] Level 1:colcon.colcon_core.package_discovery:discover_packages(recursive) using defaults
[3.163s] Level 1:colcon.colcon_core.package_discovery:discover_packages(ignore) discover
[3.163s] Level 1:colcon.colcon_core.package_discovery:discover_packages(ignore) using defaults
[3.163s] Level 1:colcon.colcon_core.package_discovery:discover_packages(path) discover
[3.163s] Level 1:colcon.colcon_core.package_discovery:discover_packages(path) using defaults
[3.347s] Level 1:colcon.colcon_core.package_discovery:discover_packages(prefix_path) check parameters
[3.347s] Level 1:colcon.colcon_core.package_discovery:discover_packages(prefix_path) discover
[3.414s] DEBUG:colcon.colcon_installed_package_information.package_discovery:Found 397 installed packages in /opt/ros/humble
[3.416s] Level 1:colcon.colcon_core.package_discovery:discover_packages(prefix_path) using defaults
[3.545s] Level 5:colcon.colcon_core.verb:set package 'new_practice_bringup' build argument 'cmake_args' from command line to 'None'
[3.545s] Level 5:colcon.colcon_core.verb:set package 'new_practice_bringup' build argument 'cmake_target' from command line to 'None'
[3.545s] Level 5:colcon.colcon_core.verb:set package 'new_practice_bringup' build argument 'cmake_target_skip_unavailable' from command line to 'False'
[3.545s] Level 5:colcon.colcon_core.verb:set package 'new_practice_bringup' build argument 'cmake_clean_cache' from command line to 'False'
[3.545s] Level 5:colcon.colcon_core.verb:set package 'new_practice_bringup' build argument 'cmake_clean_first' from command line to 'False'
[3.545s] Level 5:colcon.colcon_core.verb:set package 'new_practice_bringup' build argument 'cmake_force_configure' from command line to 'False'
[3.545s] Level 5:colcon.colcon_core.verb:set package 'new_practice_bringup' build argument 'ament_cmake_args' from command line to 'None'
[3.545s] Level 5:colcon.colcon_core.verb:set package 'new_practice_bringup' build argument 'catkin_cmake_args' from command line to 'None'
[3.545s] Level 5:colcon.colcon_core.verb:set package 'new_practice_bringup' build argument 'catkin_skip_building_tests' from command line to 'False'
[3.545s] DEBUG:colcon.colcon_core.verb:Building package 'new_practice_bringup' with the following arguments: {'ament_cmake_args': None, 'build_base': '/home/yolo/ros_practice_ws/build/new_practice_bringup', 'catkin_cmake_args': None, 'catkin_skip_building_tests': False, 'cmake_args': None, 'cmake_clean_cache': False, 'cmake_clean_first': False, 'cmake_force_configure': False, 'cmake_target': None, 'cmake_target_skip_unavailable': False, 'install_base': '/home/yolo/ros_practice_ws/install/new_practice_bringup', 'merge_install': False, 'path': '/home/yolo/ros_practice_ws/src/new_practice_bringup', 'symlink_install': False, 'test_result_base': None}
[3.577s] Level 5:colcon.colcon_core.verb:set package 'new_robot_description' build argument 'cmake_args' from command line to 'None'
[3.577s] Level 5:colcon.colcon_core.verb:set package 'new_robot_description' build argument 'cmake_target' from command line to 'None'
[3.577s] Level 5:colcon.colcon_core.verb:set package 'new_robot_description' build argument 'cmake_target_skip_unavailable' from command line to 'False'
[3.577s] Level 5:colcon.colcon_core.verb:set package 'new_robot_description' build argument 'cmake_clean_cache' from command line to 'False'
[3.577s] Level 5:colcon.colcon_core.verb:set package 'new_robot_description' build argument 'cmake_clean_first' from command line to 'False'
[3.577s] Level 5:colcon.colcon_core.verb:set package 'new_robot_description' build argument 'cmake_force_configure' from command line to 'False'
[3.577s] Level 5:colcon.colcon_core.verb:set package 'new_robot_description' build argument 'ament_cmake_args' from command line to 'None'
[3.577s] Level 5:colcon.colcon_core.verb:set package 'new_robot_description' build argument 'catkin_cmake_args' from command line to 'None'
[3.577s] Level 5:colcon.colcon_core.verb:set package 'new_robot_description' build argument 'catkin_skip_building_tests' from command line to 'False'
[3.577s] DEBUG:colcon.colcon_core.verb:Building package 'new_robot_description' with the following arguments: {'ament_cmake_args': None, 'build_base': '/home/yolo/ros_practice_ws/build/new_robot_description', 'catkin_cmake_args': None, 'catkin_skip_building_tests': False, 'cmake_args': None, 'cmake_clean_cache': False, 'cmake_clean_first': False, 'cmake_force_configure': False, 'cmake_target': None, 'cmake_target_skip_unavailable': False, 'install_base': '/home/yolo/ros_practice_ws/install/new_robot_description', 'merge_install': False, 'path': '/home/yolo/ros_practice_ws/src/new_robot_description', 'symlink_install': False, 'test_result_base': None}
[3.609s] Level 5:colcon.colcon_core.verb:set package 'turtlesim_pose' build argument 'cmake_args' from command line to 'None'
[3.609s] Level 5:colcon.colcon_core.verb:set package 'turtlesim_pose' build argument 'cmake_target' from command line to 'None'
[3.609s] Level 5:colcon.colcon_core.verb:set package 'turtlesim_pose' build argument 'cmake_target_skip_unavailable' from command line to 'False'
[3.609s] Level 5:colcon.colcon_core.verb:set package 'turtlesim_pose' build argument 'cmake_clean_cache' from command line to 'False'
[3.609s] Level 5:colcon.colcon_core.verb:set package 'turtlesim_pose' build argument 'cmake_clean_first' from command line to 'False'
[3.609s] Level 5:colcon.colcon_core.verb:set package 'turtlesim_pose' build argument 'cmake_force_configure' from command line to 'False'
[3.609s] Level 5:colcon.colcon_core.verb:set package 'turtlesim_pose' build argument 'ament_cmake_args' from command line to 'None'
[3.609s] Level 5:colcon.colcon_core.verb:set package 'turtlesim_pose' build argument 'catkin_cmake_args' from command line to 'None'
[3.609s] Level 5:colcon.colcon_core.verb:set package 'turtlesim_pose' build argument 'catkin_skip_building_tests' from command line to 'False'
[3.609s] DEBUG:colcon.colcon_core.verb:Building package 'turtlesim_pose' with the following arguments: {'ament_cmake_args': None, 'build_base': '/home/yolo/ros_practice_ws/build/turtlesim_pose', 'catkin_cmake_args': None, 'catkin_skip_building_tests': False, 'cmake_args': None, 'cmake_clean_cache': False, 'cmake_clean_first': False, 'cmake_force_configure': False, 'cmake_target': None, 'cmake_target_skip_unavailable': False, 'install_base': '/home/yolo/ros_practice_ws/install/turtlesim_pose', 'merge_install': False, 'path': '/home/yolo/ros_practice_ws/src/turtlesim_pose', 'symlink_install': False, 'test_result_base': None}
[3.639s] INFO:colcon.colcon_core.executor:Executing jobs using 'parallel' executor
[3.671s] DEBUG:colcon.colcon_parallel_executor.executor.parallel:run_until_complete
[3.671s] INFO:colcon.colcon_ros.task.ament_cmake.build:Building ROS package in '/home/yolo/ros_practice_ws/src/new_practice_bringup' with build type 'ament_cmake'
[3.671s] INFO:colcon.colcon_cmake.task.cmake.build:Building CMake package in '/home/yolo/ros_practice_ws/src/new_practice_bringup'
[3.706s] INFO:colcon.colcon_core.plugin_system:Skipping extension 'colcon_core.shell.bat': Not used on non-Windows systems
[3.706s] INFO:colcon.colcon_core.shell:Skip shell extension 'powershell' for command environment: Not usable outside of PowerShell
[3.706s] DEBUG:colcon.colcon_core.shell:Skip shell extension 'dsv' for command environment
[3.774s] INFO:colcon.colcon_ros.task.ament_cmake.build:Building ROS package in '/home/yolo/ros_practice_ws/src/new_robot_description' with build type 'ament_cmake'
[3.774s] INFO:colcon.colcon_cmake.task.cmake.build:Building CMake package in '/home/yolo/ros_practice_ws/src/new_robot_description'
[3.806s] INFO:colcon.colcon_core.shell:Skip shell extension 'powershell' for command environment: Not usable outside of PowerShell
[3.806s] DEBUG:colcon.colcon_core.shell:Skip shell extension 'dsv' for command environment
[3.883s] INFO:colcon.colcon_ros.task.ament_cmake.build:Building ROS package in '/home/yolo/ros_practice_ws/src/turtlesim_pose' with build type 'ament_cmake'
[3.883s] INFO:colcon.colcon_cmake.task.cmake.build:Building CMake package in '/home/yolo/ros_practice_ws/src/turtlesim_pose'
[3.914s] INFO:colcon.colcon_core.shell:Skip shell extension 'powershell' for command environment: Not usable outside of PowerShell
[3.914s] DEBUG:colcon.colcon_core.shell:Skip shell extension 'dsv' for command environment
[3.980s] DEBUG:colcon.colcon_core.event_handler.log_command:Invoking command in '/home/yolo/ros_practice_ws/build/new_practice_bringup': CMAKE_PREFIX_PATH=/opt/ros/humble /usr/bin/cmake --build /home/yolo/ros_practice_ws/build/new_practice_bringup -- -j4 -l4
[3.984s] DEBUG:colcon.colcon_core.event_handler.log_command:Invoking command in '/home/yolo/ros_practice_ws/build/new_robot_description': CMAKE_PREFIX_PATH=/opt/ros/humble /usr/bin/cmake --build /home/yolo/ros_practice_ws/build/new_robot_description -- -j4 -l4
[3.993s] DEBUG:colcon.colcon_core.event_handler.log_command:Invoking command in '/home/yolo/ros_practice_ws/build/turtlesim_pose': CMAKE_PREFIX_PATH=/opt/ros/humble /usr/bin/cmake --build /home/yolo/ros_practice_ws/build/turtlesim_pose -- -j4 -l4
[4.055s] DEBUG:colcon.colcon_core.event_handler.log_command:Invoked command in '/home/yolo/ros_practice_ws/build/new_practice_bringup' returned '0': CMAKE_PREFIX_PATH=/opt/ros/humble /usr/bin/cmake --build /home/yolo/ros_practice_ws/build/new_practice_bringup -- -j4 -l4
[4.056s] DEBUG:colcon.colcon_core.event_handler.log_command:Invoked command in '/home/yolo/ros_practice_ws/build/new_robot_description' returned '0': CMAKE_PREFIX_PATH=/opt/ros/humble /usr/bin/cmake --build /home/yolo/ros_practice_ws/build/new_robot_description -- -j4 -l4
[4.112s] DEBUG:colcon.colcon_core.event_handler.log_command:Invoking command in '/home/yolo/ros_practice_ws/build/new_practice_bringup': CMAKE_PREFIX_PATH=/opt/ros/humble /usr/bin/cmake --install /home/yolo/ros_practice_ws/build/new_practice_bringup
[4.116s] DEBUG:colcon.colcon_core.event_handler.log_command:Invoking command in '/home/yolo/ros_practice_ws/build/new_robot_description': CMAKE_PREFIX_PATH=/opt/ros/humble /usr/bin/cmake --install /home/yolo/ros_practice_ws/build/new_robot_description
[4.160s] Level 1:colcon.colcon_core.environment:create_environment_scripts_only(new_practice_bringup)
[4.161s] DEBUG:colcon.colcon_core.event_handler.log_command:Invoked command in '/home/yolo/ros_practice_ws/build/new_practice_bringup' returned '0': CMAKE_PREFIX_PATH=/opt/ros/humble /usr/bin/cmake --install /home/yolo/ros_practice_ws/build/new_practice_bringup
[4.200s] Level 1:colcon.colcon_core.environment:checking '/home/yolo/ros_practice_ws/install/new_practice_bringup' for CMake module files
[4.202s] Level 1:colcon.colcon_core.environment:checking '/home/yolo/ros_practice_ws/install/new_practice_bringup' for CMake config files
[4.203s] Level 1:colcon.colcon_core.shell:create_environment_hook('new_practice_bringup', 'cmake_prefix_path')
[4.238s] INFO:colcon.colcon_core.shell:Creating environment hook '/home/yolo/ros_practice_ws/install/new_practice_bringup/share/new_practice_bringup/hook/cmake_prefix_path.ps1'
[4.238s] INFO:colcon.colcon_core.shell:Creating environment descriptor '/home/yolo/ros_practice_ws/install/new_practice_bringup/share/new_practice_bringup/hook/cmake_prefix_path.dsv'
[4.239s] INFO:colcon.colcon_core.shell:Creating environment hook '/home/yolo/ros_practice_ws/install/new_practice_bringup/share/new_practice_bringup/hook/cmake_prefix_path.sh'
[4.240s] Level 1:colcon.colcon_core.environment:checking '/home/yolo/ros_practice_ws/install/new_practice_bringup/bin'
[4.240s] Level 1:colcon.colcon_core.environment:checking '/home/yolo/ros_practice_ws/install/new_practice_bringup/lib/pkgconfig/new_practice_bringup.pc'
[4.240s] Level 1:colcon.colcon_core.environment:checking '/home/yolo/ros_practice_ws/install/new_practice_bringup/lib/python3.10/site-packages'
[4.240s] Level 1:colcon.colcon_core.environment:checking '/home/yolo/ros_practice_ws/install/new_practice_bringup/bin'
[4.272s] INFO:colcon.colcon_core.shell:Creating package script '/home/yolo/ros_practice_ws/install/new_practice_bringup/share/new_practice_bringup/package.ps1'
[4.274s] INFO:colcon.colcon_core.shell:Creating package descriptor '/home/yolo/ros_practice_ws/install/new_practice_bringup/share/new_practice_bringup/package.dsv'
[4.275s] INFO:colcon.colcon_core.shell:Creating package script '/home/yolo/ros_practice_ws/install/new_practice_bringup/share/new_practice_bringup/package.sh'
[4.276s] INFO:colcon.colcon_core.shell:Creating package script '/home/yolo/ros_practice_ws/install/new_practice_bringup/share/new_practice_bringup/package.bash'
[4.276s] INFO:colcon.colcon_core.shell:Creating package script '/home/yolo/ros_practice_ws/install/new_practice_bringup/share/new_practice_bringup/package.zsh'
[4.277s] Level 1:colcon.colcon_core.environment:create_file_with_runtime_dependencies(/home/yolo/ros_practice_ws/install/new_practice_bringup/share/colcon-core/packages/new_practice_bringup)
[4.279s] Level 1:colcon.colcon_core.environment:create_environment_scripts_only(new_robot_description)
[4.279s] DEBUG:colcon.colcon_core.event_handler.log_command:Invoked command in '/home/yolo/ros_practice_ws/build/new_robot_description' returned '0': CMAKE_PREFIX_PATH=/opt/ros/humble /usr/bin/cmake --install /home/yolo/ros_practice_ws/build/new_robot_description
[4.318s] Level 1:colcon.colcon_core.environment:checking '/home/yolo/ros_practice_ws/install/new_robot_description' for CMake module files
[4.319s] Level 1:colcon.colcon_core.environment:checking '/home/yolo/ros_practice_ws/install/new_robot_description' for CMake config files
[4.319s] Level 1:colcon.colcon_core.shell:create_environment_hook('new_robot_description', 'cmake_prefix_path')
[4.352s] INFO:colcon.colcon_core.shell:Creating environment hook '/home/yolo/ros_practice_ws/install/new_robot_description/share/new_robot_description/hook/cmake_prefix_path.ps1'
[4.352s] INFO:colcon.colcon_core.shell:Creating environment descriptor '/home/yolo/ros_practice_ws/install/new_robot_description/share/new_robot_description/hook/cmake_prefix_path.dsv'
[4.352s] INFO:colcon.colcon_core.shell:Creating environment hook '/home/yolo/ros_practice_ws/install/new_robot_description/share/new_robot_description/hook/cmake_prefix_path.sh'
[4.353s] Level 1:colcon.colcon_core.environment:checking '/home/yolo/ros_practice_ws/install/new_robot_description/bin'
[4.353s] Level 1:colcon.colcon_core.environment:checking '/home/yolo/ros_practice_ws/install/new_robot_description/lib/pkgconfig/new_robot_description.pc'
[4.353s] Level 1:colcon.colcon_core.environment:checking '/home/yolo/ros_practice_ws/install/new_robot_description/lib/python3.10/site-packages'
[4.354s] Level 1:colcon.colcon_core.environment:checking '/home/yolo/ros_practice_ws/install/new_robot_description/bin'
[4.394s] INFO:colcon.colcon_core.shell:Creating package script '/home/yolo/ros_practice_ws/install/new_robot_description/share/new_robot_description/package.ps1'
[4.395s] INFO:colcon.colcon_core.shell:Creating package descriptor '/home/yolo/ros_practice_ws/install/new_robot_description/share/new_robot_description/package.dsv'
[4.396s] INFO:colcon.colcon_core.shell:Creating package script '/home/yolo/ros_practice_ws/install/new_robot_description/share/new_robot_description/package.sh'
[4.396s] INFO:colcon.colcon_core.shell:Creating package script '/home/yolo/ros_practice_ws/install/new_robot_description/share/new_robot_description/package.bash'
[4.397s] INFO:colcon.colcon_core.shell:Creating package script '/home/yolo/ros_practice_ws/install/new_robot_description/share/new_robot_description/package.zsh'
[4.397s] Level 1:colcon.colcon_core.environment:create_file_with_runtime_dependencies(/home/yolo/ros_practice_ws/install/new_robot_description/share/colcon-core/packages/new_robot_description)
[4.439s] Level 1:colcon.colcon_core.environment:create_environment_scripts_only(new_practice_bringup)
[4.472s] Level 1:colcon.colcon_core.environment:checking '/home/yolo/ros_practice_ws/install/new_practice_bringup' for CMake module files
[4.473s] Level 1:colcon.colcon_core.environment:checking '/home/yolo/ros_practice_ws/install/new_practice_bringup' for CMake config files
[4.474s] Level 1:colcon.colcon_core.shell:create_environment_hook('new_practice_bringup', 'cmake_prefix_path')
[4.507s] INFO:colcon.colcon_core.shell:Creating environment hook '/home/yolo/ros_practice_ws/install/new_practice_bringup/share/new_practice_bringup/hook/cmake_prefix_path.ps1'
[4.508s] INFO:colcon.colcon_core.shell:Creating environment descriptor '/home/yolo/ros_practice_ws/install/new_practice_bringup/share/new_practice_bringup/hook/cmake_prefix_path.dsv'
[4.509s] INFO:colcon.colcon_core.shell:Creating environment hook '/home/yolo/ros_practice_ws/install/new_practice_bringup/share/new_practice_bringup/hook/cmake_prefix_path.sh'
[4.510s] Level 1:colcon.colcon_core.environment:checking '/home/yolo/ros_practice_ws/install/new_practice_bringup/bin'
[4.510s] Level 1:colcon.colcon_core.environment:checking '/home/yolo/ros_practice_ws/install/new_practice_bringup/lib/pkgconfig/new_practice_bringup.pc'
[4.511s] Level 1:colcon.colcon_core.environment:checking '/home/yolo/ros_practice_ws/install/new_practice_bringup/lib/python3.10/site-packages'
[4.511s] Level 1:colcon.colcon_core.environment:checking '/home/yolo/ros_practice_ws/install/new_practice_bringup/bin'
[4.543s] INFO:colcon.colcon_core.shell:Creating package script '/home/yolo/ros_practice_ws/install/new_practice_bringup/share/new_practice_bringup/package.ps1'
[4.544s] INFO:colcon.colcon_core.shell:Creating package descriptor '/home/yolo/ros_practice_ws/install/new_practice_bringup/share/new_practice_bringup/package.dsv'
[4.545s] INFO:colcon.colcon_core.shell:Creating package script '/home/yolo/ros_practice_ws/install/new_practice_bringup/share/new_practice_bringup/package.sh'
[4.546s] INFO:colcon.colcon_core.shell:Creating package script '/home/yolo/ros_practice_ws/install/new_practice_bringup/share/new_practice_bringup/package.bash'
[4.546s] INFO:colcon.colcon_core.shell:Creating package script '/home/yolo/ros_practice_ws/install/new_practice_bringup/share/new_practice_bringup/package.zsh'
[4.546s] Level 1:colcon.colcon_core.environment:create_file_with_runtime_dependencies(/home/yolo/ros_practice_ws/install/new_practice_bringup/share/colcon-core/packages/new_practice_bringup)
[4.583s] Level 1:colcon.colcon_core.environment:create_environment_scripts_only(new_robot_description)
[4.620s] Level 1:colcon.colcon_core.environment:checking '/home/yolo/ros_practice_ws/install/new_robot_description' for CMake module files
[4.621s] Level 1:colcon.colcon_core.environment:checking '/home/yolo/ros_practice_ws/install/new_robot_description' for CMake config files
[4.621s] Level 1:colcon.colcon_core.shell:create_environment_hook('new_robot_description', 'cmake_prefix_path')
[4.655s] INFO:colcon.colcon_core.shell:Creating environment hook '/home/yolo/ros_practice_ws/install/new_robot_description/share/new_robot_description/hook/cmake_prefix_path.ps1'
[4.656s] INFO:colcon.colcon_core.shell:Creating environment descriptor '/home/yolo/ros_practice_ws/install/new_robot_description/share/new_robot_description/hook/cmake_prefix_path.dsv'
[4.656s] INFO:colcon.colcon_core.shell:Creating environment hook '/home/yolo/ros_practice_ws/install/new_robot_description/share/new_robot_description/hook/cmake_prefix_path.sh'
[4.657s] Level 1:colcon.colcon_core.environment:checking '/home/yolo/ros_practice_ws/install/new_robot_description/bin'
[4.657s] Level 1:colcon.colcon_core.environment:checking '/home/yolo/ros_practice_ws/install/new_robot_description/lib/pkgconfig/new_robot_description.pc'
[4.657s] Level 1:colcon.colcon_core.environment:checking '/home/yolo/ros_practice_ws/install/new_robot_description/lib/python3.10/site-packages'
[4.658s] Level 1:colcon.colcon_core.environment:checking '/home/yolo/ros_practice_ws/install/new_robot_description/bin'
[4.693s] INFO:colcon.colcon_core.shell:Creating package script '/home/yolo/ros_practice_ws/install/new_robot_description/share/new_robot_description/package.ps1'
[4.695s] INFO:colcon.colcon_core.shell:Creating package descriptor '/home/yolo/ros_practice_ws/install/new_robot_description/share/new_robot_description/package.dsv'
[4.695s] INFO:colcon.colcon_core.shell:Creating package script '/home/yolo/ros_practice_ws/install/new_robot_description/share/new_robot_description/package.sh'
[4.696s] INFO:colcon.colcon_core.shell:Creating package script '/home/yolo/ros_practice_ws/install/new_robot_description/share/new_robot_description/package.bash'
[4.697s] INFO:colcon.colcon_core.shell:Creating package script '/home/yolo/ros_practice_ws/install/new_robot_description/share/new_robot_description/package.zsh'
[4.697s] Level 1:colcon.colcon_core.environment:create_file_with_runtime_dependencies(/home/yolo/ros_practice_ws/install/new_robot_description/share/colcon-core/packages/new_robot_description)
[10.127s] DEBUG:colcon.colcon_core.event_handler.log_command:Invoked command in '/home/yolo/ros_practice_ws/build/turtlesim_pose' returned '2': CMAKE_PREFIX_PATH=/opt/ros/humble /usr/bin/cmake --build /home/yolo/ros_practice_ws/build/turtlesim_pose -- -j4 -l4
[10.224s] Level 1:colcon.colcon_core.environment:create_environment_scripts_only(turtlesim_pose)
[10.251s] Level 1:colcon.colcon_core.environment:checking '/home/yolo/ros_practice_ws/install/turtlesim_pose' for CMake module files
[10.252s] Level 1:colcon.colcon_core.environment:checking '/home/yolo/ros_practice_ws/install/turtlesim_pose' for CMake config files
[10.252s] Level 1:colcon.colcon_core.environment:checking '/home/yolo/ros_practice_ws/install/turtlesim_pose/bin'
[10.252s] Level 1:colcon.colcon_core.environment:checking '/home/yolo/ros_practice_ws/install/turtlesim_pose/lib/pkgconfig/turtlesim_pose.pc'
[10.252s] Level 1:colcon.colcon_core.environment:checking '/home/yolo/ros_practice_ws/install/turtlesim_pose/lib/python3.10/site-packages'
[10.253s] Level 1:colcon.colcon_core.environment:checking '/home/yolo/ros_practice_ws/install/turtlesim_pose/bin'
[10.279s] INFO:colcon.colcon_core.shell:Creating package script '/home/yolo/ros_practice_ws/install/turtlesim_pose/share/turtlesim_pose/package.ps1'
[10.280s] INFO:colcon.colcon_core.shell:Creating package descriptor '/home/yolo/ros_practice_ws/install/turtlesim_pose/share/turtlesim_pose/package.dsv'
[10.280s] INFO:colcon.colcon_core.shell:Creating package script '/home/yolo/ros_practice_ws/install/turtlesim_pose/share/turtlesim_pose/package.sh'
[10.281s] INFO:colcon.colcon_core.shell:Creating package script '/home/yolo/ros_practice_ws/install/turtlesim_pose/share/turtlesim_pose/package.bash'
[10.281s] INFO:colcon.colcon_core.shell:Creating package script '/home/yolo/ros_practice_ws/install/turtlesim_pose/share/turtlesim_pose/package.zsh'
[10.282s] Level 1:colcon.colcon_core.environment:create_file_with_runtime_dependencies(/home/yolo/ros_practice_ws/install/turtlesim_pose/share/colcon-core/packages/turtlesim_pose)
[10.292s] DEBUG:colcon.colcon_parallel_executor.executor.parallel:closing loop
[10.293s] DEBUG:colcon.colcon_parallel_executor.executor.parallel:loop closed
[10.293s] DEBUG:colcon.colcon_parallel_executor.executor.parallel:run_until_complete finished with '2'
[10.293s] DEBUG:colcon.colcon_core.event_reactor:joining thread
[10.335s] INFO:colcon.colcon_core.plugin_system:Skipping extension 'colcon_notification.desktop_notification.terminal_notifier': Not used on non-Darwin systems
[10.335s] INFO:colcon.colcon_core.plugin_system:Skipping extension 'colcon_notification.desktop_notification.win32': Not used on non-Windows systems
[10.335s] INFO:colcon.colcon_notification.desktop_notification:Sending desktop notification using 'notify2'
[10.349s] DEBUG:colcon.colcon_core.event_reactor:joined thread
[10.378s] INFO:colcon.colcon_core.shell:Creating prefix script '/home/yolo/ros_practice_ws/install/local_setup.ps1'
[10.379s] INFO:colcon.colcon_core.shell:Creating prefix util module '/home/yolo/ros_practice_ws/install/_local_setup_util_ps1.py'
[10.380s] INFO:colcon.colcon_core.shell:Creating prefix chain script '/home/yolo/ros_practice_ws/install/setup.ps1'
[10.407s] INFO:colcon.colcon_core.shell:Creating prefix script '/home/yolo/ros_practice_ws/install/local_setup.sh'
[10.408s] INFO:colcon.colcon_core.shell:Creating prefix util module '/home/yolo/ros_practice_ws/install/_local_setup_util_sh.py'
[10.408s] INFO:colcon.colcon_core.shell:Creating prefix chain script '/home/yolo/ros_practice_ws/install/setup.sh'
[10.436s] INFO:colcon.colcon_core.shell:Creating prefix script '/home/yolo/ros_practice_ws/install/local_setup.bash'
[10.436s] INFO:colcon.colcon_core.shell:Creating prefix chain script '/home/yolo/ros_practice_ws/install/setup.bash'
[10.463s] INFO:colcon.colcon_core.shell:Creating prefix script '/home/yolo/ros_practice_ws/install/local_setup.zsh'
[10.464s] INFO:colcon.colcon_core.shell:Creating prefix chain script '/home/yolo/ros_practice_ws/install/setup.zsh'
